
-----
Test: tests/test_login.py::test_login[firefox] (call)
Start time: 2026-01-13 21:46:03.150300
Start name method: Регистрация пользователя

End time: 2026-01-13 21:46:28.742049
End name method: login

-----

-----
Test: tests/test_login.py::test_login[firefox] (call)
Start time: 2026-01-13 21:46:28.743052
Start name method: Регистрация пользователя


-----
Test: tests/test_login.py::test_login[webkit] (call)
Start time: 2026-01-13 21:46:31.967172
Start name method: Регистрация пользователя

End time: 2026-01-13 21:46:45.147481
End name method: login

-----

-----
Test: tests/test_login.py::test_login[webkit] (call)
Start time: 2026-01-13 21:46:45.148439
Start name method: Регистрация пользователя


-----
Test: tests/test_login.py::test_login[chromium] (call)
Start time: 2026-01-13 21:46:47.182813
Start name method: Регистрация пользователя

End time: 2026-01-13 21:46:56.847910
End name method: login

-----

-----
Test: tests/test_login.py::test_login[chromium] (call)
Start time: 2026-01-13 21:46:56.848865
Start name method: Регистрация пользователя


-----
Test: tests/test_login2.py::test_hover (call)
Start time: 2026-01-13 21:46:59.181757
Start name method: Проверка, что кнопка неактивна

End time: 2026-01-13 21:47:07.450375
End name method: Кнопка не активна, заголовок изменен

-----
