
-----
Test: tests/test_autofication/test_avtorization.py::test_autorizacia[login_password0] (call)
Start time: 2025-12-16 22:21:31.521966
Start name method: Регистрация пользователя

End time: 2025-12-16 22:21:40.569817
End name method: avtorizacia

-----

-----
Test: tests/test_autofication/test_avtorization.py::test_autorizacia[login_password1] (call)
Start time: 2025-12-16 22:21:42.637454
Start name method: Регистрация пользователя

End time: 2025-12-16 22:21:50.217273
End name method: avtorizacia

-----

-----
Test: tests/test_autofication/test_avtorization.py::test_autorizacia[login_password2] (call)
Start time: 2025-12-16 22:21:52.176439
Start name method: Регистрация пользователя

End time: 2025-12-16 22:22:00.386605
End name method: avtorizacia

-----

-----
Test: tests/test_autofication/test_avtorization.py::test_autorizacia[login_password3] (call)
Start time: 2025-12-16 22:22:02.429094
Start name method: Регистрация пользователя

End time: 2025-12-16 22:22:12.366085
End name method: avtorizacia

-----
