
-----
Test: tests/test_dasbord_grafic.py::test_dashboard[chromium] (call)
Start time: 2025-11-23 15:30:35.860595
Start name method: Страница с дашбордом

End time: 2025-11-23 15:30:42.889790
End name method: Dashboard

-----

-----
Test: tests/test_dasbord_grafic.py::test_dashboard[chromium] (call)
Start time: 2025-11-23 15:30:42.890802
Start name method: Страница с дашбордом

End time: 2025-11-23 15:30:47.978278
End name method: Dashboard

-----

-----
Test: tests/test_dasbord_grafic.py::test_dashboard[firefox] (call)
Start time: 2025-11-23 15:30:53.712814
Start name method: Страница с дашбордом

End time: 2025-11-23 15:31:01.050229
End name method: Dashboard

-----

-----
Test: tests/test_dasbord_grafic.py::test_dashboard[firefox] (call)
Start time: 2025-11-23 15:31:01.051221
Start name method: Страница с дашбордом

End time: 2025-11-23 15:31:06.156827
End name method: Dashboard

-----
