
-----
Test: tests/test_dasbord_grafic.py::test_dashboard[chromium] (call)
Start time: 2025-11-23 15:31:49.248738
Start name method: Страница с дашбордом

End time: 2025-11-23 15:31:57.012051
End name method: Dashboard

-----

-----
Test: tests/test_dasbord_grafic.py::test_dashboard[chromium] (call)
Start time: 2025-11-23 15:31:57.013052
Start name method: Страница с дашбордом

End time: 2025-11-23 15:32:02.103487
End name method: Dashboard

-----

-----
Test: tests/test_dasbord_grafic.py::test_dashboard[firefox] (call)
Start time: 2025-11-23 15:32:07.588051
Start name method: Страница с дашбордом

End time: 2025-11-23 15:32:16.258029
End name method: Dashboard

-----

-----
Test: tests/test_dasbord_grafic.py::test_dashboard[firefox] (call)
Start time: 2025-11-23 15:32:16.259024
Start name method: Страница с дашбордом

End time: 2025-11-23 15:32:21.366399
End name method: Dashboard

-----
