
-----
Test: tests/test_my_nalog_avtorizacia.py::test_reg_my_nalog[chromium-login_password0] (call)
Start time: 2025-11-16 10:02:16.127422
Start name method: Регистрация пользователя my nalog


-----
Test: tests/test_my_nalog_avtorizacia.py::test_reg_my_nalog[chromium-login_password1] (call)
Start time: 2025-11-16 10:02:48.731512
Start name method: Регистрация пользователя my nalog


-----
Test: tests/test_my_nalog_avtorizacia.py::test_reg_my_nalog[chromium-login_password2] (call)
Start time: 2025-11-16 10:03:21.604464
Start name method: Регистрация пользователя my nalog


-----
Test: tests/test_my_nalog_avtorizacia.py::test_reg_my_nalog[chromium-login_password3] (call)
Start time: 2025-11-16 10:03:54.144183
Start name method: Регистрация пользователя my nalog


-----
Test: tests/test_my_nalog_avtorizacia.py::test_reg_my_nalog[firefox-login_password0] (call)
Start time: 2025-11-16 10:03:59.298605
Start name method: Регистрация пользователя my nalog


-----
Test: tests/test_my_nalog_avtorizacia.py::test_reg_my_nalog[firefox-login_password1] (call)
Start time: 2025-11-16 10:04:04.217431
Start name method: Регистрация пользователя my nalog


-----
Test: tests/test_my_nalog_avtorizacia.py::test_reg_my_nalog[firefox-login_password2] (call)
Start time: 2025-11-16 10:04:09.026691
Start name method: Регистрация пользователя my nalog


-----
Test: tests/test_my_nalog_avtorizacia.py::test_reg_my_nalog[firefox-login_password3] (call)
Start time: 2025-11-16 10:04:13.866630
Start name method: Регистрация пользователя my nalog

