
-----
Test: tests/test_create_course.py::test_created_course[firefox] (call)
Start time: 2026-01-14 13:56:12.189847
Start name method: Created course

End time: 2026-01-14 13:56:17.162219
End name method: Created coursed

-----

-----
Test: tests/test_create_course.py::test_created_course[webkit] (call)
Start time: 2026-01-14 13:56:20.763395
Start name method: Created course

End time: 2026-01-14 13:56:27.495365
End name method: Created coursed

-----

-----
Test: tests/test_create_course.py::test_created_course[chromium] (call)
Start time: 2026-01-14 13:56:30.206128
Start name method: Created course

End time: 2026-01-14 13:56:32.900900
End name method: Created coursed

-----
