
-----
Test: tests/test_dasbord_grafic.py::test_dashboard[chromium] (call)
Start time: 2025-11-23 15:46:35.451409
Start name method: Страница с дашбордом

End time: 2025-11-23 15:46:42.553309
End name method: Dashboard

-----

-----
Test: tests/test_dasbord_grafic.py::test_dashboard[chromium] (call)
Start time: 2025-11-23 15:46:42.553863
Start name method: Страница с дашбордом

End time: 2025-11-23 15:46:47.640111
End name method: Dashboard

-----

-----
Test: tests/test_dasbord_grafic.py::test_dashboard[firefox] (call)
Start time: 2025-11-23 15:46:53.294582
Start name method: Страница с дашбордом

End time: 2025-11-23 15:46:59.596121
End name method: Dashboard

-----

-----
Test: tests/test_dasbord_grafic.py::test_dashboard[firefox] (call)
Start time: 2025-11-23 15:46:59.596121
Start name method: Страница с дашбордом

End time: 2025-11-23 15:47:04.702696
End name method: Dashboard

-----
