
-----
Test: tests/test_my_nalog_avtorizacia.py::test_reg_my_nalog[chromium-login_password0] (call)
Start time: 2025-11-16 10:04:57.414477
Start name method: Регистрация пользователя my nalog


-----
Test: tests/test_my_nalog_avtorizacia.py::test_reg_my_nalog[chromium-login_password1] (call)
Start time: 2025-11-16 10:05:30.585135
Start name method: Регистрация пользователя my nalog


-----
Test: tests/test_my_nalog_avtorizacia.py::test_reg_my_nalog[chromium-login_password2] (call)
Start time: 2025-11-16 10:06:03.379547
Start name method: Регистрация пользователя my nalog


-----
Test: tests/test_my_nalog_avtorizacia.py::test_reg_my_nalog[chromium-login_password3] (call)
Start time: 2025-11-16 10:06:08.473752
Start name method: Регистрация пользователя my nalog


-----
Test: tests/test_my_nalog_avtorizacia.py::test_reg_my_nalog[firefox-login_password0] (call)
Start time: 2025-11-16 10:06:13.450856
Start name method: Регистрация пользователя my nalog


-----
Test: tests/test_my_nalog_avtorizacia.py::test_reg_my_nalog[firefox-login_password1] (call)
Start time: 2025-11-16 10:06:18.523379
Start name method: Регистрация пользователя my nalog


-----
Test: tests/test_my_nalog_avtorizacia.py::test_reg_my_nalog[firefox-login_password2] (call)
Start time: 2025-11-16 10:06:23.338257
Start name method: Регистрация пользователя my nalog


-----
Test: tests/test_my_nalog_avtorizacia.py::test_reg_my_nalog[firefox-login_password3] (call)
Start time: 2025-11-16 10:06:28.220245
Start name method: Регистрация пользователя my nalog

