
-----
Test: tests/test_autofication/test_avtorization.py::test_autorizacia[login_password0] (call)
Start time: 2025-12-18 21:48:12.066646
Start name method: Регистрация пользователя

End time: 2025-12-18 21:48:23.575436
End name method: avtorizacia

-----

-----
Test: tests/test_autofication/test_avtorization.py::test_autorizacia[login_password1] (call)
Start time: 2025-12-18 21:48:25.911506
Start name method: Регистрация пользователя

End time: 2025-12-18 21:48:33.610724
End name method: avtorizacia

-----

-----
Test: tests/test_autofication/test_avtorization.py::test_autorizacia[login_password2] (call)
Start time: 2025-12-18 21:48:35.970741
Start name method: Регистрация пользователя

End time: 2025-12-18 21:48:49.374354
End name method: avtorizacia

-----

-----
Test: tests/test_autofication/test_avtorization.py::test_autorizacia[login_password3] (call)
Start time: 2025-12-18 21:48:51.725902
Start name method: Регистрация пользователя

End time: 2025-12-18 21:49:08.003905
End name method: avtorizacia

-----

-----
Test: tests/test_course.py::test_cousesed[chromium] (call)
Start time: 2025-12-18 21:49:10.762805
Start name method: course

End time: 2025-12-18 21:49:14.184395
End name method: Coursed

-----

-----
Test: tests/test_course.py::test_cousesed[firefox] (call)
Start time: 2025-12-18 21:49:21.547651
Start name method: course

End time: 2025-12-18 21:49:27.212539
End name method: Coursed

-----

-----
Test: tests/test_create_course.py::test_created_course[chromium] (call)
Start time: 2025-12-18 21:49:30.394268
Start name method: Created course

End time: 2025-12-18 21:49:33.889000
End name method: Created coursed

-----

-----
Test: tests/test_create_course.py::test_created_course[firefox] (call)
Start time: 2025-12-18 21:49:39.482759
Start name method: Created course

End time: 2025-12-18 21:49:51.027412
End name method: Created coursed

-----

-----
Test: tests/test_dasbord_grafic.py::test_dashboard[chromium] (call)
Start time: 2025-12-18 21:49:54.120635
Start name method: Страница с дашбордом

End time: 2025-12-18 21:50:01.313833
End name method: Dashboard

-----

-----
Test: tests/test_dasbord_grafic.py::test_dashboard[chromium] (call)
Start time: 2025-12-18 21:50:01.314647
Start name method: Страница с дашбордом

End time: 2025-12-18 21:50:06.415130
End name method: Dashboard

-----

-----
Test: tests/test_dasbord_grafic.py::test_dashboard[firefox] (call)
Start time: 2025-12-18 21:50:12.122530
Start name method: Страница с дашбордом

End time: 2025-12-18 21:50:21.238792
End name method: Dashboard

-----

-----
Test: tests/test_dasbord_grafic.py::test_dashboard[firefox] (call)
Start time: 2025-12-18 21:50:21.239445
Start name method: Страница с дашбордом

End time: 2025-12-18 21:50:26.414197
End name method: Dashboard

-----

-----
Test: tests/test_desabled.py::test_desabled (call)
Start time: 2025-12-18 21:50:29.155805
Start name method: Проверка, что кнопка неактивна

End time: 2025-12-18 21:50:38.585660
End name method: Кнопка не активна, заголовок изменен

-----

-----
Test: tests/test_hover.py::test_hover (call)
Start time: 2025-12-18 21:50:40.796314
Start name method: Наведение мышки на кнопку Регистрация

End time: 2025-12-18 21:50:49.777427
End name method: hover

-----

-----
Test: tests/test_list_bar_dasboards.py::test_list_menu[chromium] (call)
Start time: 2025-12-18 21:50:52.335491
Start name method: Dasboards

End time: 2025-12-18 21:51:01.332746
End name method: Dasboards

-----

-----
Test: tests/test_list_bar_dasboards.py::test_list_menu[chromium] (call)
Start time: 2025-12-18 21:51:01.333850
Start name method: Courses

End time: 2025-12-18 21:51:06.611933
End name method: Courses

-----

-----
Test: tests/test_list_bar_dasboards.py::test_list_menu[chromium] (call)
Start time: 2025-12-18 21:51:06.612777
Start name method: Logout

End time: 2025-12-18 21:51:11.807399
End name method: Logout

-----

-----
Test: tests/test_list_bar_dasboards.py::test_list_menu[firefox] (call)
Start time: 2025-12-18 21:51:17.426189
Start name method: Dasboards

End time: 2025-12-18 21:51:25.370296
End name method: Dasboards

-----

-----
Test: tests/test_list_bar_dasboards.py::test_list_menu[firefox] (call)
Start time: 2025-12-18 21:51:25.371350
Start name method: Courses

End time: 2025-12-18 21:51:30.722310
End name method: Courses

-----

-----
Test: tests/test_list_bar_dasboards.py::test_list_menu[firefox] (call)
Start time: 2025-12-18 21:51:30.723342
Start name method: Logout

End time: 2025-12-18 21:51:36.094964
End name method: Logout

-----

-----
Test: tests/test_login.py::test_login[chromium] (call)
Start time: 2025-12-18 21:51:38.914296
Start name method: Регистрация пользователя

End time: 2025-12-18 21:51:48.579563
End name method: login

-----

-----
Test: tests/test_login.py::test_login[chromium] (call)
Start time: 2025-12-18 21:51:48.580434
Start name method: Регистрация пользователя

End time: 2025-12-18 21:51:53.786426
End name method: avtorizacia

-----

-----
Test: tests/test_login.py::test_login[firefox] (call)
Start time: 2025-12-18 21:51:58.736161
Start name method: Регистрация пользователя

End time: 2025-12-18 21:52:08.400575
End name method: login

-----

-----
Test: tests/test_login.py::test_login[firefox] (call)
Start time: 2025-12-18 21:52:08.401433
Start name method: Регистрация пользователя

End time: 2025-12-18 21:52:13.820752
End name method: avtorizacia

-----

-----
Test: tests/test_login2.py::test_hover (call)
Start time: 2025-12-18 21:52:16.794516
Start name method: Проверка, что кнопка неактивна

End time: 2025-12-18 21:52:25.366956
End name method: Кнопка не активна, заголовок изменен

-----

-----
Test: tests/test_my_nalog_avtorizacia.py::test_reg_my_nalog[chromium-login_password0] (call)
Start time: 2025-12-18 21:52:27.573291
Start name method: Регистрация пользователя my nalog


-----
Test: tests/test_my_nalog_avtorizacia.py::test_reg_my_nalog[chromium-login_password1] (call)
Start time: 2025-12-18 21:52:51.387826
Start name method: Регистрация пользователя my nalog


-----
Test: tests/test_my_nalog_avtorizacia.py::test_reg_my_nalog[chromium-login_password2] (call)
Start time: 2025-12-18 21:53:15.382292
Start name method: Регистрация пользователя my nalog


-----
Test: tests/test_my_nalog_avtorizacia.py::test_reg_my_nalog[chromium-login_password3] (call)
Start time: 2025-12-18 21:53:39.090161
Start name method: Регистрация пользователя my nalog


-----
Test: tests/test_my_nalog_avtorizacia.py::test_reg_my_nalog[firefox-login_password0] (call)
Start time: 2025-12-18 21:54:05.428824
Start name method: Регистрация пользователя my nalog


-----
Test: tests/test_my_nalog_avtorizacia.py::test_reg_my_nalog[firefox-login_password1] (call)
Start time: 2025-12-18 21:54:33.081082
Start name method: Регистрация пользователя my nalog


-----
Test: tests/test_my_nalog_avtorizacia.py::test_reg_my_nalog[firefox-login_password2] (call)
Start time: 2025-12-18 21:55:00.656111
Start name method: Регистрация пользователя my nalog


-----
Test: tests/test_my_nalog_avtorizacia.py::test_reg_my_nalog[firefox-login_password3] (call)
Start time: 2025-12-18 21:55:28.306682
Start name method: Регистрация пользователя my nalog


-----
Test: tests/test_my_nalog_avtorizacia_res.py::test_register (call)
Start time: 2025-12-18 21:55:53.236912
Start name method: register


-----
Test: tests/test_reg_hw.py::test_reg_hw (call)
Start time: 2025-12-18 21:56:17.257122
Start name method: register

End time: 2025-12-18 21:56:26.805282
End name method: Пользователь зарегистрирован

-----

-----
Test: tests/test_reg_hw_res.py::test_register (call)
Start time: 2025-12-18 21:56:29.373890
Start name method: register

End time: 2025-12-18 21:56:37.555727
End name method: Пользователь залогинен

-----

-----
Test: tests/test_registration.py::test_register1 (call)
Start time: 2025-12-18 21:56:39.736875
Start name method: register

End time: 2025-12-18 21:56:43.968390
End name method: Пользователь зарегистрирован

-----

-----
Test: tests/test_res_register.py::test_register (call)
Start time: 2025-12-18 21:56:52.254959
Start name method: register

End time: 2025-12-18 21:57:03.207330
End name method: Пользователь зарегистрирован

-----
