
-----
Test: tests/test_avtorization.py::test_autorizacia[login_password0] (call)
Start time: 2025-12-16 13:39:52.759001
Start name method: Регистрация пользователя

End time: 2025-12-16 13:40:04.179159
End name method: avtorizacia

-----

-----
Test: tests/test_avtorization.py::test_autorizacia[login_password1] (call)
Start time: 2025-12-16 13:40:06.273515
Start name method: Регистрация пользователя

End time: 2025-12-16 13:40:12.995660
End name method: avtorizacia

-----

-----
Test: tests/test_avtorization.py::test_autorizacia[login_password2] (call)
Start time: 2025-12-16 13:40:15.118429
Start name method: Регистрация пользователя

End time: 2025-12-16 13:40:21.866200
End name method: avtorizacia

-----

-----
Test: tests/test_avtorization.py::test_autorizacia[login_password3] (call)
Start time: 2025-12-16 13:40:23.817104
Start name method: Регистрация пользователя

End time: 2025-12-16 13:40:35.698599
End name method: avtorizacia

-----

-----
Test: tests/test_course.py::test_cousesed[chromium] (call)
Start time: 2025-12-16 13:40:38.116128
Start name method: course

End time: 2025-12-16 13:40:42.274045
End name method: Coursed

-----

-----
Test: tests/test_course.py::test_cousesed[firefox] (call)
Start time: 2025-12-16 13:40:48.838332
Start name method: course

End time: 2025-12-16 13:40:53.656265
End name method: Coursed

-----

-----
Test: tests/test_create_course.py::test_created_course[chromium] (call)
Start time: 2025-12-16 13:40:56.026291
Start name method: Created course

End time: 2025-12-16 13:40:58.329367
End name method: Created coursed

-----

-----
Test: tests/test_create_course.py::test_created_course[firefox] (call)
Start time: 2025-12-16 13:41:02.540042
Start name method: Created course

End time: 2025-12-16 13:41:05.160767
End name method: Created coursed

-----

-----
Test: tests/test_dasbord_grafic.py::test_dashboard[chromium] (call)
Start time: 2025-12-16 13:41:07.727732
Start name method: Страница с дашбордом

End time: 2025-12-16 13:41:13.969372
End name method: Dashboard

-----

-----
Test: tests/test_dasbord_grafic.py::test_dashboard[chromium] (call)
Start time: 2025-12-16 13:41:13.970117
Start name method: Страница с дашбордом

End time: 2025-12-16 13:41:19.092912
End name method: Dashboard

-----

-----
Test: tests/test_dasbord_grafic.py::test_dashboard[firefox] (call)
Start time: 2025-12-16 13:41:24.552101
Start name method: Страница с дашбордом

End time: 2025-12-16 13:41:31.331441
End name method: Dashboard

-----

-----
Test: tests/test_dasbord_grafic.py::test_dashboard[firefox] (call)
Start time: 2025-12-16 13:41:31.332075
Start name method: Страница с дашбордом

End time: 2025-12-16 13:41:36.461921
End name method: Dashboard

-----

-----
Test: tests/test_desabled.py::test_desabled (call)
Start time: 2025-12-16 13:41:39.149660
Start name method: Проверка, что кнопка неактивна

End time: 2025-12-16 13:41:46.521194
End name method: Кнопка не активна, заголовок изменен

-----

-----
Test: tests/test_hover.py::test_hover (call)
Start time: 2025-12-16 13:41:48.532910
Start name method: Наведение мышки на кнопку Регистрация

End time: 2025-12-16 13:41:55.038834
End name method: hover

-----

-----
Test: tests/test_list_bar_dasboards.py::test_list_menu[chromium] (call)
Start time: 2025-12-16 13:41:57.265342
Start name method: Dasboards

End time: 2025-12-16 13:42:04.043319
End name method: Dasboards

-----

-----
Test: tests/test_list_bar_dasboards.py::test_list_menu[chromium] (call)
Start time: 2025-12-16 13:42:04.044356
Start name method: Courses

End time: 2025-12-16 13:42:09.566296
End name method: Courses

-----

-----
Test: tests/test_list_bar_dasboards.py::test_list_menu[chromium] (call)
Start time: 2025-12-16 13:42:09.567071
Start name method: Logout

End time: 2025-12-16 13:42:14.770714
End name method: Logout

-----

-----
Test: tests/test_list_bar_dasboards.py::test_list_menu[firefox] (call)
Start time: 2025-12-16 13:42:20.099941
Start name method: Dasboards

End time: 2025-12-16 13:42:27.243583
End name method: Dasboards

-----

-----
Test: tests/test_list_bar_dasboards.py::test_list_menu[firefox] (call)
Start time: 2025-12-16 13:42:27.244664
Start name method: Courses

End time: 2025-12-16 13:42:32.601217
End name method: Courses

-----

-----
Test: tests/test_list_bar_dasboards.py::test_list_menu[firefox] (call)
Start time: 2025-12-16 13:42:32.602188
Start name method: Logout

End time: 2025-12-16 13:42:37.968443
End name method: Logout

-----

-----
Test: tests/test_login.py::test_login[chromium] (call)
Start time: 2025-12-16 13:42:40.686779
Start name method: Регистрация пользователя

End time: 2025-12-16 13:42:48.248185
End name method: login

-----

-----
Test: tests/test_login.py::test_login[chromium] (call)
Start time: 2025-12-16 13:42:48.248887
Start name method: Регистрация пользователя

End time: 2025-12-16 13:42:53.434988
End name method: avtorizacia

-----

-----
Test: tests/test_login.py::test_login[firefox] (call)
Start time: 2025-12-16 13:42:58.217255
Start name method: Регистрация пользователя

End time: 2025-12-16 13:43:06.422710
End name method: login

-----

-----
Test: tests/test_login.py::test_login[firefox] (call)
Start time: 2025-12-16 13:43:06.423818
Start name method: Регистрация пользователя

End time: 2025-12-16 13:43:11.803630
End name method: avtorizacia

-----

-----
Test: tests/test_login2.py::test_hover (call)
Start time: 2025-12-16 13:43:14.448899
Start name method: Проверка, что кнопка неактивна

End time: 2025-12-16 13:43:22.177349
End name method: Кнопка не активна, заголовок изменен

-----

-----
Test: tests/test_my_nalog_avtorizacia.py::test_reg_my_nalog[chromium-login_password0] (call)
Start time: 2025-12-16 13:43:24.107231
Start name method: Регистрация пользователя my nalog

End time: 2025-12-16 13:43:30.387858
End name method: login

-----

-----
Test: tests/test_my_nalog_avtorizacia.py::test_reg_my_nalog[chromium-login_password1] (call)
Start time: 2025-12-16 13:43:32.486892
Start name method: Регистрация пользователя my nalog

End time: 2025-12-16 13:43:38.958384
End name method: login

-----

-----
Test: tests/test_my_nalog_avtorizacia.py::test_reg_my_nalog[chromium-login_password2] (call)
Start time: 2025-12-16 13:43:40.956783
Start name method: Регистрация пользователя my nalog

End time: 2025-12-16 13:43:46.917681
End name method: login

-----

-----
Test: tests/test_my_nalog_avtorizacia.py::test_reg_my_nalog[chromium-login_password3] (call)
Start time: 2025-12-16 13:43:48.860982
Start name method: Регистрация пользователя my nalog

End time: 2025-12-16 13:43:54.912070
End name method: login

-----

-----
Test: tests/test_my_nalog_avtorizacia.py::test_reg_my_nalog[firefox-login_password0] (call)
Start time: 2025-12-16 13:43:59.552399
Start name method: Регистрация пользователя my nalog

End time: 2025-12-16 13:44:06.435242
End name method: login

-----

-----
Test: tests/test_my_nalog_avtorizacia.py::test_reg_my_nalog[firefox-login_password1] (call)
Start time: 2025-12-16 13:44:11.907523
Start name method: Регистрация пользователя my nalog

End time: 2025-12-16 13:44:18.925900
End name method: login

-----

-----
Test: tests/test_my_nalog_avtorizacia.py::test_reg_my_nalog[firefox-login_password2] (call)
Start time: 2025-12-16 13:44:25.400957
Start name method: Регистрация пользователя my nalog

End time: 2025-12-16 13:44:32.223408
End name method: login

-----

-----
Test: tests/test_my_nalog_avtorizacia.py::test_reg_my_nalog[firefox-login_password3] (call)
Start time: 2025-12-16 13:44:37.543606
Start name method: Регистрация пользователя my nalog

End time: 2025-12-16 13:44:44.165110
End name method: login

-----

-----
Test: tests/test_my_nalog_avtorizacia_res.py::test_register (call)
Start time: 2025-12-16 13:44:46.805413
Start name method: register


-----
Test: tests/test_reg_hw.py::test_reg_hw (call)
Start time: 2025-12-16 13:44:55.429644
Start name method: register

End time: 2025-12-16 13:45:03.000799
End name method: Пользователь зарегистрирован

-----

-----
Test: tests/test_reg_hw_res.py::test_register (call)
Start time: 2025-12-16 13:45:05.136653
Start name method: register

End time: 2025-12-16 13:45:12.440695
End name method: Пользователь залогинен

-----

-----
Test: tests/test_registration.py::test_register1 (call)
Start time: 2025-12-16 13:45:14.293407
Start name method: register

End time: 2025-12-16 13:45:16.929975
End name method: Пользователь зарегистрирован

-----

-----
Test: tests/test_res_register.py::test_register (call)
Start time: 2025-12-16 13:45:18.976543
Start name method: register

End time: 2025-12-16 13:45:27.503249
End name method: Пользователь зарегистрирован

-----
