
-----
Test: tests/test_reg_hw_res.py::test_register (call)
Start time: 2025-11-06 11:16:14.990930
Start name method: register

End time: 2025-11-06 11:16:22.404660
End name method: Пользователь залогинен

-----

-----
Test: tests/test_registration.py::test_register (call)
Start time: 2025-11-06 11:16:24.850709
Start name method: register

End time: 2025-11-06 11:16:31.774917
End name method: Пользователь зарегистрирован

-----

-----
Test: tests/test_res_register.py::test_register (call)
Start time: 2025-11-06 11:16:34.304157
Start name method: register

End time: 2025-11-06 11:16:43.217572
End name method: Пользователь зарегистрирован

-----
