
-----
Test: tests/test_autofication/test_avtorization.py::test_autorizacia[webkit-login_password2] (call)
Start time: 2026-02-10 14:59:21.780494
Start name method: Регистрация пользователя


-----
Test: tests/test_autofication/test_avtorization.py::test_autorizacia[firefox-login_password0] (call)
Start time: 2026-02-10 14:59:23.239580
Start name method: Регистрация пользователя


-----
Test: tests/test_autofication/test_avtorization.py::test_autorizacia[firefox-login_password3] (call)
Start time: 2026-02-10 14:59:24.161953
Start name method: Регистрация пользователя

End time: 2026-02-10 14:59:29.092616
End name method: avtorizacia

-----

-----
Test: tests/test_autofication/test_avtorization.py::test_autorizacia[webkit-login_password3] (call)
Start time: 2026-02-10 14:59:30.203050
Start name method: Регистрация пользователя

End time: 2026-02-10 14:59:30.979958
End name method: avtorizacia

-----
End time: 2026-02-10 14:59:31.856160
End name method: avtorizacia

-----

-----
Test: tests/test_autofication/test_avtorization.py::test_autorizacia[webkit-login_password0] (call)
Start time: 2026-02-10 14:59:34.048797
Start name method: Регистрация пользователя


-----
Test: tests/test_autofication/test_avtorization.py::test_autorizacia[firefox-login_password1] (call)
Start time: 2026-02-10 14:59:34.818148
Start name method: Регистрация пользователя

End time: 2026-02-10 14:59:36.891942
End name method: avtorizacia

-----

-----
Test: tests/test_autofication/test_avtorization.py::test_autorizacia[chromium-login_password0] (call)
Start time: 2026-02-10 14:59:38.033395
Start name method: Регистрация пользователя

End time: 2026-02-10 14:59:41.017335
End name method: avtorizacia

-----
End time: 2026-02-10 14:59:42.123311
End name method: avtorizacia

-----

-----
Test: tests/test_autofication/test_avtorization.py::test_autorizacia[webkit-login_password1] (call)
Start time: 2026-02-10 14:59:42.130909
Start name method: Регистрация пользователя

End time: 2026-02-10 14:59:44.245651
End name method: avtorizacia

-----

-----
Test: tests/test_autofication/test_avtorization.py::test_autorizacia[chromium-login_password1] (call)
Start time: 2026-02-10 14:59:45.547616
Start name method: Регистрация пользователя


-----
Test: tests/test_autofication/test_avtorization.py::test_autorizacia[firefox-login_password2] (call)
Start time: 2026-02-10 14:59:46.350801
Start name method: Регистрация пользователя

End time: 2026-02-10 14:59:48.705448
End name method: avtorizacia

-----

-----
Test: tests/test_course.py::test_cousesed[chromium] (call)
Start time: 2026-02-10 14:59:49.821815
Start name method: course

End time: 2026-02-10 14:59:51.226394
End name method: Coursed

-----
End time: 2026-02-10 14:59:51.914169
End name method: avtorizacia

-----

-----
Test: tests/test_autofication/test_avtorization.py::test_autorizacia[chromium-login_password2] (call)
Start time: 2026-02-10 14:59:53.083427
Start name method: Регистрация пользователя

End time: 2026-02-10 14:59:53.357895
End name method: avtorizacia

-----

-----
Test: tests/test_create_course.py::test_created_course[firefox] (call)
Start time: 2026-02-10 14:59:55.149636
Start name method: Created course

End time: 2026-02-10 14:59:57.815032
End name method: Created coursed

-----

-----
Test: tests/test_dasbord_grafic.py::test_dashboard[firefox] (call)
Start time: 2026-02-10 14:59:58.983993
Start name method: Страница с дашбордом

End time: 2026-02-10 14:59:59.533630
End name method: avtorizacia

-----

-----
Test: tests/test_create_course.py::test_created_course[webkit] (call)
Start time: 2026-02-10 15:00:00.807841
Start name method: Created course


-----
Test: tests/test_autofication/test_avtorization.py::test_autorizacia[chromium-login_password3] (call)
Start time: 2026-02-10 15:00:01.063045
Start name method: Регистрация пользователя

End time: 2026-02-10 15:00:04.586418
End name method: Created coursed

-----

-----
Test: tests/test_create_course.py::test_created_course[chromium] (call)
Start time: 2026-02-10 15:00:05.657834
Start name method: Created course

End time: 2026-02-10 15:00:05.957928
End name method: Dashboard

-----
End time: 2026-02-10 15:00:07.533899
End name method: Created coursed

-----
End time: 2026-02-10 15:00:07.600907
End name method: avtorizacia

-----

-----
Test: tests/test_dasbord_grafic.py::test_dashboard[webkit] (call)
Start time: 2026-02-10 15:00:08.762618
Start name method: Страница с дашбордом


-----
Test: tests/test_desabled.py::test_desabled (call)
Start time: 2026-02-10 15:00:08.923278
Start name method: Проверка, что кнопка неактивна


-----
Test: tests/test_course.py::test_cousesed[firefox] (call)
Start time: 2026-02-10 15:00:11.303609
Start name method: course

End time: 2026-02-10 15:00:12.853634
End name method: Coursed

-----
End time: 2026-02-10 15:00:15.118495
End name method: Dashboard

-----

-----
Test: tests/test_course.py::test_cousesed[webkit] (call)
Start time: 2026-02-10 15:00:15.232593
Start name method: course

End time: 2026-02-10 15:00:15.824760
End name method: Кнопка не активна, заголовок изменен

-----

-----
Test: tests/test_dasbord_grafic.py::test_dashboard[chromium] (call)
Start time: 2026-02-10 15:00:16.485944
Start name method: Страница с дашбордом

End time: 2026-02-10 15:00:16.801577
End name method: Coursed

-----

-----
Test: tests/test_hover.py::test_hover (call)
Start time: 2026-02-10 15:00:17.183397
Start name method: Наведение мышки на кнопку Регистрация


-----
Test: tests/test_list_bar_dasboards.py::test_list_menu[webkit] (call)
Start time: 2026-02-10 15:00:18.847878
Start name method: Dasboards

End time: 2026-02-10 15:00:22.671120
End name method: Dashboard

-----
End time: 2026-02-10 15:00:23.319592
End name method: hover

-----

-----
Test: tests/test_login.py::test_login[firefox] (call)
Start time: 2026-02-10 15:00:25.566163
Start name method: Регистрация пользователя

End time: 2026-02-10 15:00:26.942978
End name method: Dasboards

-----

-----
Test: tests/test_list_bar_dasboards.py::test_list_menu[webkit] (call)
Start time: 2026-02-10 15:00:26.943527
Start name method: Courses


-----
Test: tests/test_list_bar_dasboards.py::test_list_menu[firefox] (call)
Start time: 2026-02-10 15:00:27.298486
Start name method: Dasboards

End time: 2026-02-10 15:00:32.767030
End name method: Courses

-----

-----
Test: tests/test_list_bar_dasboards.py::test_list_menu[webkit] (call)
Start time: 2026-02-10 15:00:32.767691
Start name method: Logout

End time: 2026-02-10 15:00:34.155173
End name method: login

-----

-----
Test: tests/test_login.py::test_login[firefox] (call)
Start time: 2026-02-10 15:00:34.155696
Start name method: Регистрация пользователя

End time: 2026-02-10 15:00:34.942464
End name method: Dasboards

-----

-----
Test: tests/test_list_bar_dasboards.py::test_list_menu[firefox] (call)
Start time: 2026-02-10 15:00:34.943121
Start name method: Courses

End time: 2026-02-10 15:00:39.582517
End name method: avtorizacia

-----
End time: 2026-02-10 15:00:39.757365
End name method: Logout

-----
End time: 2026-02-10 15:00:40.362924
End name method: Courses

-----

-----
Test: tests/test_list_bar_dasboards.py::test_list_menu[firefox] (call)
Start time: 2026-02-10 15:00:40.363613
Start name method: Logout


-----
Test: tests/test_list_bar_dasboards.py::test_list_menu[chromium] (call)
Start time: 2026-02-10 15:00:41.449289
Start name method: Dasboards


-----
Test: tests/test_login.py::test_login[webkit] (call)
Start time: 2026-02-10 15:00:42.113559
Start name method: Регистрация пользователя

End time: 2026-02-10 15:00:45.902057
End name method: Logout

-----

-----
Test: tests/test_login.py::test_login[chromium] (call)
Start time: 2026-02-10 15:00:47.810509
Start name method: Регистрация пользователя

End time: 2026-02-10 15:00:47.903906
End name method: Dasboards

-----

-----
Test: tests/test_list_bar_dasboards.py::test_list_menu[chromium] (call)
Start time: 2026-02-10 15:00:47.904617
Start name method: Courses

End time: 2026-02-10 15:00:51.193999
End name method: login

-----

-----
Test: tests/test_login.py::test_login[webkit] (call)
Start time: 2026-02-10 15:00:51.194732
Start name method: Регистрация пользователя

End time: 2026-02-10 15:00:53.221872
End name method: Courses

-----

-----
Test: tests/test_list_bar_dasboards.py::test_list_menu[chromium] (call)
Start time: 2026-02-10 15:00:53.222495
Start name method: Logout

End time: 2026-02-10 15:00:54.545559
End name method: login

-----

-----
Test: tests/test_login.py::test_login[chromium] (call)
Start time: 2026-02-10 15:00:54.546220
Start name method: Регистрация пользователя

End time: 2026-02-10 15:00:57.062144
End name method: avtorizacia

-----

-----
Test: tests/test_reg_hw.py::test_reg_hw (call)
Start time: 2026-02-10 15:00:58.050668
Start name method: register

End time: 2026-02-10 15:00:58.512904
End name method: Logout

-----

-----
Test: tests/test_login2.py::test_hover (call)
Start time: 2026-02-10 15:00:59.606789
Start name method: Проверка, что кнопка неактивна

End time: 2026-02-10 15:00:59.790614
End name method: avtorizacia

-----

-----
Test: tests/test_registration.py::test_register1[webkit] (call)
Start time: 2026-02-10 15:01:01.191944
Start name method: register

End time: 2026-02-10 15:01:03.054285
End name method: Пользователь зарегистрирован

-----

-----
Test: tests/test_registration.py::test_register1[chromium] (call)
Start time: 2026-02-10 15:01:03.994401
Start name method: register

End time: 2026-02-10 15:01:04.884942
End name method: Пользователь зарегистрирован

-----
End time: 2026-02-10 15:01:05.557407
End name method: Пользователь зарегистрирован

-----

-----
Test: tests/test_reg_hw_res.py::test_register (call)
Start time: 2026-02-10 15:01:06.000654
Start name method: register

End time: 2026-02-10 15:01:06.488892
End name method: Кнопка не активна, заголовок изменен

-----

-----
Test: tests/test_res_register.py::test_register (call)
Start time: 2026-02-10 15:01:06.850987
Start name method: register


-----
Test: tests/test_registration.py::test_register1[firefox] (call)
Start time: 2026-02-10 15:01:08.974915
Start name method: register

End time: 2026-02-10 15:01:11.050367
End name method: Пользователь зарегистрирован

-----
End time: 2026-02-10 15:01:12.722200
End name method: Пользователь залогинен

-----
End time: 2026-02-10 15:01:13.959092
End name method: Пользователь зарегистрирован

-----
