
-----
Test: tests/test_login.py::test_login[chromium] (call)
Start time: 2025-12-23 21:34:55.831222
Start name method: Регистрация пользователя

End time: 2025-12-23 21:35:04.655851
End name method: login

-----

-----
Test: tests/test_login.py::test_login[chromium] (call)
Start time: 2025-12-23 21:35:04.656783
Start name method: Регистрация пользователя

End time: 2025-12-23 21:35:09.863277
End name method: avtorizacia

-----

-----
Test: tests/test_login.py::test_login[firefox] (call)
Start time: 2025-12-23 21:35:15.426513
Start name method: Регистрация пользователя

End time: 2025-12-23 21:35:27.010053
End name method: login

-----

-----
Test: tests/test_login.py::test_login[firefox] (call)
Start time: 2025-12-23 21:35:27.011013
Start name method: Регистрация пользователя

End time: 2025-12-23 21:35:32.403674
End name method: avtorizacia

-----

-----
Test: tests/test_login2.py::test_hover (call)
Start time: 2025-12-23 21:35:35.327797
Start name method: Проверка, что кнопка неактивна

End time: 2025-12-23 21:35:43.049086
End name method: Кнопка не активна, заголовок изменен

-----
