
-----
Test: tests/test_autofication/test_avtorization.py::test_autorizacia[webkit-login_password2] (call)
Start time: 2026-02-09 14:58:56.348331
Start name method: Регистрация пользователя


-----
Test: tests/test_autofication/test_avtorization.py::test_autorizacia[firefox-login_password3] (call)
Start time: 2026-02-09 14:58:58.175872
Start name method: Регистрация пользователя


-----
Test: tests/test_autofication/test_avtorization.py::test_autorizacia[firefox-login_password0] (call)
Start time: 2026-02-09 14:58:59.189829
Start name method: Регистрация пользователя

End time: 2026-02-09 14:59:06.341026
End name method: avtorizacia

-----
End time: 2026-02-09 14:59:08.528698
End name method: avtorizacia

-----

-----
Test: tests/test_autofication/test_avtorization.py::test_autorizacia[webkit-login_password0] (call)
Start time: 2026-02-09 14:59:09.281895
Start name method: Регистрация пользователя


-----
Test: tests/test_autofication/test_avtorization.py::test_autorizacia[webkit-login_password3] (call)
Start time: 2026-02-09 14:59:10.150651
Start name method: Регистрация пользователя

End time: 2026-02-09 14:59:18.474083
End name method: avtorizacia

-----
End time: 2026-02-09 14:59:18.549813
End name method: avtorizacia

-----
End time: 2026-02-09 14:59:19.591650
End name method: avtorizacia

-----

-----
Test: tests/test_autofication/test_avtorization.py::test_autorizacia[webkit-login_password1] (call)
Start time: 2026-02-09 14:59:20.443045
Start name method: Регистрация пользователя


-----
Test: tests/test_autofication/test_avtorization.py::test_autorizacia[chromium-login_password0] (call)
Start time: 2026-02-09 14:59:21.398260
Start name method: Регистрация пользователя


-----
Test: tests/test_autofication/test_avtorization.py::test_autorizacia[firefox-login_password1] (call)
Start time: 2026-02-09 14:59:23.467880
Start name method: Регистрация пользователя

End time: 2026-02-09 14:59:29.335587
End name method: avtorizacia

-----

-----
Test: tests/test_autofication/test_avtorization.py::test_autorizacia[chromium-login_password1] (call)
Start time: 2026-02-09 14:59:30.782335
Start name method: Регистрация пользователя

End time: 2026-02-09 14:59:30.797290
End name method: avtorizacia

-----
End time: 2026-02-09 14:59:31.158675
End name method: avtorizacia

-----

-----
Test: tests/test_course.py::test_cousesed[chromium] (call)
Start time: 2026-02-09 14:59:32.923461
Start name method: course


-----
Test: tests/test_autofication/test_avtorization.py::test_autorizacia[firefox-login_password2] (call)
Start time: 2026-02-09 14:59:35.510450
Start name method: Регистрация пользователя

End time: 2026-02-09 14:59:38.125372
End name method: Coursed

-----

-----
Test: tests/test_create_course.py::test_created_course[firefox] (call)
Start time: 2026-02-09 14:59:41.846243
Start name method: Created course

End time: 2026-02-09 14:59:43.444947
End name method: avtorizacia

-----
End time: 2026-02-09 14:59:43.851599
End name method: avtorizacia

-----

-----
Test: tests/test_autofication/test_avtorization.py::test_autorizacia[chromium-login_password2] (call)
Start time: 2026-02-09 14:59:45.107342
Start name method: Регистрация пользователя

End time: 2026-02-09 14:59:46.933931
End name method: Created coursed

-----

-----
Test: tests/test_dasbord_grafic.py::test_dashboard[firefox] (call)
Start time: 2026-02-09 14:59:49.565973
Start name method: Страница с дашбордом


-----
Test: tests/test_create_course.py::test_created_course[webkit] (call)
Start time: 2026-02-09 14:59:49.690472
Start name method: Created course

End time: 2026-02-09 14:59:51.762320
End name method: avtorizacia

-----

-----
Test: tests/test_autofication/test_avtorization.py::test_autorizacia[chromium-login_password3] (call)
Start time: 2026-02-09 14:59:53.185020
Start name method: Регистрация пользователя

End time: 2026-02-09 14:59:54.995311
End name method: Created coursed

-----

-----
Test: tests/test_create_course.py::test_created_course[chromium] (call)
Start time: 2026-02-09 14:59:56.457892
Start name method: Created course

End time: 2026-02-09 14:59:56.735893
End name method: Dashboard

-----
End time: 2026-02-09 14:59:58.988719
End name method: Created coursed

-----

-----
Test: tests/test_dasbord_grafic.py::test_dashboard[webkit] (call)
Start time: 2026-02-09 14:59:59.450250
Start name method: Страница с дашбордом


-----
Test: tests/test_desabled.py::test_desabled (call)
Start time: 2026-02-09 15:00:00.295178
Start name method: Проверка, что кнопка неактивна

End time: 2026-02-09 15:00:00.804918
End name method: avtorizacia

-----

-----
Test: tests/test_course.py::test_cousesed[firefox] (call)
Start time: 2026-02-09 15:00:04.377302
Start name method: course

End time: 2026-02-09 15:00:05.606937
End name method: Dashboard

-----

-----
Test: tests/test_dasbord_grafic.py::test_dashboard[chromium] (call)
Start time: 2026-02-09 15:00:06.868345
Start name method: Страница с дашбордом

End time: 2026-02-09 15:00:07.243728
End name method: Кнопка не активна, заголовок изменен

-----

-----
Test: tests/test_hover.py::test_hover (call)
Start time: 2026-02-09 15:00:08.258593
Start name method: Наведение мышки на кнопку Регистрация

End time: 2026-02-09 15:00:12.561743
End name method: Coursed

-----

-----
Test: tests/test_course.py::test_cousesed[webkit] (call)
Start time: 2026-02-09 15:00:15.566379
Start name method: course

End time: 2026-02-09 15:00:15.763072
End name method: hover

-----
End time: 2026-02-09 15:00:16.498801
End name method: Dashboard

-----
End time: 2026-02-09 15:00:18.298448
End name method: Coursed

-----

-----
Test: tests/test_list_bar_dasboards.py::test_list_menu[webkit] (call)
Start time: 2026-02-09 15:00:18.572472
Start name method: Dasboards


-----
Test: tests/test_list_bar_dasboards.py::test_list_menu[firefox] (call)
Start time: 2026-02-09 15:00:19.575755
Start name method: Dasboards


-----
Test: tests/test_login.py::test_login[firefox] (call)
Start time: 2026-02-09 15:00:21.564035
Start name method: Регистрация пользователя

End time: 2026-02-09 15:00:28.033126
End name method: Dasboards

-----

-----
Test: tests/test_list_bar_dasboards.py::test_list_menu[webkit] (call)
Start time: 2026-02-09 15:00:28.034226
Start name method: Courses

End time: 2026-02-09 15:00:28.065024
End name method: Dasboards

-----

-----
Test: tests/test_list_bar_dasboards.py::test_list_menu[firefox] (call)
Start time: 2026-02-09 15:00:28.065786
Start name method: Courses

End time: 2026-02-09 15:00:30.238196
End name method: login

-----

-----
Test: tests/test_login.py::test_login[firefox] (call)
Start time: 2026-02-09 15:00:30.239160
Start name method: Регистрация пользователя

End time: 2026-02-09 15:00:33.552423
End name method: Courses

-----

-----
Test: tests/test_list_bar_dasboards.py::test_list_menu[firefox] (call)
Start time: 2026-02-09 15:00:33.553407
Start name method: Logout

End time: 2026-02-09 15:00:33.686485
End name method: Courses

-----

-----
Test: tests/test_list_bar_dasboards.py::test_list_menu[webkit] (call)
Start time: 2026-02-09 15:00:33.687180
Start name method: Logout

End time: 2026-02-09 15:00:35.697674
End name method: avtorizacia

-----

-----
Test: tests/test_login.py::test_login[webkit] (call)
Start time: 2026-02-09 15:00:38.695471
Start name method: Регистрация пользователя

End time: 2026-02-09 15:00:39.134490
End name method: Logout

-----

-----
Test: tests/test_login.py::test_login[chromium] (call)
Start time: 2026-02-09 15:00:41.365336
Start name method: Регистрация пользователя

End time: 2026-02-09 15:00:41.687647
End name method: Logout

-----

-----
Test: tests/test_list_bar_dasboards.py::test_list_menu[chromium] (call)
Start time: 2026-02-09 15:00:43.182379
Start name method: Dasboards

End time: 2026-02-09 15:00:49.875946
End name method: login

-----

-----
Test: tests/test_login.py::test_login[chromium] (call)
Start time: 2026-02-09 15:00:49.877084
Start name method: Регистрация пользователя

End time: 2026-02-09 15:00:50.098001
End name method: Dasboards

-----

-----
Test: tests/test_list_bar_dasboards.py::test_list_menu[chromium] (call)
Start time: 2026-02-09 15:00:50.098974
Start name method: Courses

End time: 2026-02-09 15:00:50.158311
End name method: login

-----

-----
Test: tests/test_login.py::test_login[webkit] (call)
Start time: 2026-02-09 15:00:50.159668
Start name method: Регистрация пользователя

End time: 2026-02-09 15:00:55.234416
End name method: avtorizacia

-----
End time: 2026-02-09 15:00:55.513723
End name method: Courses

-----

-----
Test: tests/test_list_bar_dasboards.py::test_list_menu[chromium] (call)
Start time: 2026-02-09 15:00:55.514440
Start name method: Logout

End time: 2026-02-09 15:00:56.694608
End name method: avtorizacia

-----

-----
Test: tests/test_reg_hw.py::test_reg_hw (call)
Start time: 2026-02-09 15:00:57.072655
Start name method: register


-----
Test: tests/test_login2.py::test_hover (call)
Start time: 2026-02-09 15:00:58.191874
Start name method: Проверка, что кнопка неактивна

End time: 2026-02-09 15:01:00.897773
End name method: Logout

-----

-----
Test: tests/test_registration.py::test_register1[webkit] (call)
Start time: 2026-02-09 15:01:02.757128
Start name method: register

End time: 2026-02-09 15:01:05.059224
End name method: Пользователь зарегистрирован

-----
End time: 2026-02-09 15:01:06.142589
End name method: Кнопка не активна, заголовок изменен

-----
End time: 2026-02-09 15:01:06.235301
End name method: Пользователь зарегистрирован

-----

-----
Test: tests/test_registration.py::test_register1[chromium] (call)
Start time: 2026-02-09 15:01:06.680835
Start name method: register


-----
Test: tests/test_reg_hw_res.py::test_register (call)
Start time: 2026-02-09 15:01:07.823971
Start name method: register

End time: 2026-02-09 15:01:08.917777
End name method: Пользователь зарегистрирован

-----

-----
Test: tests/test_registration.py::test_register1[firefox] (call)
Start time: 2026-02-09 15:01:09.709179
Start name method: register

End time: 2026-02-09 15:01:13.887906
End name method: Пользователь зарегистрирован

-----
End time: 2026-02-09 15:01:15.129750
End name method: Пользователь залогинен

-----

-----
Test: tests/test_res_register.py::test_register (call)
Start time: 2026-02-09 15:01:16.749578
Start name method: register

End time: 2026-02-09 15:01:24.860013
End name method: Пользователь зарегистрирован

-----
