
-----
Test: tests/test_list_bar_dasboards.py::test_list_menu[chromium] (call)
Start time: 2025-11-30 10:14:51.916832
Start name method: Dasboards

End time: 2025-11-30 10:15:00.836726
End name method: Dasboards

-----

-----
Test: tests/test_list_bar_dasboards.py::test_list_menu[chromium] (call)
Start time: 2025-11-30 10:15:00.837825
Start name method: Courses

End time: 2025-11-30 10:15:06.340551
End name method: Courses

-----

-----
Test: tests/test_list_bar_dasboards.py::test_list_menu[chromium] (call)
Start time: 2025-11-30 10:15:06.341502
Start name method: Logout


-----
Test: tests/test_list_bar_dasboards.py::test_list_menu[firefox] (call)
Start time: 2025-11-30 10:15:17.615321
Start name method: Dasboards

End time: 2025-11-30 10:15:25.930549
End name method: Dasboards

-----

-----
Test: tests/test_list_bar_dasboards.py::test_list_menu[firefox] (call)
Start time: 2025-11-30 10:15:25.931498
Start name method: Courses

End time: 2025-11-30 10:15:31.289314
End name method: Courses

-----

-----
Test: tests/test_list_bar_dasboards.py::test_list_menu[firefox] (call)
Start time: 2025-11-30 10:15:31.290351
Start name method: Logout

