
-----
Test: tests/test_avtorization.py::test_autirizacia (call)
Start time: 2025-11-08 21:47:17.445147
Start name method: Регистрация пользователя

End time: 2025-11-08 21:47:24.800071
End name method: avtorizacia

-----

-----
Test: tests/test_desabled.py::test_desabled (call)
Start time: 2025-11-08 21:47:26.945598
Start name method: Проверка, что кнопка неактивна

End time: 2025-11-08 21:47:35.136931
End name method: Кнопка не активна, заголовок изменен

-----

-----
Test: tests/test_hover.py::test_hover (call)
Start time: 2025-11-08 21:47:37.100369
Start name method: Наведение мышки на кнопку Регистрация

End time: 2025-11-08 21:47:49.261252
End name method: hover

-----

-----
Test: tests/test_login.py::test_login (call)
Start time: 2025-11-08 21:47:51.304677
Start name method: Регистрация пользователя

End time: 2025-11-08 21:48:01.532356
End name method: login

-----

-----
Test: tests/test_login2.py::test_hover (call)
Start time: 2025-11-08 21:48:03.597048
Start name method: Проверка, что кнопка неактивна

End time: 2025-11-08 21:48:11.343239
End name method: Кнопка не активна, заголовок изменен

-----

-----
Test: tests/test_my_nalog_avtorizacia.py::test_reg_my_nalog (call)
Start time: 2025-11-08 21:48:13.358263
Start name method: Регистрация пользователя my nalog

