
-----
Test: tests/test_my_nalog_avtorizacia.py::test_reg_my_nalog[chromium-login_password0] (call)
Start time: 2025-11-16 10:11:13.935636
Start name method: Регистрация пользователя my nalog

End time: 2025-11-16 10:11:21.207400
End name method: login

-----

-----
Test: tests/test_my_nalog_avtorizacia.py::test_reg_my_nalog[chromium-login_password1] (call)
Start time: 2025-11-16 10:11:22.607855
Start name method: Регистрация пользователя my nalog

End time: 2025-11-16 10:11:28.678488
End name method: login

-----

-----
Test: tests/test_my_nalog_avtorizacia.py::test_reg_my_nalog[chromium-login_password2] (call)
Start time: 2025-11-16 10:11:30.090164
Start name method: Регистрация пользователя my nalog

End time: 2025-11-16 10:11:36.216333
End name method: login

-----

-----
Test: tests/test_my_nalog_avtorizacia.py::test_reg_my_nalog[chromium-login_password3] (call)
Start time: 2025-11-16 10:11:37.645510
Start name method: Регистрация пользователя my nalog

End time: 2025-11-16 10:11:44.773454
End name method: login

-----

-----
Test: tests/test_my_nalog_avtorizacia.py::test_reg_my_nalog[firefox-login_password0] (call)
Start time: 2025-11-16 10:11:47.773535
Start name method: Регистрация пользователя my nalog

End time: 2025-11-16 10:11:54.129277
End name method: login

-----

-----
Test: tests/test_my_nalog_avtorizacia.py::test_reg_my_nalog[firefox-login_password1] (call)
Start time: 2025-11-16 10:11:57.523783
Start name method: Регистрация пользователя my nalog

End time: 2025-11-16 10:12:03.898846
End name method: login

-----

-----
Test: tests/test_my_nalog_avtorizacia.py::test_reg_my_nalog[firefox-login_password2] (call)
Start time: 2025-11-16 10:12:07.376136
Start name method: Регистрация пользователя my nalog

End time: 2025-11-16 10:12:14.277071
End name method: login

-----

-----
Test: tests/test_my_nalog_avtorizacia.py::test_reg_my_nalog[firefox-login_password3] (call)
Start time: 2025-11-16 10:12:17.851825
Start name method: Регистрация пользователя my nalog

End time: 2025-11-16 10:12:24.020988
End name method: login

-----
