
-----
Test: tests/test_login.py::test_login[firefox] (call)
Start time: 2026-02-09 13:32:29.904338
Start name method: Регистрация пользователя

End time: 2026-02-09 13:32:51.337481
End name method: login

-----

-----
Test: tests/test_login.py::test_login[firefox] (call)
Start time: 2026-02-09 13:32:51.338703
Start name method: Регистрация пользователя


-----
Test: tests/test_login.py::test_login[webkit] (call)
Start time: 2026-02-09 13:32:54.361077
Start name method: Регистрация пользователя

End time: 2026-02-09 13:33:07.589573
End name method: login

-----

-----
Test: tests/test_login.py::test_login[webkit] (call)
Start time: 2026-02-09 13:33:07.590361
Start name method: Регистрация пользователя


-----
Test: tests/test_login.py::test_login[chromium] (call)
Start time: 2026-02-09 13:33:09.668800
Start name method: Регистрация пользователя

End time: 2026-02-09 13:33:17.126040
End name method: login

-----

-----
Test: tests/test_login.py::test_login[chromium] (call)
Start time: 2026-02-09 13:33:17.127060
Start name method: Регистрация пользователя


-----
Test: tests/test_login2.py::test_hover (call)
Start time: 2026-02-09 13:33:18.921774
Start name method: Проверка, что кнопка неактивна

End time: 2026-02-09 13:33:28.415164
End name method: Кнопка не активна, заголовок изменен

-----
