
-----
Test: tests/test_login.py::test_login[chromium] (call)
Start time: 2025-12-11 22:03:13.451778
Start name method: Регистрация пользователя

End time: 2025-12-11 22:03:24.570391
End name method: login

-----

-----
Test: tests/test_login.py::test_login[firefox] (call)
Start time: 2025-12-11 22:03:28.843942
Start name method: Регистрация пользователя

End time: 2025-12-11 22:03:38.783920
End name method: login

-----

-----
Test: tests/test_login2.py::test_hover (call)
Start time: 2025-12-11 22:03:40.766978
Start name method: Проверка, что кнопка неактивна

End time: 2025-12-11 22:03:47.710052
End name method: Кнопка не активна, заголовок изменен

-----
