
-----
Test: tests/test_login.py::test_login[firefox] (call)
Start time: 2026-01-13 21:50:25.335307
Start name method: Регистрация пользователя

End time: 2026-01-13 21:50:34.243359
End name method: login

-----

-----
Test: tests/test_login.py::test_login[firefox] (call)
Start time: 2026-01-13 21:50:34.244468
Start name method: Регистрация пользователя


-----
Test: tests/test_login.py::test_login[webkit] (call)
Start time: 2026-01-13 21:51:09.097100
Start name method: Регистрация пользователя

End time: 2026-01-13 21:51:23.024941
End name method: login

-----

-----
Test: tests/test_login.py::test_login[webkit] (call)
Start time: 2026-01-13 21:51:23.025937
Start name method: Регистрация пользователя


-----
Test: tests/test_login.py::test_login[chromium] (call)
Start time: 2026-01-13 21:51:28.473857
Start name method: Регистрация пользователя


-----
Test: tests/test_login2.py::test_hover (call)
Start time: 2026-01-13 21:51:33.605009
Start name method: Проверка, что кнопка неактивна

