
-----
Test: tests/test_login.py::test_login[firefox] (call)
Start time: 2026-02-09 08:57:47.069591
Start name method: Регистрация пользователя

End time: 2026-02-09 08:58:08.442437
End name method: login

-----

-----
Test: tests/test_login.py::test_login[firefox] (call)
Start time: 2026-02-09 08:58:08.443159
Start name method: Регистрация пользователя

End time: 2026-02-09 08:58:13.846041
End name method: avtorizacia

-----

-----
Test: tests/test_login.py::test_login[webkit] (call)
Start time: 2026-02-09 08:58:17.060165
Start name method: Регистрация пользователя

End time: 2026-02-09 08:58:31.180339
End name method: login

-----

-----
Test: tests/test_login.py::test_login[webkit] (call)
Start time: 2026-02-09 08:58:31.181172
Start name method: Регистрация пользователя

End time: 2026-02-09 08:58:37.543203
End name method: avtorizacia

-----

-----
Test: tests/test_login.py::test_login[chromium] (call)
Start time: 2026-02-09 08:58:39.114830
Start name method: Регистрация пользователя

End time: 2026-02-09 08:58:51.291421
End name method: login

-----

-----
Test: tests/test_login.py::test_login[chromium] (call)
Start time: 2026-02-09 08:58:51.292189
Start name method: Регистрация пользователя

End time: 2026-02-09 08:58:56.624743
End name method: avtorizacia

-----

-----
Test: tests/test_login2.py::test_hover (call)
Start time: 2026-02-09 08:58:58.160492
Start name method: Проверка, что кнопка неактивна

End time: 2026-02-09 08:59:07.613878
End name method: Кнопка не активна, заголовок изменен

-----
