
-----
Test: tests/test_dasbord_grafic.py::test_dashboard[chromium] (call)
Start time: 2025-11-23 15:24:01.096733
Start name method: Страница с дашбордом

End time: 2025-11-23 15:24:07.642237
End name method: Dashboard

-----

-----
Test: tests/test_dasbord_grafic.py::test_dashboard[chromium] (call)
Start time: 2025-11-23 15:24:07.643237
Start name method: Страница с дашбордом

End time: 2025-11-23 15:24:12.727854
End name method: Dashboard

-----

-----
Test: tests/test_dasbord_grafic.py::test_dashboard[firefox] (call)
Start time: 2025-11-23 15:24:18.384334
Start name method: Страница с дашбордом

End time: 2025-11-23 15:24:26.740505
End name method: Dashboard

-----

-----
Test: tests/test_dasbord_grafic.py::test_dashboard[firefox] (call)
Start time: 2025-11-23 15:24:26.741478
Start name method: Страница с дашбордом

End time: 2025-11-23 15:24:31.848345
End name method: Dashboard

-----
