
-----
Test: tests/test_login.py::test_login[firefox] (call)
Start time: 2026-02-09 13:07:30.409695
Start name method: Регистрация пользователя

End time: 2026-02-09 13:07:39.297870
End name method: login

-----

-----
Test: tests/test_login.py::test_login[firefox] (call)
Start time: 2026-02-09 13:07:39.298919
Start name method: Регистрация пользователя


-----
Test: tests/test_login.py::test_login[webkit] (call)
Start time: 2026-02-09 13:07:42.176022
Start name method: Регистрация пользователя

End time: 2026-02-09 13:07:53.175959
End name method: login

-----

-----
Test: tests/test_login.py::test_login[webkit] (call)
Start time: 2026-02-09 13:07:53.176984
Start name method: Регистрация пользователя


-----
Test: tests/test_login.py::test_login[chromium] (call)
Start time: 2026-02-09 13:07:55.322946
Start name method: Регистрация пользователя

End time: 2026-02-09 13:08:03.545855
End name method: login

-----

-----
Test: tests/test_login.py::test_login[chromium] (call)
Start time: 2026-02-09 13:08:03.546577
Start name method: Регистрация пользователя


-----
Test: tests/test_login2.py::test_hover (call)
Start time: 2026-02-09 13:08:05.377722
Start name method: Проверка, что кнопка неактивна

End time: 2026-02-09 13:08:13.142166
End name method: Кнопка не активна, заголовок изменен

-----
