
-----
Test: tests/test_dasbord_grafic.py::test_dashboard[chromium] (call)
Start time: 2025-11-23 15:45:11.339932
Start name method: Страница с дашбордом

End time: 2025-11-23 15:45:18.463924
End name method: Dashboard

-----

-----
Test: tests/test_dasbord_grafic.py::test_dashboard[chromium] (call)
Start time: 2025-11-23 15:45:18.464924
Start name method: Страница с дашбордом

End time: 2025-11-23 15:45:23.553764
End name method: Dashboard

-----

-----
Test: tests/test_dasbord_grafic.py::test_dashboard[firefox] (call)
Start time: 2025-11-23 15:45:29.118003
Start name method: Страница с дашбордом

End time: 2025-11-23 15:45:37.283631
End name method: Dashboard

-----

-----
Test: tests/test_dasbord_grafic.py::test_dashboard[firefox] (call)
Start time: 2025-11-23 15:45:37.283631
Start name method: Страница с дашбордом

End time: 2025-11-23 15:45:42.394853
End name method: Dashboard

-----
