
-----
Test: tests/test_autofication/test_avtorization.py::test_autorizacia[webkit-login_password2] (call)
Start time: 2026-02-08 21:25:41.477938
Start name method: Регистрация пользователя


-----
Test: tests/test_autofication/test_avtorization.py::test_autorizacia[firefox-login_password3] (call)
Start time: 2026-02-08 21:25:44.597502
Start name method: Регистрация пользователя


-----
Test: tests/test_autofication/test_avtorization.py::test_autorizacia[firefox-login_password0] (call)
Start time: 2026-02-08 21:25:45.843984
Start name method: Регистрация пользователя

End time: 2026-02-08 21:25:51.701434
End name method: avtorizacia

-----

-----
Test: tests/test_autofication/test_avtorization.py::test_autorizacia[webkit-login_password3] (call)
Start time: 2026-02-08 21:25:55.437157
Start name method: Регистрация пользователя

End time: 2026-02-08 21:25:55.724867
End name method: avtorizacia

-----

-----
Test: tests/test_autofication/test_avtorization.py::test_autorizacia[webkit-login_password0] (call)
Start time: 2026-02-08 21:25:59.482686
Start name method: Регистрация пользователя

End time: 2026-02-08 21:26:04.927627
End name method: avtorizacia

-----
End time: 2026-02-08 21:26:05.477015
End name method: avtorizacia

-----

-----
Test: tests/test_autofication/test_avtorization.py::test_autorizacia[chromium-login_password0] (call)
Start time: 2026-02-08 21:26:07.583682
Start name method: Регистрация пользователя

End time: 2026-02-08 21:26:07.591641
End name method: avtorizacia

-----

-----
Test: tests/test_autofication/test_avtorization.py::test_autorizacia[firefox-login_password1] (call)
Start time: 2026-02-08 21:26:09.186613
Start name method: Регистрация пользователя


-----
Test: tests/test_autofication/test_avtorization.py::test_autorizacia[webkit-login_password1] (call)
Start time: 2026-02-08 21:26:09.272215
Start name method: Регистрация пользователя

End time: 2026-02-08 21:26:16.933673
End name method: avtorizacia

-----
End time: 2026-02-08 21:26:17.055915
End name method: avtorizacia

-----
End time: 2026-02-08 21:26:17.195921
End name method: avtorizacia

-----

-----
Test: tests/test_course.py::test_cousesed[chromium] (call)
Start time: 2026-02-08 21:26:18.804019
Start name method: course


-----
Test: tests/test_autofication/test_avtorization.py::test_autorizacia[chromium-login_password1] (call)
Start time: 2026-02-08 21:26:18.807473
Start name method: Регистрация пользователя


-----
Test: tests/test_autofication/test_avtorization.py::test_autorizacia[firefox-login_password2] (call)
Start time: 2026-02-08 21:26:21.191119
Start name method: Регистрация пользователя

End time: 2026-02-08 21:26:21.873493
End name method: Coursed

-----

-----
Test: tests/test_create_course.py::test_created_course[firefox] (call)
Start time: 2026-02-08 21:26:26.316216
Start name method: Created course

End time: 2026-02-08 21:26:27.654029
End name method: avtorizacia

-----
End time: 2026-02-08 21:26:28.821665
End name method: avtorizacia

-----

-----
Test: tests/test_autofication/test_avtorization.py::test_autorizacia[chromium-login_password2] (call)
Start time: 2026-02-08 21:26:29.529929
Start name method: Регистрация пользователя

End time: 2026-02-08 21:26:30.425885
End name method: Created coursed

-----

-----
Test: tests/test_create_course.py::test_created_course[webkit] (call)
Start time: 2026-02-08 21:26:33.642868
Start name method: Created course


-----
Test: tests/test_dasbord_grafic.py::test_dashboard[firefox] (call)
Start time: 2026-02-08 21:26:34.428945
Start name method: Страница с дашбордом

End time: 2026-02-08 21:26:36.974306
End name method: avtorizacia

-----

-----
Test: tests/test_autofication/test_avtorization.py::test_autorizacia[chromium-login_password3] (call)
Start time: 2026-02-08 21:26:38.810070
Start name method: Регистрация пользователя

End time: 2026-02-08 21:26:42.110015
End name method: Created coursed

-----
End time: 2026-02-08 21:26:42.859242
End name method: Dashboard

-----

-----
Test: tests/test_create_course.py::test_created_course[chromium] (call)
Start time: 2026-02-08 21:26:43.608344
Start name method: Created course

End time: 2026-02-08 21:26:45.471181
End name method: avtorizacia

-----

-----
Test: tests/test_dasbord_grafic.py::test_dashboard[webkit] (call)
Start time: 2026-02-08 21:26:45.596195
Start name method: Страница с дашбордом

End time: 2026-02-08 21:26:47.658437
End name method: Created coursed

-----

-----
Test: tests/test_desabled.py::test_desabled (call)
Start time: 2026-02-08 21:26:49.312575
Start name method: Проверка, что кнопка неактивна


-----
Test: tests/test_course.py::test_cousesed[firefox] (call)
Start time: 2026-02-08 21:26:50.498406
Start name method: course

End time: 2026-02-08 21:26:52.198803
End name method: Dashboard

-----

-----
Test: tests/test_dasbord_grafic.py::test_dashboard[chromium] (call)
Start time: 2026-02-08 21:26:53.818234
Start name method: Страница с дашбордом

End time: 2026-02-08 21:26:54.281769
End name method: Coursed

-----

-----
Test: tests/test_course.py::test_cousesed[webkit] (call)
Start time: 2026-02-08 21:26:57.057482
Start name method: course

End time: 2026-02-08 21:26:58.437673
End name method: Coursed

-----
End time: 2026-02-08 21:27:00.049453
End name method: Dashboard

-----
End time: 2026-02-08 21:27:00.765376
End name method: Кнопка не активна, заголовок изменен

-----

-----
Test: tests/test_login.py::test_login[firefox] (call)
Start time: 2026-02-08 21:27:01.879008
Start name method: Регистрация пользователя


-----
Test: tests/test_hover.py::test_hover (call)
Start time: 2026-02-08 21:27:02.268128
Start name method: Наведение мышки на кнопку Регистрация


-----
Test: tests/test_list_bar_dasboards.py::test_list_menu[webkit] (call)
Start time: 2026-02-08 21:27:02.461030
Start name method: Dasboards

End time: 2026-02-08 21:27:08.747315
End name method: hover

-----
End time: 2026-02-08 21:27:11.547668
End name method: Dasboards

-----

-----
Test: tests/test_list_bar_dasboards.py::test_list_menu[webkit] (call)
Start time: 2026-02-08 21:27:11.548366
Start name method: Courses

End time: 2026-02-08 21:27:12.327540
End name method: login

-----

-----
Test: tests/test_login.py::test_login[firefox] (call)
Start time: 2026-02-08 21:27:12.328420
Start name method: Регистрация пользователя


-----
Test: tests/test_list_bar_dasboards.py::test_list_menu[firefox] (call)
Start time: 2026-02-08 21:27:12.483331
Start name method: Dasboards

End time: 2026-02-08 21:27:17.243403
End name method: Courses

-----

-----
Test: tests/test_list_bar_dasboards.py::test_list_menu[webkit] (call)
Start time: 2026-02-08 21:27:17.244379
Start name method: Logout

End time: 2026-02-08 21:27:17.957567
End name method: avtorizacia

-----
End time: 2026-02-08 21:27:20.455342
End name method: Dasboards

-----

-----
Test: tests/test_list_bar_dasboards.py::test_list_menu[firefox] (call)
Start time: 2026-02-08 21:27:20.456127
Start name method: Courses


-----
Test: tests/test_login.py::test_login[webkit] (call)
Start time: 2026-02-08 21:27:21.622692
Start name method: Регистрация пользователя

End time: 2026-02-08 21:27:24.494642
End name method: Logout

-----
End time: 2026-02-08 21:27:25.848493
End name method: Courses

-----

-----
Test: tests/test_list_bar_dasboards.py::test_list_menu[firefox] (call)
Start time: 2026-02-08 21:27:25.849344
Start name method: Logout


-----
Test: tests/test_list_bar_dasboards.py::test_list_menu[chromium] (call)
Start time: 2026-02-08 21:27:26.399775
Start name method: Dasboards

End time: 2026-02-08 21:27:31.607401
End name method: Logout

-----
End time: 2026-02-08 21:27:33.197627
End name method: login

-----

-----
Test: tests/test_login.py::test_login[webkit] (call)
Start time: 2026-02-08 21:27:33.198240
Start name method: Регистрация пользователя

End time: 2026-02-08 21:27:33.994234
End name method: Dasboards

-----

-----
Test: tests/test_list_bar_dasboards.py::test_list_menu[chromium] (call)
Start time: 2026-02-08 21:27:33.994894
Start name method: Courses


-----
Test: tests/test_login.py::test_login[chromium] (call)
Start time: 2026-02-08 21:27:34.234652
Start name method: Регистрация пользователя

End time: 2026-02-08 21:27:39.595152
End name method: avtorizacia

-----

-----
Test: tests/test_login2.py::test_hover (call)
Start time: 2026-02-08 21:27:40.894638
Start name method: Проверка, что кнопка неактивна

End time: 2026-02-08 21:27:41.148342
End name method: Courses

-----

-----
Test: tests/test_list_bar_dasboards.py::test_list_menu[chromium] (call)
Start time: 2026-02-08 21:27:41.148935
Start name method: Logout

End time: 2026-02-08 21:27:42.528097
End name method: login

-----

-----
Test: tests/test_login.py::test_login[chromium] (call)
Start time: 2026-02-08 21:27:42.529101
Start name method: Регистрация пользователя

End time: 2026-02-08 21:27:46.469314
End name method: Logout

-----
End time: 2026-02-08 21:27:47.822033
End name method: avtorizacia

-----

-----
Test: tests/test_reg_hw.py::test_reg_hw (call)
Start time: 2026-02-08 21:27:47.871351
Start name method: register


-----
Test: tests/test_registration.py::test_register1[firefox] (call)
Start time: 2026-02-08 21:27:50.926978
Start name method: register

End time: 2026-02-08 21:27:53.352877
End name method: Пользователь зарегистрирован

-----
End time: 2026-02-08 21:27:55.258377
End name method: Кнопка не активна, заголовок изменен

-----

-----
Test: tests/test_registration.py::test_register1[webkit] (call)
Start time: 2026-02-08 21:27:55.922841
Start name method: register


-----
Test: tests/test_res_register.py::test_register (call)
Start time: 2026-02-08 21:27:56.679318
Start name method: register

End time: 2026-02-08 21:27:58.543985
End name method: Пользователь зарегистрирован

-----
End time: 2026-02-08 21:27:59.063450
End name method: Пользователь зарегистрирован

-----

-----
Test: tests/test_registration.py::test_register1[chromium] (call)
Start time: 2026-02-08 21:28:00.056341
Start name method: register


-----
Test: tests/test_reg_hw_res.py::test_register (call)
Start time: 2026-02-08 21:28:00.543890
Start name method: register

End time: 2026-02-08 21:28:01.829701
End name method: Пользователь зарегистрирован

-----
End time: 2026-02-08 21:28:05.462617
End name method: Пользователь зарегистрирован

-----
End time: 2026-02-08 21:28:07.385639
End name method: Пользователь залогинен

-----
