
-----
Test: tests/test_avtorization.py::test_autorizacia[login_password0] (call)
Start time: 2025-12-13 22:05:25.573925
Start name method: Регистрация пользователя

End time: 2025-12-13 22:05:32.209746
End name method: avtorizacia

-----

-----
Test: tests/test_avtorization.py::test_autorizacia[login_password1] (call)
Start time: 2025-12-13 22:05:33.631625
Start name method: Регистрация пользователя

End time: 2025-12-13 22:05:40.160261
End name method: avtorizacia

-----

-----
Test: tests/test_avtorization.py::test_autorizacia[login_password2] (call)
Start time: 2025-12-13 22:05:41.485243
Start name method: Регистрация пользователя

End time: 2025-12-13 22:05:47.496010
End name method: avtorizacia

-----

-----
Test: tests/test_avtorization.py::test_autorizacia[login_password3] (call)
Start time: 2025-12-13 22:05:48.839345
Start name method: Регистрация пользователя

End time: 2025-12-13 22:05:54.843123
End name method: avtorizacia

-----

-----
Test: tests/test_course.py::test_cousesed[chromium] (call)
Start time: 2025-12-13 22:05:56.478446
Start name method: course

End time: 2025-12-13 22:05:57.604764
End name method: Coursed

-----

-----
Test: tests/test_course.py::test_cousesed[firefox] (call)
Start time: 2025-12-13 22:06:01.771338
Start name method: course

End time: 2025-12-13 22:06:03.357816
End name method: Coursed

-----

-----
Test: tests/test_create_course.py::test_created_course[chromium] (call)
Start time: 2025-12-13 22:06:05.310328
Start name method: Created course

End time: 2025-12-13 22:06:07.076780
End name method: Created coursed

-----

-----
Test: tests/test_create_course.py::test_created_course[firefox] (call)
Start time: 2025-12-13 22:06:33.487631
Start name method: Created course

End time: 2025-12-13 22:06:35.418545
End name method: Created coursed

-----

-----
Test: tests/test_dasbord_grafic.py::test_dashboard[chromium] (call)
Start time: 2025-12-13 22:06:37.573531
Start name method: Страница с дашбордом

End time: 2025-12-13 22:06:44.658043
End name method: Dashboard

-----

-----
Test: tests/test_dasbord_grafic.py::test_dashboard[chromium] (call)
Start time: 2025-12-13 22:06:44.658793
Start name method: Страница с дашбордом

End time: 2025-12-13 22:06:49.738119
End name method: Dashboard

-----

-----
Test: tests/test_dasbord_grafic.py::test_dashboard[firefox] (call)
Start time: 2025-12-13 22:06:55.841332
Start name method: Страница с дашбордом

End time: 2025-12-13 22:07:04.963679
End name method: Dashboard

-----

-----
Test: tests/test_dasbord_grafic.py::test_dashboard[firefox] (call)
Start time: 2025-12-13 22:07:04.964239
Start name method: Страница с дашбордом

End time: 2025-12-13 22:07:10.064606
End name method: Dashboard

-----

-----
Test: tests/test_desabled.py::test_desabled (call)
Start time: 2025-12-13 22:07:12.055230
Start name method: Проверка, что кнопка неактивна

End time: 2025-12-13 22:07:18.851231
End name method: Кнопка не активна, заголовок изменен

-----

-----
Test: tests/test_hover.py::test_hover (call)
Start time: 2025-12-13 22:07:20.467403
Start name method: Наведение мышки на кнопку Регистрация

End time: 2025-12-13 22:07:26.570900
End name method: hover

-----

-----
Test: tests/test_list_bar_dasboards.py::test_list_menu[chromium] (call)
Start time: 2025-12-13 22:07:28.192092
Start name method: Dasboards

End time: 2025-12-13 22:07:36.759437
End name method: Dasboards

-----

-----
Test: tests/test_list_bar_dasboards.py::test_list_menu[chromium] (call)
Start time: 2025-12-13 22:07:36.760156
Start name method: Courses

End time: 2025-12-13 22:07:42.231958
End name method: Courses

-----

-----
Test: tests/test_list_bar_dasboards.py::test_list_menu[chromium] (call)
Start time: 2025-12-13 22:07:42.232887
Start name method: Logout

End time: 2025-12-13 22:07:47.369477
End name method: Logout

-----

-----
Test: tests/test_list_bar_dasboards.py::test_list_menu[firefox] (call)
Start time: 2025-12-13 22:07:51.238553
Start name method: Dasboards

End time: 2025-12-13 22:08:14.147139
End name method: Dasboards

-----

-----
Test: tests/test_list_bar_dasboards.py::test_list_menu[firefox] (call)
Start time: 2025-12-13 22:08:14.148051
Start name method: Courses

End time: 2025-12-13 22:08:29.494317
End name method: Courses

-----

-----
Test: tests/test_list_bar_dasboards.py::test_list_menu[firefox] (call)
Start time: 2025-12-13 22:08:29.495265
Start name method: Logout

End time: 2025-12-13 22:08:36.188490
End name method: Logout

-----

-----
Test: tests/test_login.py::test_login[chromium] (call)
Start time: 2025-12-13 22:08:37.993260
Start name method: Регистрация пользователя

End time: 2025-12-13 22:08:45.412894
End name method: login

-----

-----
Test: tests/test_login.py::test_login[chromium] (call)
Start time: 2025-12-13 22:08:45.413458
Start name method: Регистрация пользователя

End time: 2025-12-13 22:08:50.563866
End name method: avtorizacia

-----

-----
Test: tests/test_login.py::test_login[firefox] (call)
Start time: 2025-12-13 22:08:53.706708
Start name method: Регистрация пользователя

End time: 2025-12-13 22:09:08.099718
End name method: login

-----

-----
Test: tests/test_login.py::test_login[firefox] (call)
Start time: 2025-12-13 22:09:08.100522
Start name method: Регистрация пользователя

End time: 2025-12-13 22:09:23.419553
End name method: avtorizacia

-----

-----
Test: tests/test_login2.py::test_hover (call)
Start time: 2025-12-13 22:09:25.152548
Start name method: Проверка, что кнопка неактивна

End time: 2025-12-13 22:09:32.795738
End name method: Кнопка не активна, заголовок изменен

-----

-----
Test: tests/test_my_nalog_avtorizacia.py::test_reg_my_nalog[chromium-login_password0] (call)
Start time: 2025-12-13 22:09:34.109623
Start name method: Регистрация пользователя my nalog

End time: 2025-12-13 22:09:43.335266
End name method: login

-----

-----
Test: tests/test_my_nalog_avtorizacia.py::test_reg_my_nalog[chromium-login_password1] (call)
Start time: 2025-12-13 22:09:44.705363
Start name method: Регистрация пользователя my nalog

End time: 2025-12-13 22:09:55.006470
End name method: login

-----

-----
Test: tests/test_my_nalog_avtorizacia.py::test_reg_my_nalog[chromium-login_password2] (call)
Start time: 2025-12-13 22:09:56.376692
Start name method: Регистрация пользователя my nalog

End time: 2025-12-13 22:10:04.057153
End name method: login

-----

-----
Test: tests/test_my_nalog_avtorizacia.py::test_reg_my_nalog[chromium-login_password3] (call)
Start time: 2025-12-13 22:10:05.425213
Start name method: Регистрация пользователя my nalog

End time: 2025-12-13 22:10:14.207491
End name method: login

-----

-----
Test: tests/test_my_nalog_avtorizacia.py::test_reg_my_nalog[firefox-login_password0] (call)
Start time: 2025-12-13 22:10:48.857468
Start name method: Регистрация пользователя my nalog

End time: 2025-12-13 22:10:57.224876
End name method: login

-----

-----
Test: tests/test_my_nalog_avtorizacia.py::test_reg_my_nalog[firefox-login_password1] (call)
Start time: 2025-12-13 22:11:01.105288
Start name method: Регистрация пользователя my nalog

End time: 2025-12-13 22:11:09.231676
End name method: login

-----

-----
Test: tests/test_my_nalog_avtorizacia.py::test_reg_my_nalog[firefox-login_password2] (call)
Start time: 2025-12-13 22:11:12.891669
Start name method: Регистрация пользователя my nalog

End time: 2025-12-13 22:11:20.269671
End name method: login

-----

-----
Test: tests/test_my_nalog_avtorizacia.py::test_reg_my_nalog[firefox-login_password3] (call)
Start time: 2025-12-13 22:12:03.304361
Start name method: Регистрация пользователя my nalog

End time: 2025-12-13 22:12:17.540976
End name method: login

-----

-----
Test: tests/test_my_nalog_avtorizacia_res.py::test_register (call)
Start time: 2025-12-13 22:12:19.276439
Start name method: register


-----
Test: tests/test_reg_hw.py::test_reg_hw (call)
Start time: 2025-12-13 22:12:30.412839
Start name method: register

End time: 2025-12-13 22:12:39.762002
End name method: Пользователь зарегистрирован

-----

-----
Test: tests/test_reg_hw_res.py::test_register (call)
Start time: 2025-12-13 22:12:41.339810
Start name method: register

End time: 2025-12-13 22:12:49.850395
End name method: Пользователь залогинен

-----

-----
Test: tests/test_registration.py::test_register1 (call)
Start time: 2025-12-13 22:12:51.316668
Start name method: register

End time: 2025-12-13 22:12:54.787608
End name method: Пользователь зарегистрирован

-----

-----
Test: tests/test_res_register.py::test_register (call)
Start time: 2025-12-13 22:12:56.289687
Start name method: register

End time: 2025-12-13 22:13:05.983683
End name method: Пользователь зарегистрирован

-----
