
-----
Test: tests/test_my_nalog_avtorizacia.py::test_reg_my_nalog[chromium-login_password0] (call)
Start time: 2025-11-16 09:58:12.364118
Start name method: Регистрация пользователя my nalog


-----
Test: tests/test_my_nalog_avtorizacia.py::test_reg_my_nalog[chromium-login_password1] (call)
Start time: 2025-11-16 09:58:45.244734
Start name method: Регистрация пользователя my nalog


-----
Test: tests/test_my_nalog_avtorizacia.py::test_reg_my_nalog[chromium-login_password2] (call)
Start time: 2025-11-16 09:58:50.974006
Start name method: Регистрация пользователя my nalog


-----
Test: tests/test_my_nalog_avtorizacia.py::test_reg_my_nalog[chromium-login_password3] (call)
Start time: 2025-11-16 09:58:54.504123
Start name method: Регистрация пользователя my nalog


-----
Test: tests/test_my_nalog_avtorizacia.py::test_reg_my_nalog[firefox-login_password0] (call)
Start time: 2025-11-16 09:59:01.047361
Start name method: Регистрация пользователя my nalog


-----
Test: tests/test_my_nalog_avtorizacia.py::test_reg_my_nalog[firefox-login_password1] (call)
Start time: 2025-11-16 10:01:22.246580
Start name method: Регистрация пользователя my nalog

