
-----
Test: tests/test_autofication/test_avtorization.py::test_autorizacia[webkit-login_password2] (call)
Start time: 2026-02-10 14:54:02.672311
Start name method: Регистрация пользователя


-----
Test: tests/test_autofication/test_avtorization.py::test_autorizacia[firefox-login_password0] (call)
Start time: 2026-02-10 14:54:04.301810
Start name method: Регистрация пользователя


-----
Test: tests/test_autofication/test_avtorization.py::test_autorizacia[firefox-login_password3] (call)
Start time: 2026-02-10 14:54:04.944826
Start name method: Регистрация пользователя

End time: 2026-02-10 14:54:09.514873
End name method: avtorizacia

-----

-----
Test: tests/test_autofication/test_avtorization.py::test_autorizacia[webkit-login_password3] (call)
Start time: 2026-02-10 14:54:10.639295
Start name method: Регистрация пользователя

End time: 2026-02-10 14:54:11.565454
End name method: avtorizacia

-----
End time: 2026-02-10 14:54:12.407295
End name method: avtorizacia

-----

-----
Test: tests/test_autofication/test_avtorization.py::test_autorizacia[webkit-login_password0] (call)
Start time: 2026-02-10 14:54:14.467533
Start name method: Регистрация пользователя


-----
Test: tests/test_autofication/test_avtorization.py::test_autorizacia[firefox-login_password1] (call)
Start time: 2026-02-10 14:54:15.185633
Start name method: Регистрация пользователя

End time: 2026-02-10 14:54:17.314302
End name method: avtorizacia

-----

-----
Test: tests/test_autofication/test_avtorization.py::test_autorizacia[chromium-login_password0] (call)
Start time: 2026-02-10 14:54:18.360011
Start name method: Регистрация пользователя

End time: 2026-02-10 14:54:21.305191
End name method: avtorizacia

-----

-----
Test: tests/test_autofication/test_avtorization.py::test_autorizacia[webkit-login_password1] (call)
Start time: 2026-02-10 14:54:22.378366
Start name method: Регистрация пользователя

End time: 2026-02-10 14:54:22.384133
End name method: avtorizacia

-----
End time: 2026-02-10 14:54:24.503496
End name method: avtorizacia

-----

-----
Test: tests/test_autofication/test_avtorization.py::test_autorizacia[chromium-login_password1] (call)
Start time: 2026-02-10 14:54:25.942486
Start name method: Регистрация пользователя


-----
Test: tests/test_autofication/test_avtorization.py::test_autorizacia[firefox-login_password2] (call)
Start time: 2026-02-10 14:54:25.973755
Start name method: Регистрация пользователя

End time: 2026-02-10 14:54:29.401064
End name method: avtorizacia

-----

-----
Test: tests/test_course.py::test_cousesed[chromium] (call)
Start time: 2026-02-10 14:54:31.005794
Start name method: course

End time: 2026-02-10 14:54:32.075047
End name method: Coursed

-----
End time: 2026-02-10 14:54:32.433620
End name method: avtorizacia

-----

-----
Test: tests/test_autofication/test_avtorization.py::test_autorizacia[chromium-login_password2] (call)
Start time: 2026-02-10 14:54:33.584543
Start name method: Регистрация пользователя

End time: 2026-02-10 14:54:33.843235
End name method: avtorizacia

-----

-----
Test: tests/test_create_course.py::test_created_course[firefox] (call)
Start time: 2026-02-10 14:54:35.632523
Start name method: Created course

End time: 2026-02-10 14:54:38.778351
End name method: Created coursed

-----

-----
Test: tests/test_dasbord_grafic.py::test_dashboard[firefox] (call)
Start time: 2026-02-10 14:54:39.667475
Start name method: Страница с дашбордом

End time: 2026-02-10 14:54:40.001692
End name method: avtorizacia

-----

-----
Test: tests/test_autofication/test_avtorization.py::test_autorizacia[chromium-login_password3] (call)
Start time: 2026-02-10 14:54:41.842361
Start name method: Регистрация пользователя


-----
Test: tests/test_create_course.py::test_created_course[webkit] (call)
Start time: 2026-02-10 14:54:42.302496
Start name method: Created course

End time: 2026-02-10 14:54:46.407811
End name method: Dashboard

-----
End time: 2026-02-10 14:54:48.513589
End name method: avtorizacia

-----

-----
Test: tests/test_dasbord_grafic.py::test_dashboard[webkit] (call)
Start time: 2026-02-10 14:54:48.555457
Start name method: Страница с дашбордом


-----
Test: tests/test_course.py::test_cousesed[firefox] (call)
Start time: 2026-02-10 14:54:51.893045
Start name method: course

End time: 2026-02-10 14:54:53.553972
End name method: Coursed

-----
End time: 2026-02-10 14:54:54.711800
End name method: Dashboard

-----

-----
Test: tests/test_dasbord_grafic.py::test_dashboard[chromium] (call)
Start time: 2026-02-10 14:54:55.958149
Start name method: Страница с дашбордом


-----
Test: tests/test_course.py::test_cousesed[webkit] (call)
Start time: 2026-02-10 14:54:55.959634
Start name method: course

End time: 2026-02-10 14:54:57.739258
End name method: Coursed

-----

-----
Test: tests/test_desabled.py::test_desabled (call)
Start time: 2026-02-10 14:54:58.802116
Start name method: Проверка, что кнопка неактивна

End time: 2026-02-10 14:55:02.025704
End name method: Dashboard

-----

-----
Test: tests/test_list_bar_dasboards.py::test_list_menu[webkit] (call)
Start time: 2026-02-10 14:55:03.454500
Start name method: Dasboards

End time: 2026-02-10 14:55:05.477419
End name method: Кнопка не активна, заголовок изменен

-----

-----
Test: tests/test_hover.py::test_hover (call)
Start time: 2026-02-10 14:55:06.442004
Start name method: Наведение мышки на кнопку Регистрация

End time: 2026-02-10 14:55:11.669314
End name method: Dasboards

-----

-----
Test: tests/test_list_bar_dasboards.py::test_list_menu[webkit] (call)
Start time: 2026-02-10 14:55:11.670245
Start name method: Courses

End time: 2026-02-10 14:55:12.380466
End name method: hover

-----

-----
Test: tests/test_list_bar_dasboards.py::test_list_menu[firefox] (call)
Start time: 2026-02-10 14:55:15.382303
Start name method: Dasboards


-----
Test: tests/test_create_course.py::test_created_course[chromium] (call)
Start time: 2026-02-10 14:55:16.376519
Start name method: Created course

End time: 2026-02-10 14:55:17.186361
End name method: Courses

-----

-----
Test: tests/test_list_bar_dasboards.py::test_list_menu[webkit] (call)
Start time: 2026-02-10 14:55:17.187283
Start name method: Logout

End time: 2026-02-10 14:55:18.600584
End name method: Created coursed

-----

-----
Test: tests/test_login.py::test_login[chromium] (call)
Start time: 2026-02-10 14:55:19.897637
Start name method: Регистрация пользователя

End time: 2026-02-10 14:55:22.686236
End name method: Dasboards

-----

-----
Test: tests/test_list_bar_dasboards.py::test_list_menu[firefox] (call)
Start time: 2026-02-10 14:55:22.686896
Start name method: Courses

End time: 2026-02-10 14:55:24.536621
End name method: Logout

-----

-----
Test: tests/test_list_bar_dasboards.py::test_list_menu[chromium] (call)
Start time: 2026-02-10 14:55:25.727930
Start name method: Dasboards

End time: 2026-02-10 14:55:26.538963
End name method: login

-----

-----
Test: tests/test_login.py::test_login[chromium] (call)
Start time: 2026-02-10 14:55:26.539810
Start name method: Регистрация пользователя

End time: 2026-02-10 14:55:28.034268
End name method: Courses

-----

-----
Test: tests/test_list_bar_dasboards.py::test_list_menu[firefox] (call)
Start time: 2026-02-10 14:55:28.035103
Start name method: Logout

End time: 2026-02-10 14:55:31.889131
End name method: avtorizacia

-----
End time: 2026-02-10 14:55:32.185059
End name method: Dasboards

-----

-----
Test: tests/test_list_bar_dasboards.py::test_list_menu[chromium] (call)
Start time: 2026-02-10 14:55:32.185564
Start name method: Courses


-----
Test: tests/test_login2.py::test_hover (call)
Start time: 2026-02-10 14:55:33.232368
Start name method: Проверка, что кнопка неактивна

End time: 2026-02-10 14:55:33.414080
End name method: Logout

-----

-----
Test: tests/test_login.py::test_login[firefox] (call)
Start time: 2026-02-10 14:55:36.651359
Start name method: Регистрация пользователя

End time: 2026-02-10 14:55:37.482480
End name method: Courses

-----

-----
Test: tests/test_list_bar_dasboards.py::test_list_menu[chromium] (call)
Start time: 2026-02-10 14:55:37.483004
Start name method: Logout

End time: 2026-02-10 14:55:40.328657
End name method: Кнопка не активна, заголовок изменен

-----

-----
Test: tests/test_reg_hw.py::test_reg_hw (call)
Start time: 2026-02-10 14:55:41.187867
Start name method: register

End time: 2026-02-10 14:55:42.726172
End name method: Logout

-----
End time: 2026-02-10 14:55:44.739129
End name method: login

-----

-----
Test: tests/test_login.py::test_login[firefox] (call)
Start time: 2026-02-10 14:55:44.739818
Start name method: Регистрация пользователя


-----
Test: tests/test_registration.py::test_register1[firefox] (call)
Start time: 2026-02-10 14:55:45.241924
Start name method: register

End time: 2026-02-10 14:55:47.738021
End name method: Пользователь зарегистрирован

-----
End time: 2026-02-10 14:55:47.840727
End name method: Пользователь зарегистрирован

-----

-----
Test: tests/test_reg_hw_res.py::test_register (call)
Start time: 2026-02-10 14:55:49.133931
Start name method: register


-----
Test: tests/test_registration.py::test_register1[webkit] (call)
Start time: 2026-02-10 14:55:49.852371
Start name method: register

End time: 2026-02-10 14:55:50.096832
End name method: avtorizacia

-----
End time: 2026-02-10 14:55:51.688750
End name method: Пользователь зарегистрирован

-----

-----
Test: tests/test_login.py::test_login[webkit] (call)
Start time: 2026-02-10 14:55:52.274653
Start name method: Регистрация пользователя


-----
Test: tests/test_res_register.py::test_register (call)
Start time: 2026-02-10 14:55:52.832706
Start name method: register

End time: 2026-02-10 14:55:55.914812
End name method: Пользователь залогинен

-----

-----
Test: tests/test_registration.py::test_register1[chromium] (call)
Start time: 2026-02-10 14:55:56.861072
Start name method: register

End time: 2026-02-10 14:55:58.685429
End name method: Пользователь зарегистрирован

-----
End time: 2026-02-10 14:55:59.608222
End name method: Пользователь зарегистрирован

-----
End time: 2026-02-10 14:56:01.304445
End name method: login

-----

-----
Test: tests/test_login.py::test_login[webkit] (call)
Start time: 2026-02-10 14:56:01.305327
Start name method: Регистрация пользователя

End time: 2026-02-10 14:56:07.167256
End name method: avtorizacia

-----
