
-----
Test: tests/test_autofication/test_avtorization.py::test_autorizacia[webkit-login_password2] (call)
Start time: 2026-02-10 13:17:44.480120
Start name method: Регистрация пользователя


-----
Test: tests/test_autofication/test_avtorization.py::test_autorizacia[firefox-login_password0] (call)
Start time: 2026-02-10 13:17:46.403120
Start name method: Регистрация пользователя


-----
Test: tests/test_autofication/test_avtorization.py::test_autorizacia[firefox-login_password3] (call)
Start time: 2026-02-10 13:17:47.027438
Start name method: Регистрация пользователя

End time: 2026-02-10 13:17:53.013717
End name method: avtorizacia

-----

-----
Test: tests/test_autofication/test_avtorization.py::test_autorizacia[webkit-login_password3] (call)
Start time: 2026-02-10 13:17:54.379991
Start name method: Регистрация пользователя

End time: 2026-02-10 13:17:54.621500
End name method: avtorizacia

-----
End time: 2026-02-10 13:17:55.499091
End name method: avtorizacia

-----

-----
Test: tests/test_autofication/test_avtorization.py::test_autorizacia[webkit-login_password0] (call)
Start time: 2026-02-10 13:17:58.117026
Start name method: Регистрация пользователя


-----
Test: tests/test_autofication/test_avtorization.py::test_autorizacia[firefox-login_password1] (call)
Start time: 2026-02-10 13:17:59.044407
Start name method: Регистрация пользователя

End time: 2026-02-10 13:18:01.585821
End name method: avtorizacia

-----

-----
Test: tests/test_autofication/test_avtorization.py::test_autorizacia[chromium-login_password0] (call)
Start time: 2026-02-10 13:18:02.972018
Start name method: Регистрация пользователя

End time: 2026-02-10 13:18:06.184786
End name method: avtorizacia

-----
End time: 2026-02-10 13:18:06.397128
End name method: avtorizacia

-----

-----
Test: tests/test_autofication/test_avtorization.py::test_autorizacia[webkit-login_password1] (call)
Start time: 2026-02-10 13:18:08.801972
Start name method: Регистрация пользователя


-----
Test: tests/test_autofication/test_avtorization.py::test_autorizacia[firefox-login_password2] (call)
Start time: 2026-02-10 13:18:11.881296
Start name method: Регистрация пользователя

End time: 2026-02-10 13:18:13.264768
End name method: avtorizacia

-----

-----
Test: tests/test_autofication/test_avtorization.py::test_autorizacia[chromium-login_password1] (call)
Start time: 2026-02-10 13:18:14.671342
Start name method: Регистрация пользователя

End time: 2026-02-10 13:18:15.836904
End name method: avtorizacia

-----

-----
Test: tests/test_course.py::test_cousesed[chromium] (call)
Start time: 2026-02-10 13:18:17.575925
Start name method: course

End time: 2026-02-10 13:18:19.115423
End name method: Coursed

-----
End time: 2026-02-10 13:18:20.587344
End name method: avtorizacia

-----
End time: 2026-02-10 13:18:21.415139
End name method: avtorizacia

-----

-----
Test: tests/test_create_course.py::test_created_course[firefox] (call)
Start time: 2026-02-10 13:18:22.891676
Start name method: Created course


-----
Test: tests/test_autofication/test_avtorization.py::test_autorizacia[chromium-login_password2] (call)
Start time: 2026-02-10 13:18:22.944350
Start name method: Регистрация пользователя


-----
Test: tests/test_dasbord_grafic.py::test_dashboard[firefox] (call)
Start time: 2026-02-10 13:18:26.278874
Start name method: Страница с дашбордом

End time: 2026-02-10 13:18:26.758593
End name method: Created coursed

-----

-----
Test: tests/test_create_course.py::test_created_course[webkit] (call)
Start time: 2026-02-10 13:18:29.643804
Start name method: Created course

End time: 2026-02-10 13:18:29.831020
End name method: avtorizacia

-----

-----
Test: tests/test_autofication/test_avtorization.py::test_autorizacia[chromium-login_password3] (call)
Start time: 2026-02-10 13:18:31.052573
Start name method: Регистрация пользователя

End time: 2026-02-10 13:18:33.092100
End name method: Dashboard

-----

-----
Test: tests/test_dasbord_grafic.py::test_dashboard[webkit] (call)
Start time: 2026-02-10 13:18:35.583420
Start name method: Страница с дашбордом

End time: 2026-02-10 13:18:37.900568
End name method: avtorizacia

-----

-----
Test: tests/test_course.py::test_cousesed[firefox] (call)
Start time: 2026-02-10 13:18:41.881887
Start name method: course

End time: 2026-02-10 13:18:42.999688
End name method: Dashboard

-----
End time: 2026-02-10 13:18:43.882696
End name method: Coursed

-----

-----
Test: tests/test_dasbord_grafic.py::test_dashboard[chromium] (call)
Start time: 2026-02-10 13:18:44.693396
Start name method: Страница с дашбордом


-----
Test: tests/test_course.py::test_cousesed[webkit] (call)
Start time: 2026-02-10 13:18:46.756525
Start name method: course

End time: 2026-02-10 13:18:48.169341
End name method: Coursed

-----

-----
Test: tests/test_list_bar_dasboards.py::test_list_menu[webkit] (call)
Start time: 2026-02-10 13:18:49.916606
Start name method: Dasboards

End time: 2026-02-10 13:18:51.013935
End name method: Dashboard

-----

-----
Test: tests/test_desabled.py::test_desabled (call)
Start time: 2026-02-10 13:18:52.348553
Start name method: Проверка, что кнопка неактивна

End time: 2026-02-10 13:18:59.075037
End name method: Кнопка не активна, заголовок изменен

-----
End time: 2026-02-10 13:18:59.240899
End name method: Dasboards

-----

-----
Test: tests/test_list_bar_dasboards.py::test_list_menu[webkit] (call)
Start time: 2026-02-10 13:18:59.242127
Start name method: Courses


-----
Test: tests/test_hover.py::test_hover (call)
Start time: 2026-02-10 13:19:00.574429
Start name method: Наведение мышки на кнопку Регистрация


-----
Test: tests/test_create_course.py::test_created_course[chromium] (call)
Start time: 2026-02-10 13:19:04.761285
Start name method: Created course

End time: 2026-02-10 13:19:05.367643
End name method: Courses

-----

-----
Test: tests/test_list_bar_dasboards.py::test_list_menu[webkit] (call)
Start time: 2026-02-10 13:19:05.368529
Start name method: Logout

End time: 2026-02-10 13:19:08.018863
End name method: Created coursed

-----
End time: 2026-02-10 13:19:08.266594
End name method: hover

-----

-----
Test: tests/test_login.py::test_login[firefox] (call)
Start time: 2026-02-10 13:19:11.818857
Start name method: Регистрация пользователя


-----
Test: tests/test_list_bar_dasboards.py::test_list_menu[firefox] (call)
Start time: 2026-02-10 13:19:11.895023
Start name method: Dasboards

End time: 2026-02-10 13:19:13.234175
End name method: Logout

-----

-----
Test: tests/test_list_bar_dasboards.py::test_list_menu[chromium] (call)
Start time: 2026-02-10 13:19:15.477465
Start name method: Dasboards

End time: 2026-02-10 13:19:20.534355
End name method: Dasboards

-----

-----
Test: tests/test_list_bar_dasboards.py::test_list_menu[firefox] (call)
Start time: 2026-02-10 13:19:20.535042
Start name method: Courses

End time: 2026-02-10 13:19:21.446195
End name method: login

-----

-----
Test: tests/test_login.py::test_login[firefox] (call)
Start time: 2026-02-10 13:19:21.447112
Start name method: Регистрация пользователя

End time: 2026-02-10 13:19:22.184282
End name method: Dasboards

-----

-----
Test: tests/test_list_bar_dasboards.py::test_list_menu[chromium] (call)
Start time: 2026-02-10 13:19:22.184991
Start name method: Courses

End time: 2026-02-10 13:19:26.184055
End name method: Courses

-----

-----
Test: tests/test_list_bar_dasboards.py::test_list_menu[firefox] (call)
Start time: 2026-02-10 13:19:26.185121
Start name method: Logout

End time: 2026-02-10 13:19:26.866027
End name method: avtorizacia

-----
End time: 2026-02-10 13:19:27.795830
End name method: Courses

-----

-----
Test: tests/test_list_bar_dasboards.py::test_list_menu[chromium] (call)
Start time: 2026-02-10 13:19:27.796660
Start name method: Logout


-----
Test: tests/test_login.py::test_login[webkit] (call)
Start time: 2026-02-10 13:19:30.086548
Start name method: Регистрация пользователя

End time: 2026-02-10 13:19:31.724901
End name method: Logout

-----
End time: 2026-02-10 13:19:33.178922
End name method: Logout

-----

-----
Test: tests/test_login.py::test_login[chromium] (call)
Start time: 2026-02-10 13:19:34.756398
Start name method: Регистрация пользователя


-----
Test: tests/test_login2.py::test_hover (call)
Start time: 2026-02-10 13:19:35.088873
Start name method: Проверка, что кнопка неактивна

End time: 2026-02-10 13:19:41.974680
End name method: login

-----

-----
Test: tests/test_login.py::test_login[chromium] (call)
Start time: 2026-02-10 13:19:41.975417
Start name method: Регистрация пользователя

End time: 2026-02-10 13:19:42.248268
End name method: Кнопка не активна, заголовок изменен

-----

-----
Test: tests/test_reg_hw.py::test_reg_hw (call)
Start time: 2026-02-10 13:19:43.840330
Start name method: register

End time: 2026-02-10 13:19:43.915542
End name method: login

-----

-----
Test: tests/test_login.py::test_login[webkit] (call)
Start time: 2026-02-10 13:19:43.916443
Start name method: Регистрация пользователя

End time: 2026-02-10 13:19:47.315841
End name method: avtorizacia

-----

-----
Test: tests/test_registration.py::test_register1[firefox] (call)
Start time: 2026-02-10 13:19:50.228730
Start name method: register

End time: 2026-02-10 13:19:50.306366
End name method: avtorizacia

-----
End time: 2026-02-10 13:19:51.592063
End name method: Пользователь зарегистрирован

-----

-----
Test: tests/test_registration.py::test_register1[chromium] (call)
Start time: 2026-02-10 13:19:51.676102
Start name method: register


-----
Test: tests/test_reg_hw_res.py::test_register (call)
Start time: 2026-02-10 13:19:52.792012
Start name method: register

End time: 2026-02-10 13:19:54.013300
End name method: Пользователь зарегистрирован

-----
End time: 2026-02-10 13:19:54.552400
End name method: Пользователь зарегистрирован

-----

-----
Test: tests/test_res_register.py::test_register (call)
Start time: 2026-02-10 13:19:55.944054
Start name method: register


-----
Test: tests/test_registration.py::test_register1[webkit] (call)
Start time: 2026-02-10 13:19:56.347363
Start name method: register

End time: 2026-02-10 13:19:58.493372
End name method: Пользователь зарегистрирован

-----
End time: 2026-02-10 13:19:59.549954
End name method: Пользователь залогинен

-----
End time: 2026-02-10 13:20:03.285012
End name method: Пользователь зарегистрирован

-----
