
-----
Test: tests/test_avtorization.py::test_autorizacia[login_password0] (call)
Start time: 2025-11-12 09:10:25.175475
Start name method: Регистрация пользователя

End time: 2025-11-12 09:10:33.374825
End name method: avtorizacia

-----

-----
Test: tests/test_avtorization.py::test_autorizacia[login_password1] (call)
Start time: 2025-11-12 09:10:35.579715
Start name method: Регистрация пользователя

End time: 2025-11-12 09:10:42.807635
End name method: avtorizacia

-----

-----
Test: tests/test_avtorization.py::test_autorizacia[login_password2] (call)
Start time: 2025-11-12 09:10:45.026360
Start name method: Регистрация пользователя

End time: 2025-11-12 09:10:53.350730
End name method: avtorizacia

-----

-----
Test: tests/test_avtorization.py::test_autorizacia[login_password3] (call)
Start time: 2025-11-12 09:10:55.658138
Start name method: Регистрация пользователя

End time: 2025-11-12 09:11:03.339339
End name method: avtorizacia

-----
