
-----
Test: tests/test_login.py::test_login[firefox] (call)
Start time: 2026-02-09 13:29:05.735134
Start name method: Регистрация пользователя


-----
Test: tests/test_login.py::test_login[webkit] (call)
Start time: 2026-02-09 13:29:38.958742
Start name method: Регистрация пользователя

End time: 2026-02-09 13:30:07.780356
End name method: login

-----

-----
Test: tests/test_login.py::test_login[webkit] (call)
Start time: 2026-02-09 13:30:07.781332
Start name method: Регистрация пользователя


-----
Test: tests/test_login.py::test_login[chromium] (call)
Start time: 2026-02-09 13:30:10.290652
Start name method: Регистрация пользователя

End time: 2026-02-09 13:30:22.393504
End name method: login

-----

-----
Test: tests/test_login.py::test_login[chromium] (call)
Start time: 2026-02-09 13:30:22.394589
Start name method: Регистрация пользователя


-----
Test: tests/test_login2.py::test_hover (call)
Start time: 2026-02-09 13:30:24.230378
Start name method: Проверка, что кнопка неактивна

End time: 2026-02-09 13:30:35.158607
End name method: Кнопка не активна, заголовок изменен

-----
