
-----
Test: tests/test_login.py::test_login[firefox] (call)
Start time: 2026-01-13 21:59:31.288147
Start name method: Регистрация пользователя

End time: 2026-01-13 21:59:42.880675
End name method: login

-----

-----
Test: tests/test_login.py::test_login[firefox] (call)
Start time: 2026-01-13 21:59:42.881528
Start name method: Регистрация пользователя

End time: 2026-01-13 21:59:48.428516
End name method: avtorizacia

-----

-----
Test: tests/test_login.py::test_login[webkit] (call)
Start time: 2026-01-13 21:59:51.773850
Start name method: Регистрация пользователя

End time: 2026-01-13 22:00:18.584300
End name method: login

-----

-----
Test: tests/test_login.py::test_login[webkit] (call)
Start time: 2026-01-13 22:00:18.585460
Start name method: Регистрация пользователя

End time: 2026-01-13 22:00:25.213326
End name method: avtorizacia

-----

-----
Test: tests/test_login.py::test_login[chromium] (call)
Start time: 2026-01-13 22:00:27.429994
Start name method: Регистрация пользователя

End time: 2026-01-13 22:00:47.560615
End name method: login

-----

-----
Test: tests/test_login.py::test_login[chromium] (call)
Start time: 2026-01-13 22:00:47.561688
Start name method: Регистрация пользователя

End time: 2026-01-13 22:00:52.850063
End name method: avtorizacia

-----

-----
Test: tests/test_login2.py::test_hover (call)
Start time: 2026-01-13 22:00:55.246690
Start name method: Проверка, что кнопка неактивна

End time: 2026-01-13 22:01:03.149453
End name method: Кнопка не активна, заголовок изменен

-----
