
-----
Test: tests/test_dasbord_grafic.py::test_dashboard[chromium] (call)
Start time: 2025-12-09 21:23:39.255170
Start name method: Страница с дашбордом

End time: 2025-12-09 21:23:48.086141
End name method: Dashboard

-----

-----
Test: tests/test_dasbord_grafic.py::test_dashboard[chromium] (call)
Start time: 2025-12-09 21:23:48.087134
Start name method: Страница с дашбордом

End time: 2025-12-09 21:23:53.185054
End name method: Dashboard

-----

-----
Test: tests/test_dasbord_grafic.py::test_dashboard[firefox] (call)
Start time: 2025-12-09 21:23:59.592211
Start name method: Страница с дашбордом

End time: 2025-12-09 21:24:18.726598
End name method: Dashboard

-----

-----
Test: tests/test_dasbord_grafic.py::test_dashboard[firefox] (call)
Start time: 2025-12-09 21:24:18.727597
Start name method: Страница с дашбордом

End time: 2025-12-09 21:24:23.848835
End name method: Dashboard

-----
