
-----
Test: tests/test_autofication/test_avtorization.py::test_autorizacia[webkit-login_password0] (call)
Start time: 2026-01-08 22:27:44.173435
Start name method: Регистрация пользователя

End time: 2026-01-08 22:27:58.022868
End name method: avtorizacia

-----

-----
Test: tests/test_autofication/test_avtorization.py::test_autorizacia[firefox-login_password0] (call)
Start time: 2026-01-08 22:27:58.705774
Start name method: Регистрация пользователя


-----
Test: tests/test_autofication/test_avtorization.py::test_autorizacia[webkit-login_password1] (call)
Start time: 2026-01-08 22:28:05.108787
Start name method: Регистрация пользователя

End time: 2026-01-08 22:28:11.513655
End name method: avtorizacia

-----
End time: 2026-01-08 22:28:22.830132
End name method: avtorizacia

-----

-----
Test: tests/test_login.py::test_login[chromium] (call)
Start time: 2026-01-08 22:28:30.136537
Start name method: Регистрация пользователя


-----
Test: tests/test_autofication/test_avtorization.py::test_autorizacia[firefox-login_password1] (call)
Start time: 2026-01-08 22:28:38.873317
Start name method: Регистрация пользователя

End time: 2026-01-08 22:28:41.547021
End name method: login

-----

-----
Test: tests/test_login.py::test_login[chromium] (call)
Start time: 2026-01-08 22:28:41.548220
Start name method: Регистрация пользователя


-----
Test: tests/test_my_nalog_avtorizacia.py::test_reg_my_nalog[chromium-login_password1] (call)
Start time: 2026-01-08 22:28:48.391007
Start name method: Регистрация пользователя my nalog

End time: 2026-01-08 22:28:50.703929
End name method: avtorizacia

-----

-----
Test: tests/test_my_nalog_avtorizacia.py::test_reg_my_nalog[webkit-login_password3] (call)
Start time: 2026-01-08 22:28:56.273266
Start name method: Регистрация пользователя my nalog


-----
Test: tests/test_reg_hw_res.py::test_register (call)
Start time: 2026-01-08 22:29:16.856940
Start name method: register

End time: 2026-01-08 22:29:24.066036
End name method: Пользователь залогинен

-----

-----
Test: tests/test_registration.py::test_register1[firefox] (call)
Start time: 2026-01-08 22:29:28.420375
Start name method: register

End time: 2026-01-08 22:29:32.595070
End name method: Пользователь зарегистрирован

-----

-----
Test: tests/test_autofication/test_avtorization.py::test_autorizacia[firefox-login_password2] (call)
Start time: 2026-01-08 22:29:46.082538
Start name method: Регистрация пользователя

End time: 2026-01-08 22:29:55.706465
End name method: avtorizacia

-----

-----
Test: tests/test_autofication/test_avtorization.py::test_autorizacia[firefox-login_password3] (call)
Start time: 2026-01-08 22:30:01.626261
Start name method: Регистрация пользователя

End time: 2026-01-08 22:30:10.318258
End name method: avtorizacia

-----
