
-----
Test: tests/test_avtorization.py::test_autirizacia (call)
Start time: 2025-10-30 11:48:46.932050
Start name method: Регистрация пользователя

End time: 2025-10-30 11:48:54.626642
End name method: avtorizacia

-----

-----
Test: tests/test_desabled.py::test_desabled (call)
Start time: 2025-10-30 11:48:56.964444
Start name method: Проверка, что кнопка неактивна

End time: 2025-10-30 11:49:05.178246
End name method: Кнопка не активна, заголовок изменен

-----

-----
Test: tests/test_hover.py::test_hover (call)
Start time: 2025-10-30 11:49:07.571952
Start name method: Наведение мышки на кнопку Регистрация

End time: 2025-10-30 11:49:15.058323
End name method: hover

-----

-----
Test: tests/test_login.py::test_login (call)
Start time: 2025-10-30 11:49:17.384952
Start name method: Регистрация пользователя

End time: 2025-10-30 11:49:25.428966
End name method: login

-----

-----
Test: tests/test_login2.py::test_hover (call)
Start time: 2025-10-30 11:49:27.623814
Start name method: Проверка, что кнопка неактивна

End time: 2025-10-30 11:49:36.080406
End name method: Кнопка не активна, заголовок изменен

-----

-----
Test: tests/test_reg_hw.py::test_reg_hw (call)
Start time: 2025-10-30 11:49:38.336761
Start name method: register

End time: 2025-10-30 11:49:45.880186
End name method: Пользователь зарегистрирован

-----

-----
Test: tests/test_reg_hw_res.py::test_register (call)
Start time: 2025-10-30 11:49:48.696103
Start name method: register

End time: 2025-10-30 11:49:56.928771
End name method: Пользователь залогинен

-----

-----
Test: tests/test_registration.py::test_register (call)
Start time: 2025-10-30 11:49:59.126708
Start name method: register

End time: 2025-10-30 11:50:06.132890
End name method: Пользователь зарегистрирован

-----

-----
Test: tests/test_res_register.py::test_register (call)
Start time: 2025-10-30 11:50:08.728358
Start name method: register

End time: 2025-10-30 11:50:16.546268
End name method: Пользователь зарегистрирован

-----
