
-----
Test: tests/test_autofication/test_avtorization.py::test_autorizacia[login_password0] (call)
Start time: 2025-12-16 21:36:24.505466
Start name method: Регистрация пользователя

End time: 2025-12-16 21:36:33.748065
End name method: avtorizacia

-----

-----
Test: tests/test_autofication/test_avtorization.py::test_autorizacia[login_password1] (call)
Start time: 2025-12-16 21:36:35.723691
Start name method: Регистрация пользователя

End time: 2025-12-16 21:36:44.076465
End name method: avtorizacia

-----

-----
Test: tests/test_autofication/test_avtorization.py::test_autorizacia[login_password2] (call)
Start time: 2025-12-16 21:36:46.039470
Start name method: Регистрация пользователя

End time: 2025-12-16 21:36:53.729057
End name method: avtorizacia

-----

-----
Test: tests/test_autofication/test_avtorization.py::test_autorizacia[login_password3] (call)
Start time: 2025-12-16 21:36:55.874272
Start name method: Регистрация пользователя

End time: 2025-12-16 21:37:04.494238
End name method: avtorizacia

-----
