
-----
Test: tests/test_autofication/test_avtorization.py::test_autorizacia[webkit-login_password2] (call)
Start time: 2026-02-10 14:12:03.035808
Start name method: Регистрация пользователя


-----
Test: tests/test_autofication/test_avtorization.py::test_autorizacia[firefox-login_password3] (call)
Start time: 2026-02-10 14:12:05.172938
Start name method: Регистрация пользователя


-----
Test: tests/test_autofication/test_avtorization.py::test_autorizacia[firefox-login_password0] (call)
Start time: 2026-02-10 14:12:06.182523
Start name method: Регистрация пользователя

End time: 2026-02-10 14:12:11.736952
End name method: avtorizacia

-----

-----
Test: tests/test_autofication/test_avtorization.py::test_autorizacia[webkit-login_password3] (call)
Start time: 2026-02-10 14:12:13.503005
Start name method: Регистрация пользователя

End time: 2026-02-10 14:12:13.557383
End name method: avtorizacia

-----
End time: 2026-02-10 14:12:13.935593
End name method: avtorizacia

-----

-----
Test: tests/test_autofication/test_avtorization.py::test_autorizacia[webkit-login_password0] (call)
Start time: 2026-02-10 14:12:16.739467
Start name method: Регистрация пользователя


-----
Test: tests/test_autofication/test_avtorization.py::test_autorizacia[firefox-login_password1] (call)
Start time: 2026-02-10 14:12:18.791486
Start name method: Регистрация пользователя

End time: 2026-02-10 14:12:21.825475
End name method: avtorizacia

-----

-----
Test: tests/test_autofication/test_avtorization.py::test_autorizacia[chromium-login_password0] (call)
Start time: 2026-02-10 14:12:23.207508
Start name method: Регистрация пользователя

End time: 2026-02-10 14:12:23.599168
End name method: avtorizacia

-----

-----
Test: tests/test_autofication/test_avtorization.py::test_autorizacia[webkit-login_password1] (call)
Start time: 2026-02-10 14:12:25.381029
Start name method: Регистрация пользователя

End time: 2026-02-10 14:12:25.827226
End name method: avtorizacia

-----

-----
Test: tests/test_autofication/test_avtorization.py::test_autorizacia[firefox-login_password2] (call)
Start time: 2026-02-10 14:12:30.550129
Start name method: Регистрация пользователя

End time: 2026-02-10 14:12:33.878939
End name method: avtorizacia

-----
End time: 2026-02-10 14:12:33.914199
End name method: avtorizacia

-----

-----
Test: tests/test_autofication/test_avtorization.py::test_autorizacia[chromium-login_password1] (call)
Start time: 2026-02-10 14:12:35.685656
Start name method: Регистрация пользователя


-----
Test: tests/test_course.py::test_cousesed[chromium] (call)
Start time: 2026-02-10 14:12:35.733649
Start name method: course

End time: 2026-02-10 14:12:38.558086
End name method: Coursed

-----
End time: 2026-02-10 14:12:38.718351
End name method: avtorizacia

-----

-----
Test: tests/test_create_course.py::test_created_course[firefox] (call)
Start time: 2026-02-10 14:12:43.166806
Start name method: Created course

End time: 2026-02-10 14:12:43.681724
End name method: avtorizacia

-----

-----
Test: tests/test_dasbord_grafic.py::test_dashboard[firefox] (call)
Start time: 2026-02-10 14:12:44.456310
Start name method: Страница с дашбордом


-----
Test: tests/test_autofication/test_avtorization.py::test_autorizacia[chromium-login_password2] (call)
Start time: 2026-02-10 14:12:45.497814
Start name method: Регистрация пользователя

End time: 2026-02-10 14:12:48.057941
End name method: Created coursed

-----

-----
Test: tests/test_create_course.py::test_created_course[webkit] (call)
Start time: 2026-02-10 14:12:50.741291
Start name method: Created course

End time: 2026-02-10 14:12:51.613344
End name method: Dashboard

-----
End time: 2026-02-10 14:12:52.340209
End name method: avtorizacia

-----

-----
Test: tests/test_autofication/test_avtorization.py::test_autorizacia[chromium-login_password3] (call)
Start time: 2026-02-10 14:12:53.777581
Start name method: Регистрация пользователя


-----
Test: tests/test_dasbord_grafic.py::test_dashboard[webkit] (call)
Start time: 2026-02-10 14:12:54.471003
Start name method: Страница с дашбордом

End time: 2026-02-10 14:12:56.013357
End name method: Created coursed

-----

-----
Test: tests/test_create_course.py::test_created_course[chromium] (call)
Start time: 2026-02-10 14:12:57.234816
Start name method: Created course

End time: 2026-02-10 14:13:00.141292
End name method: Created coursed

-----
End time: 2026-02-10 14:13:00.185254
End name method: avtorizacia

-----
End time: 2026-02-10 14:13:00.660497
End name method: Dashboard

-----

-----
Test: tests/test_desabled.py::test_desabled (call)
Start time: 2026-02-10 14:13:01.528312
Start name method: Проверка, что кнопка неактивна


-----
Test: tests/test_dasbord_grafic.py::test_dashboard[chromium] (call)
Start time: 2026-02-10 14:13:02.008847
Start name method: Страница с дашбордом


-----
Test: tests/test_course.py::test_cousesed[firefox] (call)
Start time: 2026-02-10 14:13:04.156464
Start name method: course

End time: 2026-02-10 14:13:05.834018
End name method: Coursed

-----

-----
Test: tests/test_course.py::test_cousesed[webkit] (call)
Start time: 2026-02-10 14:13:08.151301
Start name method: course

End time: 2026-02-10 14:13:08.235660
End name method: Dashboard

-----
End time: 2026-02-10 14:13:09.025787
End name method: Кнопка не активна, заголовок изменен

-----

-----
Test: tests/test_list_bar_dasboards.py::test_list_menu[webkit] (call)
Start time: 2026-02-10 14:13:09.885284
Start name method: Dasboards


-----
Test: tests/test_hover.py::test_hover (call)
Start time: 2026-02-10 14:13:10.278654
Start name method: Наведение мышки на кнопку Регистрация

End time: 2026-02-10 14:13:10.402536
End name method: Coursed

-----

-----
Test: tests/test_login.py::test_login[firefox] (call)
Start time: 2026-02-10 14:13:13.289804
Start name method: Регистрация пользователя

End time: 2026-02-10 14:13:16.783677
End name method: hover

-----
End time: 2026-02-10 14:13:18.633627
End name method: Dasboards

-----

-----
Test: tests/test_list_bar_dasboards.py::test_list_menu[webkit] (call)
Start time: 2026-02-10 14:13:18.634680
Start name method: Courses


-----
Test: tests/test_list_bar_dasboards.py::test_list_menu[firefox] (call)
Start time: 2026-02-10 14:13:20.130854
Start name method: Dasboards

End time: 2026-02-10 14:13:22.163572
End name method: login

-----

-----
Test: tests/test_login.py::test_login[firefox] (call)
Start time: 2026-02-10 14:13:22.164811
Start name method: Регистрация пользователя

End time: 2026-02-10 14:13:24.188043
End name method: Courses

-----

-----
Test: tests/test_list_bar_dasboards.py::test_list_menu[webkit] (call)
Start time: 2026-02-10 14:13:24.189060
Start name method: Logout

End time: 2026-02-10 14:13:27.629383
End name method: avtorizacia

-----
End time: 2026-02-10 14:13:29.064753
End name method: Dasboards

-----

-----
Test: tests/test_list_bar_dasboards.py::test_list_menu[firefox] (call)
Start time: 2026-02-10 14:13:29.065342
Start name method: Courses


-----
Test: tests/test_login.py::test_login[webkit] (call)
Start time: 2026-02-10 14:13:30.086782
Start name method: Регистрация пользователя

End time: 2026-02-10 14:13:31.547062
End name method: Logout

-----

-----
Test: tests/test_list_bar_dasboards.py::test_list_menu[chromium] (call)
Start time: 2026-02-10 14:13:33.481462
Start name method: Dasboards

End time: 2026-02-10 14:13:34.476148
End name method: Courses

-----

-----
Test: tests/test_list_bar_dasboards.py::test_list_menu[firefox] (call)
Start time: 2026-02-10 14:13:34.476816
Start name method: Logout

End time: 2026-02-10 14:13:40.227127
End name method: Logout

-----
End time: 2026-02-10 14:13:40.421534
End name method: Dasboards

-----

-----
Test: tests/test_list_bar_dasboards.py::test_list_menu[chromium] (call)
Start time: 2026-02-10 14:13:40.422268
Start name method: Courses

End time: 2026-02-10 14:13:41.361938
End name method: login

-----

-----
Test: tests/test_login.py::test_login[webkit] (call)
Start time: 2026-02-10 14:13:41.362604
Start name method: Регистрация пользователя


-----
Test: tests/test_login.py::test_login[chromium] (call)
Start time: 2026-02-10 14:13:43.349439
Start name method: Регистрация пользователя

End time: 2026-02-10 14:13:45.833739
End name method: Courses

-----

-----
Test: tests/test_list_bar_dasboards.py::test_list_menu[chromium] (call)
Start time: 2026-02-10 14:13:45.834542
Start name method: Logout

End time: 2026-02-10 14:13:47.682517
End name method: avtorizacia

-----

-----
Test: tests/test_login2.py::test_hover (call)
Start time: 2026-02-10 14:13:48.854931
Start name method: Проверка, что кнопка неактивна

End time: 2026-02-10 14:13:50.956560
End name method: login

-----

-----
Test: tests/test_login.py::test_login[chromium] (call)
Start time: 2026-02-10 14:13:50.957971
Start name method: Регистрация пользователя

End time: 2026-02-10 14:13:51.242540
End name method: Logout

-----

-----
Test: tests/test_reg_hw.py::test_reg_hw (call)
Start time: 2026-02-10 14:13:53.052804
Start name method: register

End time: 2026-02-10 14:13:56.299084
End name method: avtorizacia

-----
End time: 2026-02-10 14:13:57.305611
End name method: Кнопка не активна, заголовок изменен

-----

-----
Test: tests/test_registration.py::test_register1[chromium] (call)
Start time: 2026-02-10 14:13:58.796979
Start name method: register


-----
Test: tests/test_registration.py::test_register1[firefox] (call)
Start time: 2026-02-10 14:13:59.996605
Start name method: register

End time: 2026-02-10 14:14:00.912379
End name method: Пользователь зарегистрирован

-----
End time: 2026-02-10 14:14:01.784592
End name method: Пользователь зарегистрирован

-----

-----
Test: tests/test_reg_hw_res.py::test_register (call)
Start time: 2026-02-10 14:14:02.757305
Start name method: register

End time: 2026-02-10 14:14:02.948016
End name method: Пользователь зарегистрирован

-----

-----
Test: tests/test_res_register.py::test_register (call)
Start time: 2026-02-10 14:14:03.584128
Start name method: register


-----
Test: tests/test_registration.py::test_register1[webkit] (call)
Start time: 2026-02-10 14:14:05.198561
Start name method: register

End time: 2026-02-10 14:14:07.679518
End name method: Пользователь зарегистрирован

-----
End time: 2026-02-10 14:14:09.733985
End name method: Пользователь залогинен

-----
End time: 2026-02-10 14:14:11.059929
End name method: Пользователь зарегистрирован

-----
