
-----
Test: tests/test_login.py::test_login[firefox] (call)
Start time: 2026-02-09 13:34:43.346761
Start name method: Регистрация пользователя

End time: 2026-02-09 13:35:05.247807
End name method: login

-----

-----
Test: tests/test_login.py::test_login[firefox] (call)
Start time: 2026-02-09 13:35:05.248749
Start name method: Регистрация пользователя


-----
Test: tests/test_login.py::test_login[webkit] (call)
Start time: 2026-02-09 13:35:08.334839
Start name method: Регистрация пользователя

End time: 2026-02-09 13:35:20.496313
End name method: login

-----

-----
Test: tests/test_login.py::test_login[webkit] (call)
Start time: 2026-02-09 13:35:20.497519
Start name method: Регистрация пользователя


-----
Test: tests/test_login.py::test_login[chromium] (call)
Start time: 2026-02-09 13:35:22.590751
Start name method: Регистрация пользователя

End time: 2026-02-09 13:35:32.393170
End name method: login

-----

-----
Test: tests/test_login.py::test_login[chromium] (call)
Start time: 2026-02-09 13:35:32.394157
Start name method: Регистрация пользователя


-----
Test: tests/test_login2.py::test_hover (call)
Start time: 2026-02-09 13:35:34.145470
Start name method: Проверка, что кнопка неактивна

End time: 2026-02-09 13:35:42.698242
End name method: Кнопка не активна, заголовок изменен

-----
