
-----
Test: tests/test_autofication/test_avtorization.py::test_autorizacia[webkit-login_password2] (call)
Start time: 2026-02-09 14:20:44.594757
Start name method: Регистрация пользователя


-----
Test: tests/test_autofication/test_avtorization.py::test_autorizacia[firefox-login_password3] (call)
Start time: 2026-02-09 14:20:46.711330
Start name method: Регистрация пользователя


-----
Test: tests/test_autofication/test_avtorization.py::test_autorizacia[firefox-login_password0] (call)
Start time: 2026-02-09 14:20:47.448945
Start name method: Регистрация пользователя

End time: 2026-02-09 14:20:53.352092
End name method: avtorizacia

-----
End time: 2026-02-09 14:20:54.255353
End name method: avtorizacia

-----
End time: 2026-02-09 14:20:55.089871
End name method: avtorizacia

-----

-----
Test: tests/test_autofication/test_avtorization.py::test_autorizacia[webkit-login_password3] (call)
Start time: 2026-02-09 14:20:55.275560
Start name method: Регистрация пользователя


-----
Test: tests/test_autofication/test_avtorization.py::test_autorizacia[webkit-login_password0] (call)
Start time: 2026-02-09 14:20:57.249291
Start name method: Регистрация пользователя


-----
Test: tests/test_autofication/test_avtorization.py::test_autorizacia[firefox-login_password1] (call)
Start time: 2026-02-09 14:20:59.903573
Start name method: Регистрация пользователя

End time: 2026-02-09 14:21:03.933105
End name method: avtorizacia

-----

-----
Test: tests/test_autofication/test_avtorization.py::test_autorizacia[chromium-login_password0] (call)
Start time: 2026-02-09 14:21:05.094988
Start name method: Регистрация пользователя

End time: 2026-02-09 14:21:05.118551
End name method: avtorizacia

-----

-----
Test: tests/test_autofication/test_avtorization.py::test_autorizacia[webkit-login_password1] (call)
Start time: 2026-02-09 14:21:06.431217
Start name method: Регистрация пользователя

End time: 2026-02-09 14:21:07.274693
End name method: avtorizacia

-----

-----
Test: tests/test_autofication/test_avtorization.py::test_autorizacia[firefox-login_password2] (call)
Start time: 2026-02-09 14:21:11.505351
Start name method: Регистрация пользователя

End time: 2026-02-09 14:21:14.452340
End name method: avtorizacia

-----
End time: 2026-02-09 14:21:15.563811
End name method: avtorizacia

-----

-----
Test: tests/test_autofication/test_avtorization.py::test_autorizacia[chromium-login_password1] (call)
Start time: 2026-02-09 14:21:16.182173
Start name method: Регистрация пользователя


-----
Test: tests/test_course.py::test_cousesed[chromium] (call)
Start time: 2026-02-09 14:21:17.715661
Start name method: course

End time: 2026-02-09 14:21:19.038266
End name method: Coursed

-----

-----
Test: tests/test_create_course.py::test_created_course[firefox] (call)
Start time: 2026-02-09 14:21:22.613164
Start name method: Created course

End time: 2026-02-09 14:21:23.002362
End name method: avtorizacia

-----
End time: 2026-02-09 14:21:23.014800
End name method: avtorizacia

-----

-----
Test: tests/test_autofication/test_avtorization.py::test_autorizacia[chromium-login_password2] (call)
Start time: 2026-02-09 14:21:24.608888
Start name method: Регистрация пользователя

End time: 2026-02-09 14:21:27.200363
End name method: Created coursed

-----

-----
Test: tests/test_dasbord_grafic.py::test_dashboard[firefox] (call)
Start time: 2026-02-09 14:21:28.636742
Start name method: Страница с дашбордом


-----
Test: tests/test_create_course.py::test_created_course[webkit] (call)
Start time: 2026-02-09 14:21:30.187151
Start name method: Created course

End time: 2026-02-09 14:21:31.154567
End name method: avtorizacia

-----

-----
Test: tests/test_autofication/test_avtorization.py::test_autorizacia[chromium-login_password3] (call)
Start time: 2026-02-09 14:21:32.488731
Start name method: Регистрация пользователя

End time: 2026-02-09 14:21:39.052219
End name method: avtorizacia

-----
End time: 2026-02-09 14:21:39.591750
End name method: Dashboard

-----

-----
Test: tests/test_dasbord_grafic.py::test_dashboard[webkit] (call)
Start time: 2026-02-09 14:21:43.397889
Start name method: Страница с дашбордом


-----
Test: tests/test_course.py::test_cousesed[firefox] (call)
Start time: 2026-02-09 14:21:44.085208
Start name method: course

End time: 2026-02-09 14:21:47.989267
End name method: Coursed

-----

-----
Test: tests/test_course.py::test_cousesed[webkit] (call)
Start time: 2026-02-09 14:21:50.561639
Start name method: course

End time: 2026-02-09 14:21:51.592606
End name method: Dashboard

-----

-----
Test: tests/test_dasbord_grafic.py::test_dashboard[chromium] (call)
Start time: 2026-02-09 14:21:53.026786
Start name method: Страница с дашбордом

End time: 2026-02-09 14:21:53.126261
End name method: Coursed

-----

-----
Test: tests/test_desabled.py::test_desabled (call)
Start time: 2026-02-09 14:21:54.346405
Start name method: Проверка, что кнопка неактивна

End time: 2026-02-09 14:21:59.078197
End name method: Dashboard

-----
End time: 2026-02-09 14:22:01.064715
End name method: Кнопка не активна, заголовок изменен

-----

-----
Test: tests/test_list_bar_dasboards.py::test_list_menu[webkit] (call)
Start time: 2026-02-09 14:22:01.243485
Start name method: Dasboards


-----
Test: tests/test_hover.py::test_hover (call)
Start time: 2026-02-09 14:22:02.402163
Start name method: Наведение мышки на кнопку Регистрация


-----
Test: tests/test_create_course.py::test_created_course[chromium] (call)
Start time: 2026-02-09 14:22:06.828984
Start name method: Created course

End time: 2026-02-09 14:22:09.015963
End name method: Created coursed

-----

-----
Test: tests/test_login.py::test_login[firefox] (call)
Start time: 2026-02-09 14:22:11.714820
Start name method: Регистрация пользователя

End time: 2026-02-09 14:22:13.638118
End name method: hover

-----
End time: 2026-02-09 14:22:14.910192
End name method: Dasboards

-----

-----
Test: tests/test_list_bar_dasboards.py::test_list_menu[webkit] (call)
Start time: 2026-02-09 14:22:14.911095
Start name method: Courses


-----
Test: tests/test_list_bar_dasboards.py::test_list_menu[firefox] (call)
Start time: 2026-02-09 14:22:17.779116
Start name method: Dasboards

End time: 2026-02-09 14:22:20.518307
End name method: Courses

-----

-----
Test: tests/test_list_bar_dasboards.py::test_list_menu[webkit] (call)
Start time: 2026-02-09 14:22:20.519097
Start name method: Logout

End time: 2026-02-09 14:22:21.817916
End name method: login

-----

-----
Test: tests/test_login.py::test_login[firefox] (call)
Start time: 2026-02-09 14:22:21.818882
Start name method: Регистрация пользователя

End time: 2026-02-09 14:22:27.286365
End name method: avtorizacia

-----
End time: 2026-02-09 14:22:28.490093
End name method: Logout

-----

-----
Test: tests/test_list_bar_dasboards.py::test_list_menu[chromium] (call)
Start time: 2026-02-09 14:22:30.531715
Start name method: Dasboards


-----
Test: tests/test_login.py::test_login[webkit] (call)
Start time: 2026-02-09 14:22:30.572136
Start name method: Регистрация пользователя

End time: 2026-02-09 14:22:38.018160
End name method: Dasboards

-----

-----
Test: tests/test_list_bar_dasboards.py::test_list_menu[firefox] (call)
Start time: 2026-02-09 14:22:38.018811
Start name method: Courses

End time: 2026-02-09 14:22:38.613521
End name method: Dasboards

-----

-----
Test: tests/test_list_bar_dasboards.py::test_list_menu[chromium] (call)
Start time: 2026-02-09 14:22:38.614317
Start name method: Courses

End time: 2026-02-09 14:22:42.440539
End name method: login

-----

-----
Test: tests/test_login.py::test_login[webkit] (call)
Start time: 2026-02-09 14:22:42.441400
Start name method: Регистрация пользователя

End time: 2026-02-09 14:22:43.671136
End name method: Courses

-----

-----
Test: tests/test_list_bar_dasboards.py::test_list_menu[firefox] (call)
Start time: 2026-02-09 14:22:43.672034
Start name method: Logout

End time: 2026-02-09 14:22:44.229519
End name method: Courses

-----

-----
Test: tests/test_list_bar_dasboards.py::test_list_menu[chromium] (call)
Start time: 2026-02-09 14:22:44.230564
Start name method: Logout

End time: 2026-02-09 14:22:48.993001
End name method: avtorizacia

-----
End time: 2026-02-09 14:22:49.222845
End name method: Logout

-----
End time: 2026-02-09 14:22:49.594824
End name method: Logout

-----

-----
Test: tests/test_login2.py::test_hover (call)
Start time: 2026-02-09 14:22:50.427684
Start name method: Проверка, что кнопка неактивна


-----
Test: tests/test_reg_hw.py::test_reg_hw (call)
Start time: 2026-02-09 14:22:51.095191
Start name method: register


-----
Test: tests/test_login.py::test_login[chromium] (call)
Start time: 2026-02-09 14:22:51.720786
Start name method: Регистрация пользователя

End time: 2026-02-09 14:22:59.277884
End name method: login

-----

-----
Test: tests/test_login.py::test_login[chromium] (call)
Start time: 2026-02-09 14:22:59.278637
Start name method: Регистрация пользователя

End time: 2026-02-09 14:22:59.314266
End name method: Кнопка не активна, заголовок изменен

-----
End time: 2026-02-09 14:23:00.001423
End name method: Пользователь зарегистрирован

-----

-----
Test: tests/test_registration.py::test_register1[webkit] (call)
Start time: 2026-02-09 14:23:01.150689
Start name method: register


-----
Test: tests/test_reg_hw_res.py::test_register (call)
Start time: 2026-02-09 14:23:01.547194
Start name method: register

End time: 2026-02-09 14:23:04.603571
End name method: Пользователь зарегистрирован

-----
End time: 2026-02-09 14:23:04.624146
End name method: avtorizacia

-----

-----
Test: tests/test_registration.py::test_register1[chromium] (call)
Start time: 2026-02-09 14:23:06.231505
Start name method: register

End time: 2026-02-09 14:23:08.205020
End name method: Пользователь зарегистрирован

-----

-----
Test: tests/test_registration.py::test_register1[firefox] (call)
Start time: 2026-02-09 14:23:08.654289
Start name method: register

End time: 2026-02-09 14:23:09.171887
End name method: Пользователь залогинен

-----
End time: 2026-02-09 14:23:11.301500
End name method: Пользователь зарегистрирован

-----

-----
Test: tests/test_res_register.py::test_register (call)
Start time: 2026-02-09 14:23:13.361056
Start name method: register

End time: 2026-02-09 14:23:20.281997
End name method: Пользователь зарегистрирован

-----
