
-----
Test: tests/test_login.py::test_login[firefox] (call)
Start time: 2026-02-09 13:23:38.551351
Start name method: Регистрация пользователя

End time: 2026-02-09 13:23:52.804448
End name method: login

-----

-----
Test: tests/test_login.py::test_login[firefox] (call)
Start time: 2026-02-09 13:23:52.805194
Start name method: Регистрация пользователя


-----
Test: tests/test_login.py::test_login[webkit] (call)
Start time: 2026-02-09 13:23:55.720210
Start name method: Регистрация пользователя

End time: 2026-02-09 13:24:07.261485
End name method: login

-----

-----
Test: tests/test_login.py::test_login[webkit] (call)
Start time: 2026-02-09 13:24:07.262601
Start name method: Регистрация пользователя


-----
Test: tests/test_login.py::test_login[chromium] (call)
Start time: 2026-02-09 13:24:09.508409
Start name method: Регистрация пользователя

End time: 2026-02-09 13:24:19.730246
End name method: login

-----

-----
Test: tests/test_login.py::test_login[chromium] (call)
Start time: 2026-02-09 13:24:19.731014
Start name method: Регистрация пользователя


-----
Test: tests/test_login2.py::test_hover (call)
Start time: 2026-02-09 13:24:21.434950
Start name method: Проверка, что кнопка неактивна

End time: 2026-02-09 13:24:30.107688
End name method: Кнопка не активна, заголовок изменен

-----
