
-----
Test: tests/test_create_course.py::test_created_course[firefox] (call)
Start time: 2026-01-15 21:34:30.775246
Start name method: Created course

End time: 2026-01-15 21:34:36.992582
End name method: Created coursed

-----

-----
Test: tests/test_create_course.py::test_created_course[webkit] (call)
Start time: 2026-01-15 21:34:40.444734
Start name method: Created course

End time: 2026-01-15 21:34:47.683614
End name method: Created coursed

-----

-----
Test: tests/test_create_course.py::test_created_course[chromium] (call)
Start time: 2026-01-15 21:34:50.387103
Start name method: Created course

End time: 2026-01-15 21:34:57.420460
End name method: Created coursed

-----
