
-----
Test: tests/test_autofication/test_avtorization.py::test_autorizacia[login_password0] (call)
Start time: 2025-12-16 21:41:07.151494
Start name method: Регистрация пользователя

End time: 2025-12-16 21:41:14.712941
End name method: avtorizacia

-----

-----
Test: tests/test_autofication/test_avtorization.py::test_autorizacia[login_password1] (call)
Start time: 2025-12-16 21:41:16.668298
Start name method: Регистрация пользователя

End time: 2025-12-16 21:41:25.977792
End name method: avtorizacia

-----

-----
Test: tests/test_autofication/test_avtorization.py::test_autorizacia[login_password2] (call)
Start time: 2025-12-16 21:41:27.964621
Start name method: Регистрация пользователя

End time: 2025-12-16 21:41:37.891053
End name method: avtorizacia

-----

-----
Test: tests/test_autofication/test_avtorization.py::test_autorizacia[login_password3] (call)
Start time: 2025-12-16 21:41:39.875480
Start name method: Регистрация пользователя

End time: 2025-12-16 21:41:49.128203
End name method: avtorizacia

-----
