
-----
Test: tests/test_autofication/test_avtorization.py::test_autorizacia[webkit-login_password2] (call)
Start time: 2026-02-08 21:48:32.300997
Start name method: Регистрация пользователя


-----
Test: tests/test_autofication/test_avtorization.py::test_autorizacia[firefox-login_password0] (call)
Start time: 2026-02-08 21:48:34.286544
Start name method: Регистрация пользователя


-----
Test: tests/test_autofication/test_avtorization.py::test_autorizacia[firefox-login_password3] (call)
Start time: 2026-02-08 21:48:35.445028
Start name method: Регистрация пользователя

End time: 2026-02-08 21:48:42.678187
End name method: avtorizacia

-----
End time: 2026-02-08 21:48:44.065997
End name method: avtorizacia

-----
End time: 2026-02-08 21:48:44.216546
End name method: avtorizacia

-----

-----
Test: tests/test_autofication/test_avtorization.py::test_autorizacia[webkit-login_password3] (call)
Start time: 2026-02-08 21:48:46.225579
Start name method: Регистрация пользователя


-----
Test: tests/test_autofication/test_avtorization.py::test_autorizacia[webkit-login_password0] (call)
Start time: 2026-02-08 21:48:47.239162
Start name method: Регистрация пользователя


-----
Test: tests/test_autofication/test_avtorization.py::test_autorizacia[firefox-login_password1] (call)
Start time: 2026-02-08 21:48:47.571453
Start name method: Регистрация пользователя

End time: 2026-02-08 21:48:55.774696
End name method: avtorizacia

-----
End time: 2026-02-08 21:48:56.241394
End name method: avtorizacia

-----
End time: 2026-02-08 21:48:57.203523
End name method: avtorizacia

-----

-----
Test: tests/test_autofication/test_avtorization.py::test_autorizacia[webkit-login_password1] (call)
Start time: 2026-02-08 21:48:57.680693
Start name method: Регистрация пользователя


-----
Test: tests/test_autofication/test_avtorization.py::test_autorizacia[chromium-login_password0] (call)
Start time: 2026-02-08 21:48:58.525451
Start name method: Регистрация пользователя


-----
Test: tests/test_autofication/test_avtorization.py::test_autorizacia[firefox-login_password2] (call)
Start time: 2026-02-08 21:49:03.423664
Start name method: Регистрация пользователя

End time: 2026-02-08 21:49:07.426800
End name method: avtorizacia

-----
End time: 2026-02-08 21:49:08.415777
End name method: avtorizacia

-----

-----
Test: tests/test_autofication/test_avtorization.py::test_autorizacia[chromium-login_password1] (call)
Start time: 2026-02-08 21:49:09.002521
Start name method: Регистрация пользователя


-----
Test: tests/test_course.py::test_cousesed[chromium] (call)
Start time: 2026-02-08 21:49:10.289859
Start name method: course

End time: 2026-02-08 21:49:11.125804
End name method: avtorizacia

-----
End time: 2026-02-08 21:49:15.707468
End name method: Coursed

-----

-----
Test: tests/test_dasbord_grafic.py::test_dashboard[firefox] (call)
Start time: 2026-02-08 21:49:16.505234
Start name method: Страница с дашбордом

End time: 2026-02-08 21:49:16.606752
End name method: avtorizacia

-----

-----
Test: tests/test_autofication/test_avtorization.py::test_autorizacia[chromium-login_password2] (call)
Start time: 2026-02-08 21:49:18.439715
Start name method: Регистрация пользователя


-----
Test: tests/test_create_course.py::test_created_course[firefox] (call)
Start time: 2026-02-08 21:49:21.226124
Start name method: Created course

End time: 2026-02-08 21:49:24.433499
End name method: Created coursed

-----
End time: 2026-02-08 21:49:25.438711
End name method: avtorizacia

-----
End time: 2026-02-08 21:49:26.370032
End name method: Dashboard

-----

-----
Test: tests/test_autofication/test_avtorization.py::test_autorizacia[chromium-login_password3] (call)
Start time: 2026-02-08 21:49:27.129525
Start name method: Регистрация пользователя


-----
Test: tests/test_create_course.py::test_created_course[webkit] (call)
Start time: 2026-02-08 21:49:27.687846
Start name method: Created course


-----
Test: tests/test_dasbord_grafic.py::test_dashboard[webkit] (call)
Start time: 2026-02-08 21:49:29.649629
Start name method: Страница с дашбордом

End time: 2026-02-08 21:49:33.647234
End name method: Created coursed

-----

-----
Test: tests/test_create_course.py::test_created_course[chromium] (call)
Start time: 2026-02-08 21:49:35.327528
Start name method: Created course

End time: 2026-02-08 21:49:35.937877
End name method: avtorizacia

-----
End time: 2026-02-08 21:49:36.891969
End name method: Dashboard

-----

-----
Test: tests/test_dasbord_grafic.py::test_dashboard[chromium] (call)
Start time: 2026-02-08 21:49:39.035564
Start name method: Страница с дашбордом

End time: 2026-02-08 21:49:39.354965
End name method: Created coursed

-----

-----
Test: tests/test_course.py::test_cousesed[firefox] (call)
Start time: 2026-02-08 21:49:41.277693
Start name method: course


-----
Test: tests/test_desabled.py::test_desabled (call)
Start time: 2026-02-08 21:49:41.394409
Start name method: Проверка, что кнопка неактивна

End time: 2026-02-08 21:49:43.255941
End name method: Coursed

-----
End time: 2026-02-08 21:49:45.675743
End name method: Dashboard

-----

-----
Test: tests/test_course.py::test_cousesed[webkit] (call)
Start time: 2026-02-08 21:49:45.999420
Start name method: course


-----
Test: tests/test_list_bar_dasboards.py::test_list_menu[webkit] (call)
Start time: 2026-02-08 21:49:47.726353
Start name method: Dasboards

End time: 2026-02-08 21:49:48.500205
End name method: Кнопка не активна, заголовок изменен

-----

-----
Test: tests/test_hover.py::test_hover (call)
Start time: 2026-02-08 21:49:49.918735
Start name method: Наведение мышки на кнопку Регистрация

End time: 2026-02-08 21:49:50.972662
End name method: Coursed

-----

-----
Test: tests/test_login.py::test_login[firefox] (call)
Start time: 2026-02-08 21:49:54.683131
Start name method: Регистрация пользователя

End time: 2026-02-08 21:49:56.549883
End name method: hover

-----
End time: 2026-02-08 21:49:58.087239
End name method: Dasboards

-----

-----
Test: tests/test_list_bar_dasboards.py::test_list_menu[webkit] (call)
Start time: 2026-02-08 21:49:58.088057
Start name method: Courses


-----
Test: tests/test_list_bar_dasboards.py::test_list_menu[firefox] (call)
Start time: 2026-02-08 21:50:01.284287
Start name method: Dasboards

End time: 2026-02-08 21:50:03.503448
End name method: login

-----

-----
Test: tests/test_login.py::test_login[firefox] (call)
Start time: 2026-02-08 21:50:03.504465
Start name method: Регистрация пользователя

End time: 2026-02-08 21:50:03.778066
End name method: Courses

-----

-----
Test: tests/test_list_bar_dasboards.py::test_list_menu[webkit] (call)
Start time: 2026-02-08 21:50:03.779090
Start name method: Logout

End time: 2026-02-08 21:50:09.267182
End name method: avtorizacia

-----
End time: 2026-02-08 21:50:09.751339
End name method: Dasboards

-----

-----
Test: tests/test_list_bar_dasboards.py::test_list_menu[firefox] (call)
Start time: 2026-02-08 21:50:09.752219
Start name method: Courses

End time: 2026-02-08 21:50:11.833843
End name method: Logout

-----

-----
Test: tests/test_login.py::test_login[webkit] (call)
Start time: 2026-02-08 21:50:12.386613
Start name method: Регистрация пользователя


-----
Test: tests/test_list_bar_dasboards.py::test_list_menu[chromium] (call)
Start time: 2026-02-08 21:50:13.659770
Start name method: Dasboards

End time: 2026-02-08 21:50:15.502356
End name method: Courses

-----

-----
Test: tests/test_list_bar_dasboards.py::test_list_menu[firefox] (call)
Start time: 2026-02-08 21:50:15.503475
Start name method: Logout

End time: 2026-02-08 21:50:21.184684
End name method: Logout

-----
End time: 2026-02-08 21:50:22.600171
End name method: Dasboards

-----

-----
Test: tests/test_list_bar_dasboards.py::test_list_menu[chromium] (call)
Start time: 2026-02-08 21:50:22.600895
Start name method: Courses


-----
Test: tests/test_login.py::test_login[chromium] (call)
Start time: 2026-02-08 21:50:24.050196
Start name method: Регистрация пользователя

End time: 2026-02-08 21:50:24.314054
End name method: login

-----

-----
Test: tests/test_login.py::test_login[webkit] (call)
Start time: 2026-02-08 21:50:24.314904
Start name method: Регистрация пользователя

End time: 2026-02-08 21:50:28.187895
End name method: Courses

-----

-----
Test: tests/test_list_bar_dasboards.py::test_list_menu[chromium] (call)
Start time: 2026-02-08 21:50:28.188922
Start name method: Logout

End time: 2026-02-08 21:50:30.432966
End name method: avtorizacia

-----

-----
Test: tests/test_login2.py::test_hover (call)
Start time: 2026-02-08 21:50:31.845884
Start name method: Проверка, что кнопка неактивна

End time: 2026-02-08 21:50:33.594460
End name method: login

-----

-----
Test: tests/test_login.py::test_login[chromium] (call)
Start time: 2026-02-08 21:50:33.595562
Start name method: Регистрация пользователя

End time: 2026-02-08 21:50:33.661746
End name method: Logout

-----

-----
Test: tests/test_reg_hw.py::test_reg_hw (call)
Start time: 2026-02-08 21:50:35.485601
Start name method: register

End time: 2026-02-08 21:50:38.938210
End name method: avtorizacia

-----
End time: 2026-02-08 21:50:39.687196
End name method: Кнопка не активна, заголовок изменен

-----

-----
Test: tests/test_registration.py::test_register1[chromium] (call)
Start time: 2026-02-08 21:50:41.046634
Start name method: register


-----
Test: tests/test_registration.py::test_register1[firefox] (call)
Start time: 2026-02-08 21:50:42.300234
Start name method: register

End time: 2026-02-08 21:50:43.506920
End name method: Пользователь зарегистрирован

-----

-----
Test: tests/test_reg_hw_res.py::test_register (call)
Start time: 2026-02-08 21:50:45.218457
Start name method: register

End time: 2026-02-08 21:50:45.351741
End name method: Пользователь зарегистрирован

-----
End time: 2026-02-08 21:50:45.789804
End name method: Пользователь зарегистрирован

-----

-----
Test: tests/test_res_register.py::test_register (call)
Start time: 2026-02-08 21:50:47.623186
Start name method: register


-----
Test: tests/test_registration.py::test_register1[webkit] (call)
Start time: 2026-02-08 21:50:48.659107
Start name method: register

End time: 2026-02-08 21:50:51.708604
End name method: Пользователь зарегистрирован

-----
End time: 2026-02-08 21:50:52.234928
End name method: Пользователь залогинен

-----
End time: 2026-02-08 21:50:55.909036
End name method: Пользователь зарегистрирован

-----
