
-----
Test: tests/test_dasbord_grafic.py::test_dashboard[chromium] (call)
Start time: 2025-11-29 17:50:30.997819
Start name method: Страница с дашбордом

End time: 2025-11-29 17:50:41.733514
End name method: Dashboard

-----

-----
Test: tests/test_dasbord_grafic.py::test_dashboard[chromium] (call)
Start time: 2025-11-29 17:50:41.734499
Start name method: Страница с дашбордом

End time: 2025-11-29 17:50:46.879224
End name method: Dashboard

-----

-----
Test: tests/test_dasbord_grafic.py::test_dashboard[firefox] (call)
Start time: 2025-11-29 17:50:54.405486
Start name method: Страница с дашбордом

End time: 2025-11-29 17:51:04.983223
End name method: Dashboard

-----

-----
Test: tests/test_dasbord_grafic.py::test_dashboard[firefox] (call)
Start time: 2025-11-29 17:51:04.984206
Start name method: Страница с дашбордом

End time: 2025-11-29 17:51:10.086039
End name method: Dashboard

-----
