
-----
Test: tests/test_list_bar_dasboards.py::test_list_menu[chromium] (call)
Start time: 2025-11-29 21:52:30.945136
Start name method: Dasboards

End time: 2025-11-29 21:52:38.776731
End name method: Dasboards

-----

-----
Test: tests/test_list_bar_dasboards.py::test_list_menu[chromium] (call)
Start time: 2025-11-29 21:52:38.777568
Start name method: Courses


-----
Test: tests/test_list_bar_dasboards.py::test_list_menu[firefox] (call)
Start time: 2025-11-29 21:52:50.252905
Start name method: Dasboards

End time: 2025-11-29 21:52:57.757621
End name method: Dasboards

-----

-----
Test: tests/test_list_bar_dasboards.py::test_list_menu[firefox] (call)
Start time: 2025-11-29 21:52:57.764547
Start name method: Courses

