
-----
Test: tests/test_autofication/test_avtorization.py::test_autorizacia[webkit-login_password2] (call)
Start time: 2026-02-10 13:36:25.592913
Start name method: Регистрация пользователя


-----
Test: tests/test_autofication/test_avtorization.py::test_autorizacia[firefox-login_password3] (call)
Start time: 2026-02-10 13:36:27.638359
Start name method: Регистрация пользователя


-----
Test: tests/test_autofication/test_avtorization.py::test_autorizacia[firefox-login_password0] (call)
Start time: 2026-02-10 13:36:28.517198
Start name method: Регистрация пользователя

End time: 2026-02-10 13:36:34.545578
End name method: avtorizacia

-----
End time: 2026-02-10 13:36:35.313036
End name method: avtorizacia

-----
End time: 2026-02-10 13:36:36.119352
End name method: avtorizacia

-----

-----
Test: tests/test_autofication/test_avtorization.py::test_autorizacia[webkit-login_password3] (call)
Start time: 2026-02-10 13:36:36.392371
Start name method: Регистрация пользователя


-----
Test: tests/test_autofication/test_avtorization.py::test_autorizacia[webkit-login_password0] (call)
Start time: 2026-02-10 13:36:38.358262
Start name method: Регистрация пользователя


-----
Test: tests/test_autofication/test_avtorization.py::test_autorizacia[firefox-login_password1] (call)
Start time: 2026-02-10 13:36:41.099571
Start name method: Регистрация пользователя

End time: 2026-02-10 13:36:44.567976
End name method: avtorizacia

-----
End time: 2026-02-10 13:36:45.421147
End name method: avtorizacia

-----

-----
Test: tests/test_autofication/test_avtorization.py::test_autorizacia[chromium-login_password0] (call)
Start time: 2026-02-10 13:36:46.226436
Start name method: Регистрация пользователя


-----
Test: tests/test_autofication/test_avtorization.py::test_autorizacia[webkit-login_password1] (call)
Start time: 2026-02-10 13:36:47.161984
Start name method: Регистрация пользователя

End time: 2026-02-10 13:36:48.053139
End name method: avtorizacia

-----

-----
Test: tests/test_autofication/test_avtorization.py::test_autorizacia[firefox-login_password2] (call)
Start time: 2026-02-10 13:36:52.599252
Start name method: Регистрация пользователя

End time: 2026-02-10 13:36:55.597535
End name method: avtorizacia

-----
End time: 2026-02-10 13:36:55.728151
End name method: avtorizacia

-----

-----
Test: tests/test_course.py::test_cousesed[chromium] (call)
Start time: 2026-02-10 13:36:57.420736
Start name method: course


-----
Test: tests/test_autofication/test_avtorization.py::test_autorizacia[chromium-login_password1] (call)
Start time: 2026-02-10 13:36:57.437942
Start name method: Регистрация пользователя

End time: 2026-02-10 13:36:59.108026
End name method: Coursed

-----
End time: 2026-02-10 13:37:00.664909
End name method: avtorizacia

-----

-----
Test: tests/test_create_course.py::test_created_course[firefox] (call)
Start time: 2026-02-10 13:37:02.859032
Start name method: Created course

End time: 2026-02-10 13:37:04.024496
End name method: avtorizacia

-----

-----
Test: tests/test_dasbord_grafic.py::test_dashboard[firefox] (call)
Start time: 2026-02-10 13:37:05.414798
Start name method: Страница с дашбордом


-----
Test: tests/test_autofication/test_avtorization.py::test_autorizacia[chromium-login_password2] (call)
Start time: 2026-02-10 13:37:05.435904
Start name method: Регистрация пользователя

End time: 2026-02-10 13:37:08.292415
End name method: Created coursed

-----

-----
Test: tests/test_create_course.py::test_created_course[webkit] (call)
Start time: 2026-02-10 13:37:10.830574
Start name method: Created course

End time: 2026-02-10 13:37:12.308296
End name method: avtorizacia

-----
End time: 2026-02-10 13:37:12.473373
End name method: Dashboard

-----

-----
Test: tests/test_autofication/test_avtorization.py::test_autorizacia[chromium-login_password3] (call)
Start time: 2026-02-10 13:37:14.284418
Start name method: Регистрация пользователя


-----
Test: tests/test_dasbord_grafic.py::test_dashboard[webkit] (call)
Start time: 2026-02-10 13:37:16.066236
Start name method: Страница с дашбордом

End time: 2026-02-10 13:37:20.823489
End name method: avtorizacia

-----
End time: 2026-02-10 13:37:22.316234
End name method: Dashboard

-----

-----
Test: tests/test_dasbord_grafic.py::test_dashboard[chromium] (call)
Start time: 2026-02-10 13:37:23.638119
Start name method: Страница с дашбордом


-----
Test: tests/test_course.py::test_cousesed[firefox] (call)
Start time: 2026-02-10 13:37:24.371102
Start name method: course

End time: 2026-02-10 13:37:26.059208
End name method: Coursed

-----

-----
Test: tests/test_course.py::test_cousesed[webkit] (call)
Start time: 2026-02-10 13:37:28.496824
Start name method: course

End time: 2026-02-10 13:37:30.366778
End name method: Dashboard

-----
End time: 2026-02-10 13:37:31.061408
End name method: Coursed

-----

-----
Test: tests/test_desabled.py::test_desabled (call)
Start time: 2026-02-10 13:37:31.598319
Start name method: Проверка, что кнопка неактивна


-----
Test: tests/test_list_bar_dasboards.py::test_list_menu[webkit] (call)
Start time: 2026-02-10 13:37:32.674204
Start name method: Dasboards

End time: 2026-02-10 13:37:38.370955
End name method: Кнопка не активна, заголовок изменен

-----

-----
Test: tests/test_hover.py::test_hover (call)
Start time: 2026-02-10 13:37:39.407221
Start name method: Наведение мышки на кнопку Регистрация

End time: 2026-02-10 13:37:41.161329
End name method: Dasboards

-----

-----
Test: tests/test_list_bar_dasboards.py::test_list_menu[webkit] (call)
Start time: 2026-02-10 13:37:41.162271
Start name method: Courses

End time: 2026-02-10 13:37:46.329179
End name method: hover

-----

-----
Test: tests/test_create_course.py::test_created_course[chromium] (call)
Start time: 2026-02-10 13:37:46.477885
Start name method: Created course

End time: 2026-02-10 13:37:46.981283
End name method: Courses

-----

-----
Test: tests/test_list_bar_dasboards.py::test_list_menu[webkit] (call)
Start time: 2026-02-10 13:37:46.982178
Start name method: Logout

End time: 2026-02-10 13:37:49.979967
End name method: Created coursed

-----

-----
Test: tests/test_list_bar_dasboards.py::test_list_menu[firefox] (call)
Start time: 2026-02-10 13:37:50.902134
Start name method: Dasboards


-----
Test: tests/test_login.py::test_login[firefox] (call)
Start time: 2026-02-10 13:37:53.399008
Start name method: Регистрация пользователя

End time: 2026-02-10 13:37:54.966836
End name method: Logout

-----

-----
Test: tests/test_list_bar_dasboards.py::test_list_menu[chromium] (call)
Start time: 2026-02-10 13:37:56.615036
Start name method: Dasboards

End time: 2026-02-10 13:37:58.577687
End name method: Dasboards

-----

-----
Test: tests/test_list_bar_dasboards.py::test_list_menu[firefox] (call)
Start time: 2026-02-10 13:37:58.578574
Start name method: Courses

End time: 2026-02-10 13:38:01.215756
End name method: login

-----

-----
Test: tests/test_login.py::test_login[firefox] (call)
Start time: 2026-02-10 13:38:01.217041
Start name method: Регистрация пользователя

End time: 2026-02-10 13:38:04.047467
End name method: Courses

-----

-----
Test: tests/test_list_bar_dasboards.py::test_list_menu[firefox] (call)
Start time: 2026-02-10 13:38:04.048486
Start name method: Logout

End time: 2026-02-10 13:38:04.419236
End name method: Dasboards

-----

-----
Test: tests/test_list_bar_dasboards.py::test_list_menu[chromium] (call)
Start time: 2026-02-10 13:38:04.420228
Start name method: Courses

End time: 2026-02-10 13:38:06.621935
End name method: avtorizacia

-----

-----
Test: tests/test_login.py::test_login[webkit] (call)
Start time: 2026-02-10 13:38:09.646120
Start name method: Регистрация пользователя

End time: 2026-02-10 13:38:09.662393
End name method: Logout

-----
End time: 2026-02-10 13:38:10.025940
End name method: Courses

-----

-----
Test: tests/test_list_bar_dasboards.py::test_list_menu[chromium] (call)
Start time: 2026-02-10 13:38:10.026849
Start name method: Logout


-----
Test: tests/test_login.py::test_login[chromium] (call)
Start time: 2026-02-10 13:38:12.774819
Start name method: Регистрация пользователя

End time: 2026-02-10 13:38:15.400590
End name method: Logout

-----

-----
Test: tests/test_login2.py::test_hover (call)
Start time: 2026-02-10 13:38:16.607216
Start name method: Проверка, что кнопка неактивна

End time: 2026-02-10 13:38:19.612394
End name method: login

-----

-----
Test: tests/test_login.py::test_login[chromium] (call)
Start time: 2026-02-10 13:38:19.613121
Start name method: Регистрация пользователя

End time: 2026-02-10 13:38:20.091680
End name method: login

-----

-----
Test: tests/test_login.py::test_login[webkit] (call)
Start time: 2026-02-10 13:38:20.092455
Start name method: Регистрация пользователя

End time: 2026-02-10 13:38:24.604034
End name method: Кнопка не активна, заголовок изменен

-----
End time: 2026-02-10 13:38:24.904997
End name method: avtorizacia

-----

-----
Test: tests/test_reg_hw.py::test_reg_hw (call)
Start time: 2026-02-10 13:38:25.810190
Start name method: register

End time: 2026-02-10 13:38:26.294080
End name method: avtorizacia

-----

-----
Test: tests/test_registration.py::test_register1[chromium] (call)
Start time: 2026-02-10 13:38:27.576717
Start name method: register


-----
Test: tests/test_registration.py::test_register1[firefox] (call)
Start time: 2026-02-10 13:38:27.810760
Start name method: register

End time: 2026-02-10 13:38:30.018821
End name method: Пользователь зарегистрирован

-----
End time: 2026-02-10 13:38:30.932112
End name method: Пользователь зарегистрирован

-----

-----
Test: tests/test_res_register.py::test_register (call)
Start time: 2026-02-10 13:38:31.621025
Start name method: register


-----
Test: tests/test_registration.py::test_register1[webkit] (call)
Start time: 2026-02-10 13:38:33.288284
Start name method: register

End time: 2026-02-10 13:38:34.664350
End name method: Пользователь зарегистрирован

-----
End time: 2026-02-10 13:38:35.133238
End name method: Пользователь зарегистрирован

-----

-----
Test: tests/test_reg_hw_res.py::test_register (call)
Start time: 2026-02-10 13:38:35.867052
Start name method: register

End time: 2026-02-10 13:38:38.802858
End name method: Пользователь зарегистрирован

-----
End time: 2026-02-10 13:38:42.491873
End name method: Пользователь залогинен

-----
