
-----
Test: tests/test_autofication/test_avtorization.py::test_autorizacia[login_password0] (call)
Start time: 2025-12-16 21:50:21.268279
Start name method: Регистрация пользователя

End time: 2025-12-16 21:50:28.639969
End name method: avtorizacia

-----

-----
Test: tests/test_autofication/test_avtorization.py::test_autorizacia[login_password1] (call)
Start time: 2025-12-16 21:50:30.604041
Start name method: Регистрация пользователя

End time: 2025-12-16 21:50:39.965801
End name method: avtorizacia

-----

-----
Test: tests/test_autofication/test_avtorization.py::test_autorizacia[login_password2] (call)
Start time: 2025-12-16 21:50:41.977300
Start name method: Регистрация пользователя

End time: 2025-12-16 21:50:49.474240
End name method: avtorizacia

-----

-----
Test: tests/test_autofication/test_avtorization.py::test_autorizacia[login_password3] (call)
Start time: 2025-12-16 21:50:51.384709
Start name method: Регистрация пользователя

End time: 2025-12-16 21:50:59.893993
End name method: avtorizacia

-----
