
-----
Test: tests/test_autofication/test_avtorization.py::test_autorizacia[login_password0] (call)
Start time: 2025-12-16 21:26:30.687405
Start name method: Регистрация пользователя

End time: 2025-12-16 21:26:43.907730
End name method: avtorizacia

-----

-----
Test: tests/test_autofication/test_avtorization.py::test_autorizacia[login_password1] (call)
Start time: 2025-12-16 21:26:46.251246
Start name method: Регистрация пользователя

End time: 2025-12-16 21:26:55.398434
End name method: avtorizacia

-----

-----
Test: tests/test_autofication/test_avtorization.py::test_autorizacia[login_password2] (call)
Start time: 2025-12-16 21:26:57.554429
Start name method: Регистрация пользователя

End time: 2025-12-16 21:27:05.152280
End name method: avtorizacia

-----

-----
Test: tests/test_autofication/test_avtorization.py::test_autorizacia[login_password3] (call)
Start time: 2025-12-16 21:27:07.223598
Start name method: Регистрация пользователя

End time: 2025-12-16 21:27:13.965104
End name method: avtorizacia

-----
