
-----
Test: tests/test_autofication/test_avtorization.py::test_autorizacia[login_password0] (call)
Start time: 2025-12-16 21:47:37.259780
Start name method: Регистрация пользователя

End time: 2025-12-16 21:47:44.860078
End name method: avtorizacia

-----

-----
Test: tests/test_autofication/test_avtorization.py::test_autorizacia[login_password1] (call)
Start time: 2025-12-16 21:47:46.866570
Start name method: Регистрация пользователя

End time: 2025-12-16 21:47:55.977617
End name method: avtorizacia

-----

-----
Test: tests/test_autofication/test_avtorization.py::test_autorizacia[login_password2] (call)
Start time: 2025-12-16 21:47:57.984758
Start name method: Регистрация пользователя

End time: 2025-12-16 21:48:07.650427
End name method: avtorizacia

-----

-----
Test: tests/test_autofication/test_avtorization.py::test_autorizacia[login_password3] (call)
Start time: 2025-12-16 21:48:09.610080
Start name method: Регистрация пользователя

