
-----
Test: tests/test_login.py::test_login[firefox] (call)
Start time: 2026-02-09 13:39:56.551687
Start name method: Регистрация пользователя

End time: 2026-02-09 13:40:18.523131
End name method: login

-----

-----
Test: tests/test_login.py::test_login[firefox] (call)
Start time: 2026-02-09 13:40:18.524126
Start name method: Регистрация пользователя


-----
Test: tests/test_login.py::test_login[webkit] (call)
Start time: 2026-02-09 13:40:21.510755
Start name method: Регистрация пользователя

End time: 2026-02-09 13:40:43.251533
End name method: login

-----

-----
Test: tests/test_login.py::test_login[webkit] (call)
Start time: 2026-02-09 13:40:43.252265
Start name method: Регистрация пользователя


-----
Test: tests/test_login.py::test_login[chromium] (call)
Start time: 2026-02-09 13:40:45.753001
Start name method: Регистрация пользователя

End time: 2026-02-09 13:40:54.558998
End name method: login

-----

-----
Test: tests/test_login.py::test_login[chromium] (call)
Start time: 2026-02-09 13:40:54.559859
Start name method: Регистрация пользователя


-----
Test: tests/test_login2.py::test_hover (call)
Start time: 2026-02-09 13:40:56.640327
Start name method: Проверка, что кнопка неактивна

End time: 2026-02-09 13:41:06.387514
End name method: Кнопка не активна, заголовок изменен

-----
