
-----
Test: tests/test_autofication/test_avtorization.py::test_autorizacia[webkit-login_password2] (call)
Start time: 2026-02-03 09:22:29.777232
Start name method: Регистрация пользователя


-----
Test: tests/test_autofication/test_avtorization.py::test_autorizacia[firefox-login_password0] (call)
Start time: 2026-02-03 09:22:33.630253
Start name method: Регистрация пользователя


-----
Test: tests/test_autofication/test_avtorization.py::test_autorizacia[firefox-login_password3] (call)
Start time: 2026-02-03 09:22:34.586924
Start name method: Регистрация пользователя

End time: 2026-02-03 09:22:48.368122
End name method: avtorizacia

-----

-----
Test: tests/test_autofication/test_avtorization.py::test_autorizacia[webkit-login_password3] (call)
Start time: 2026-02-03 09:22:50.014001
Start name method: Регистрация пользователя

End time: 2026-02-03 09:23:00.904883
End name method: avtorizacia

-----

-----
Test: tests/test_autofication/test_avtorization.py::test_autorizacia[firefox-login_password1] (call)
Start time: 2026-02-03 09:23:05.547022
Start name method: Регистрация пользователя

End time: 2026-02-03 09:23:06.277398
End name method: avtorizacia

-----

-----
Test: tests/test_autofication/test_avtorization.py::test_autorizacia[webkit-login_password0] (call)
Start time: 2026-02-03 09:23:09.110650
Start name method: Регистрация пользователя

End time: 2026-02-03 09:23:13.670072
End name method: avtorizacia

-----

-----
Test: tests/test_autofication/test_avtorization.py::test_autorizacia[chromium-login_password0] (call)
Start time: 2026-02-03 09:23:15.292804
Start name method: Регистрация пользователя

End time: 2026-02-03 09:23:25.667615
End name method: avtorizacia

-----

-----
Test: tests/test_autofication/test_avtorization.py::test_autorizacia[firefox-login_password2] (call)
Start time: 2026-02-03 09:23:30.021645
Start name method: Регистрация пользователя

End time: 2026-02-03 09:23:36.654429
End name method: avtorizacia

-----
End time: 2026-02-03 09:23:36.909203
End name method: avtorizacia

-----
End time: 2026-02-03 09:23:37.677426
End name method: avtorizacia

-----

-----
Test: tests/test_autofication/test_avtorization.py::test_autorizacia[chromium-login_password1] (call)
Start time: 2026-02-03 09:23:38.307202
Start name method: Регистрация пользователя


-----
Test: tests/test_autofication/test_avtorization.py::test_autorizacia[webkit-login_password1] (call)
Start time: 2026-02-03 09:23:38.652811
Start name method: Регистрация пользователя


-----
Test: tests/test_course.py::test_cousesed[chromium] (call)
Start time: 2026-02-03 09:23:40.484809
Start name method: course

End time: 2026-02-03 09:24:01.961906
End name method: avtorizacia

-----

-----
Test: tests/test_autofication/test_avtorization.py::test_autorizacia[chromium-login_password2] (call)
Start time: 2026-02-03 09:24:03.734559
Start name method: Регистрация пользователя

End time: 2026-02-03 09:24:03.827901
End name method: Coursed

-----
End time: 2026-02-03 09:24:05.754114
End name method: avtorizacia

-----

-----
Test: tests/test_create_course.py::test_created_course[firefox] (call)
Start time: 2026-02-03 09:24:08.303773
Start name method: Created course


-----
Test: tests/test_dasbord_grafic.py::test_dashboard[firefox] (call)
Start time: 2026-02-03 09:24:09.825338
Start name method: Страница с дашбордом

End time: 2026-02-03 09:24:21.344733
End name method: avtorizacia

-----

-----
Test: tests/test_autofication/test_avtorization.py::test_autorizacia[chromium-login_password3] (call)
Start time: 2026-02-03 09:24:23.062960
Start name method: Регистрация пользователя

End time: 2026-02-03 09:24:26.182857
End name method: Created coursed

-----

-----
Test: tests/test_create_course.py::test_created_course[webkit] (call)
Start time: 2026-02-03 09:24:29.552004
Start name method: Created course

End time: 2026-02-03 09:24:33.571287
End name method: Dashboard

-----

-----
Test: tests/test_dasbord_grafic.py::test_dashboard[webkit] (call)
Start time: 2026-02-03 09:24:36.889607
Start name method: Страница с дашбордом

End time: 2026-02-03 09:24:43.401680
End name method: avtorizacia

-----
End time: 2026-02-03 09:24:47.770674
End name method: Created coursed

-----

-----
Test: tests/test_course.py::test_cousesed[firefox] (call)
Start time: 2026-02-03 09:24:47.990012
Start name method: course


-----
Test: tests/test_create_course.py::test_created_course[chromium] (call)
Start time: 2026-02-03 09:24:49.550284
Start name method: Created course

End time: 2026-02-03 09:24:55.499898
End name method: Dashboard

-----

-----
Test: tests/test_dasbord_grafic.py::test_dashboard[chromium] (call)
Start time: 2026-02-03 09:24:56.916686
Start name method: Страница с дашбордом

End time: 2026-02-03 09:24:57.463446
End name method: Coursed

-----
End time: 2026-02-03 09:24:58.418906
End name method: Created coursed

-----

-----
Test: tests/test_desabled.py::test_desabled (call)
Start time: 2026-02-03 09:24:59.821802
Start name method: Проверка, что кнопка неактивна


-----
Test: tests/test_course.py::test_cousesed[webkit] (call)
Start time: 2026-02-03 09:25:00.255394
Start name method: course

End time: 2026-02-03 09:25:01.598920
End name method: Coursed

-----
End time: 2026-02-03 09:25:03.151077
End name method: Dashboard

-----

-----
Test: tests/test_login.py::test_login[firefox] (call)
Start time: 2026-02-03 09:25:04.108166
Start name method: Регистрация пользователя


-----
Test: tests/test_list_bar_dasboards.py::test_list_menu[webkit] (call)
Start time: 2026-02-03 09:25:04.779638
Start name method: Dasboards

End time: 2026-02-03 09:25:06.628174
End name method: Кнопка не активна, заголовок изменен

-----

-----
Test: tests/test_hover.py::test_hover (call)
Start time: 2026-02-03 09:25:07.870267
Start name method: Наведение мышки на кнопку Регистрация

End time: 2026-02-03 09:25:12.183923
End name method: login

-----

-----
Test: tests/test_login.py::test_login[firefox] (call)
Start time: 2026-02-03 09:25:12.184824
Start name method: Регистрация пользователя

End time: 2026-02-03 09:25:13.827730
End name method: hover

-----
End time: 2026-02-03 09:25:14.188025
End name method: Dasboards

-----

-----
Test: tests/test_list_bar_dasboards.py::test_list_menu[webkit] (call)
Start time: 2026-02-03 09:25:14.188933
Start name method: Courses


-----
Test: tests/test_list_bar_dasboards.py::test_list_menu[firefox] (call)
Start time: 2026-02-03 09:25:17.099682
Start name method: Dasboards

End time: 2026-02-03 09:25:17.583353
End name method: avtorizacia

-----

-----
Test: tests/test_login.py::test_login[webkit] (call)
Start time: 2026-02-03 09:25:19.860856
Start name method: Регистрация пользователя

End time: 2026-02-03 09:25:19.932332
End name method: Courses

-----

-----
Test: tests/test_list_bar_dasboards.py::test_list_menu[webkit] (call)
Start time: 2026-02-03 09:25:19.933274
Start name method: Logout

End time: 2026-02-03 09:25:26.349217
End name method: Dasboards

-----

-----
Test: tests/test_list_bar_dasboards.py::test_list_menu[firefox] (call)
Start time: 2026-02-03 09:25:26.350568
Start name method: Courses

End time: 2026-02-03 09:25:27.147638
End name method: Logout

-----

-----
Test: tests/test_list_bar_dasboards.py::test_list_menu[chromium] (call)
Start time: 2026-02-03 09:25:28.762361
Start name method: Dasboards

End time: 2026-02-03 09:25:29.965647
End name method: login

-----

-----
Test: tests/test_login.py::test_login[webkit] (call)
Start time: 2026-02-03 09:25:29.966654
Start name method: Регистрация пользователя

End time: 2026-02-03 09:25:32.056565
End name method: Courses

-----

-----
Test: tests/test_list_bar_dasboards.py::test_list_menu[firefox] (call)
Start time: 2026-02-03 09:25:32.057377
Start name method: Logout

End time: 2026-02-03 09:25:36.127545
End name method: avtorizacia

-----
End time: 2026-02-03 09:25:37.068708
End name method: Dasboards

-----

-----
Test: tests/test_list_bar_dasboards.py::test_list_menu[chromium] (call)
Start time: 2026-02-03 09:25:37.069236
Start name method: Courses


-----
Test: tests/test_login2.py::test_hover (call)
Start time: 2026-02-03 09:25:37.408500
Start name method: Проверка, что кнопка неактивна

End time: 2026-02-03 09:25:37.643662
End name method: Logout

-----

-----
Test: tests/test_login.py::test_login[chromium] (call)
Start time: 2026-02-03 09:25:39.830887
Start name method: Регистрация пользователя

End time: 2026-02-03 09:25:42.468391
End name method: Courses

-----

-----
Test: tests/test_list_bar_dasboards.py::test_list_menu[chromium] (call)
Start time: 2026-02-03 09:25:42.469424
Start name method: Logout

End time: 2026-02-03 09:25:46.240953
End name method: Кнопка не активна, заголовок изменен

-----
End time: 2026-02-03 09:25:47.145057
End name method: login

-----

-----
Test: tests/test_login.py::test_login[chromium] (call)
Start time: 2026-02-03 09:25:47.146011
Start name method: Регистрация пользователя


-----
Test: tests/test_reg_hw.py::test_reg_hw (call)
Start time: 2026-02-03 09:25:47.686625
Start name method: register

End time: 2026-02-03 09:25:47.733007
End name method: Logout

-----

-----
Test: tests/test_registration.py::test_register1[firefox] (call)
Start time: 2026-02-03 09:25:51.400919
Start name method: register

End time: 2026-02-03 09:25:52.534543
End name method: avtorizacia

-----
End time: 2026-02-03 09:25:54.025136
End name method: Пользователь зарегистрирован

-----

-----
Test: tests/test_registration.py::test_register1[chromium] (call)
Start time: 2026-02-03 09:25:54.301971
Start name method: register

End time: 2026-02-03 09:25:56.205057
End name method: Пользователь зарегистрирован

-----
End time: 2026-02-03 09:25:56.547645
End name method: Пользователь зарегистрирован

-----

-----
Test: tests/test_registration.py::test_register1[webkit] (call)
Start time: 2026-02-03 09:25:56.697988
Start name method: register


-----
Test: tests/test_reg_hw_res.py::test_register (call)
Start time: 2026-02-03 09:25:57.549937
Start name method: register

End time: 2026-02-03 09:25:58.713704
End name method: Пользователь зарегистрирован

-----
End time: 2026-02-03 09:26:04.173924
End name method: Пользователь залогинен

-----

-----
Test: tests/test_res_register.py::test_register (call)
Start time: 2026-02-03 09:26:05.514803
Start name method: register

End time: 2026-02-03 09:26:13.166473
End name method: Пользователь зарегистрирован

-----
