
-----
Test: tests/test_autofication/test_avtorization.py::test_autorizacia[login_password0] (call)
Start time: 2025-12-16 22:05:18.158348
Start name method: Регистрация пользователя

End time: 2025-12-16 22:05:25.476252
End name method: avtorizacia

-----

-----
Test: tests/test_autofication/test_avtorization.py::test_autorizacia[login_password1] (call)
Start time: 2025-12-16 22:05:27.323088
Start name method: Регистрация пользователя

End time: 2025-12-16 22:05:35.990825
End name method: avtorizacia

-----

-----
Test: tests/test_autofication/test_avtorization.py::test_autorizacia[login_password2] (call)
Start time: 2025-12-16 22:05:38.144988
Start name method: Регистрация пользователя

End time: 2025-12-16 22:05:45.745805
End name method: avtorizacia

-----

-----
Test: tests/test_autofication/test_avtorization.py::test_autorizacia[login_password3] (call)
Start time: 2025-12-16 22:05:47.777661
Start name method: Регистрация пользователя

End time: 2025-12-16 22:05:57.443886
End name method: avtorizacia

-----
