
-----
Test: tests/test_autofication/test_avtorization.py::test_autorizacia[webkit-login_password2] (call)
Start time: 2026-01-22 11:54:18.682514
Start name method: Регистрация пользователя


-----
Test: tests/test_autofication/test_avtorization.py::test_autorizacia[firefox-login_password3] (call)
Start time: 2026-01-22 11:54:22.522941
Start name method: Регистрация пользователя


-----
Test: tests/test_autofication/test_avtorization.py::test_autorizacia[firefox-login_password0] (call)
Start time: 2026-01-22 11:54:23.172843
Start name method: Регистрация пользователя

End time: 2026-01-22 11:54:31.020157
End name method: avtorizacia

-----
End time: 2026-01-22 11:54:31.429246
End name method: avtorizacia

-----

-----
Test: tests/test_autofication/test_avtorization.py::test_autorizacia[webkit-login_password3] (call)
Start time: 2026-01-22 11:54:33.594539
Start name method: Регистрация пользователя

End time: 2026-01-22 11:54:39.265966
End name method: avtorizacia

-----

-----
Test: tests/test_autofication/test_avtorization.py::test_autorizacia[webkit-login_password0] (call)
Start time: 2026-01-22 11:54:42.289250
Start name method: Регистрация пользователя

End time: 2026-01-22 11:54:56.074339
End name method: avtorizacia

-----
End time: 2026-01-22 11:54:57.083444
End name method: avtorizacia

-----

-----
Test: tests/test_autofication/test_avtorization.py::test_autorizacia[webkit-login_password1] (call)
Start time: 2026-01-22 11:54:58.002268
Start name method: Регистрация пользователя


-----
Test: tests/test_autofication/test_avtorization.py::test_autorizacia[chromium-login_password0] (call)
Start time: 2026-01-22 11:54:59.236597
Start name method: Регистрация пользователя

End time: 2026-01-22 11:55:16.040407
End name method: avtorizacia

-----

-----
Test: tests/test_autofication/test_avtorization.py::test_autorizacia[chromium-login_password1] (call)
Start time: 2026-01-22 11:55:18.026353
Start name method: Регистрация пользователя

End time: 2026-01-22 11:55:20.727225
End name method: avtorizacia

-----

-----
Test: tests/test_course.py::test_cousesed[chromium] (call)
Start time: 2026-01-22 11:55:23.164464
Start name method: course

End time: 2026-01-22 11:55:32.919474
End name method: avtorizacia

-----

-----
Test: tests/test_autofication/test_avtorization.py::test_autorizacia[chromium-login_password2] (call)
Start time: 2026-01-22 11:55:35.111588
Start name method: Регистрация пользователя

End time: 2026-01-22 11:55:42.512522
End name method: Coursed

-----

-----
Test: tests/test_create_course.py::test_created_course[firefox] (call)
Start time: 2026-01-22 11:55:48.840320
Start name method: Created course

End time: 2026-01-22 11:55:49.990288
End name method: avtorizacia

-----

-----
Test: tests/test_autofication/test_avtorization.py::test_autorizacia[chromium-login_password3] (call)
Start time: 2026-01-22 11:55:51.847427
Start name method: Регистрация пользователя


-----
Test: tests/test_autofication/test_avtorization.py::test_autorizacia[firefox-login_password1] (call)
Start time: 2026-01-22 11:55:58.959126
Start name method: Регистрация пользователя

End time: 2026-01-22 11:56:14.780971
End name method: Created coursed

-----

-----
Test: tests/test_create_course.py::test_created_course[webkit] (call)
Start time: 2026-01-22 11:56:18.621666
Start name method: Created course

End time: 2026-01-22 11:56:23.131093
End name method: avtorizacia

-----

-----
Test: tests/test_course.py::test_cousesed[firefox] (call)
Start time: 2026-01-22 11:56:29.382378
Start name method: course

End time: 2026-01-22 11:56:29.434843
End name method: avtorizacia

-----
End time: 2026-01-22 11:56:31.050634
End name method: Created coursed

-----

-----
Test: tests/test_create_course.py::test_created_course[chromium] (call)
Start time: 2026-01-22 11:56:33.012734
Start name method: Created course


-----
Test: tests/test_autofication/test_avtorization.py::test_autorizacia[firefox-login_password2] (call)
Start time: 2026-01-22 11:56:35.304565
Start name method: Регистрация пользователя

End time: 2026-01-22 11:56:50.577037
End name method: Coursed

-----

-----
Test: tests/test_course.py::test_cousesed[webkit] (call)
Start time: 2026-01-22 11:56:54.418530
Start name method: course

End time: 2026-01-22 11:56:57.311655
End name method: Created coursed

-----

-----
Test: tests/test_desabled.py::test_desabled (call)
Start time: 2026-01-22 11:56:59.343234
Start name method: Проверка, что кнопка неактивна

End time: 2026-01-22 11:57:02.272015
End name method: avtorizacia

-----
End time: 2026-01-22 11:57:07.514901
End name method: Coursed

-----

-----
Test: tests/test_dasbord_grafic.py::test_dashboard[firefox] (call)
Start time: 2026-01-22 11:57:08.567137
Start name method: Страница с дашбордом


-----
Test: tests/test_list_bar_dasboards.py::test_list_menu[webkit] (call)
Start time: 2026-01-22 11:57:09.720359
Start name method: Dasboards

End time: 2026-01-22 11:57:28.163296
End name method: Кнопка не активна, заголовок изменен

-----

-----
Test: tests/test_hover.py::test_hover (call)
Start time: 2026-01-22 11:57:30.384914
Start name method: Наведение мышки на кнопку Регистрация


-----
Test: tests/test_dasbord_grafic.py::test_dashboard[webkit] (call)
Start time: 2026-01-22 11:57:34.132892
Start name method: Страница с дашбордом


-----
Test: tests/test_list_bar_dasboards.py::test_list_menu[chromium] (call)
Start time: 2026-01-22 11:57:42.146663
Start name method: Dasboards

End time: 2026-01-22 11:57:46.197238
End name method: hover

-----

-----
Test: tests/test_list_bar_dasboards.py::test_list_menu[firefox] (call)
Start time: 2026-01-22 11:57:51.862708
Start name method: Dasboards


-----
Test: tests/test_dasbord_grafic.py::test_dashboard[chromium] (call)
Start time: 2026-01-22 11:58:04.589373
Start name method: Страница с дашбордом

End time: 2026-01-22 11:58:08.608599
End name method: Dasboards

-----

-----
Test: tests/test_list_bar_dasboards.py::test_list_menu[chromium] (call)
Start time: 2026-01-22 11:58:08.609295
Start name method: Courses

End time: 2026-01-22 11:58:15.705599
End name method: Courses

-----

-----
Test: tests/test_list_bar_dasboards.py::test_list_menu[chromium] (call)
Start time: 2026-01-22 11:58:15.707001
Start name method: Logout

End time: 2026-01-22 11:58:21.164932
End name method: Logout

-----

-----
Test: tests/test_login2.py::test_hover (call)
Start time: 2026-01-22 11:58:22.247470
Start name method: Проверка, что кнопка неактивна

End time: 2026-01-22 11:58:23.387858
End name method: Dasboards

-----

-----
Test: tests/test_list_bar_dasboards.py::test_list_menu[firefox] (call)
Start time: 2026-01-22 11:58:23.388760
Start name method: Courses

End time: 2026-01-22 11:58:28.991164
End name method: Courses

-----

-----
Test: tests/test_list_bar_dasboards.py::test_list_menu[firefox] (call)
Start time: 2026-01-22 11:58:28.991852
Start name method: Logout

End time: 2026-01-22 11:58:34.535332
End name method: Logout

-----

-----
Test: tests/test_login.py::test_login[firefox] (call)
Start time: 2026-01-22 11:58:36.932086
Start name method: Регистрация пользователя


-----
Test: tests/test_login.py::test_login[chromium] (call)
Start time: 2026-01-22 11:58:38.549724
Start name method: Регистрация пользователя

End time: 2026-01-22 11:58:39.393464
End name method: Кнопка не активна, заголовок изменен

-----

-----
Test: tests/test_reg_hw.py::test_reg_hw (call)
Start time: 2026-01-22 11:58:41.365828
Start name method: register

End time: 2026-01-22 11:58:58.291648
End name method: login

-----

-----
Test: tests/test_login.py::test_login[firefox] (call)
Start time: 2026-01-22 11:58:58.292426
Start name method: Регистрация пользователя

End time: 2026-01-22 11:59:03.955474
End name method: avtorizacia

-----
End time: 2026-01-22 11:59:05.109380
End name method: login

-----

-----
Test: tests/test_login.py::test_login[chromium] (call)
Start time: 2026-01-22 11:59:05.110008
Start name method: Регистрация пользователя


-----
Test: tests/test_login.py::test_login[webkit] (call)
Start time: 2026-01-22 11:59:07.895483
Start name method: Регистрация пользователя

End time: 2026-01-22 11:59:10.371142
End name method: Пользователь зарегистрирован

-----
End time: 2026-01-22 11:59:10.427359
End name method: avtorizacia

-----

-----
Test: tests/test_reg_hw_res.py::test_register (call)
Start time: 2026-01-22 11:59:12.938968
Start name method: register


-----
Test: tests/test_registration.py::test_register1[chromium] (call)
Start time: 2026-01-22 11:59:13.464983
Start name method: register

End time: 2026-01-22 11:59:16.919001
End name method: Пользователь зарегистрирован

-----
End time: 2026-01-22 11:59:18.852321
End name method: login

-----

-----
Test: tests/test_login.py::test_login[webkit] (call)
Start time: 2026-01-22 11:59:18.852958
Start name method: Регистрация пользователя

End time: 2026-01-22 11:59:19.602351
End name method: Пользователь залогинен

-----

-----
Test: tests/test_registration.py::test_register1[webkit] (call)
Start time: 2026-01-22 11:59:21.342031
Start name method: register

End time: 2026-01-22 11:59:24.501503
End name method: Пользователь зарегистрирован

-----
End time: 2026-01-22 11:59:25.235907
End name method: avtorizacia

-----

-----
Test: tests/test_registration.py::test_register1[firefox] (call)
Start time: 2026-01-22 11:59:28.778265
Start name method: register

End time: 2026-01-22 11:59:32.044370
End name method: Пользователь зарегистрирован

-----
