
-----
Test: tests/test_list_bar_dasboards.py::test_list_menu[chromium] (call)
Start time: 2025-11-30 10:17:48.619371
Start name method: Dasboards

End time: 2025-11-30 10:17:56.550067
End name method: Dasboards

-----

-----
Test: tests/test_list_bar_dasboards.py::test_list_menu[chromium] (call)
Start time: 2025-11-30 10:17:56.551081
Start name method: Courses

End time: 2025-11-30 10:18:02.061039
End name method: Courses

-----

-----
Test: tests/test_list_bar_dasboards.py::test_list_menu[firefox] (call)
Start time: 2025-11-30 10:18:07.644485
Start name method: Dasboards

End time: 2025-11-30 10:18:24.343568
End name method: Dasboards

-----

-----
Test: tests/test_list_bar_dasboards.py::test_list_menu[firefox] (call)
Start time: 2025-11-30 10:18:24.344584
Start name method: Courses

End time: 2025-11-30 10:18:30.459857
End name method: Courses

-----
