
-----
Test: tests/test_list_bar_dasboards.py::test_list_menu[chromium] (call)
Start time: 2025-12-24 13:13:02.720460
Start name method: Dasboards

End time: 2025-12-24 13:13:09.714855
End name method: Dasboards

-----

-----
Test: tests/test_list_bar_dasboards.py::test_list_menu[chromium] (call)
Start time: 2025-12-24 13:13:09.715863
Start name method: Courses

End time: 2025-12-24 13:13:15.239354
End name method: Courses

-----

-----
Test: tests/test_list_bar_dasboards.py::test_list_menu[chromium] (call)
Start time: 2025-12-24 13:13:15.240375
Start name method: Logout

End time: 2025-12-24 13:13:20.454645
End name method: Logout

-----

-----
Test: tests/test_list_bar_dasboards.py::test_list_menu[firefox] (call)
Start time: 2025-12-24 13:13:26.905074
Start name method: Dasboards

End time: 2025-12-24 13:13:34.876416
End name method: Dasboards

-----

-----
Test: tests/test_list_bar_dasboards.py::test_list_menu[firefox] (call)
Start time: 2025-12-24 13:13:34.877598
Start name method: Courses

End time: 2025-12-24 13:13:40.221536
End name method: Courses

-----

-----
Test: tests/test_list_bar_dasboards.py::test_list_menu[firefox] (call)
Start time: 2025-12-24 13:13:40.222596
Start name method: Logout

End time: 2025-12-24 13:13:45.589425
End name method: Logout

-----
