
-----
Test: tests/test_login.py::test_login[chromium] (call)
Start time: 2025-12-22 21:51:59.481774
Start name method: Регистрация пользователя

End time: 2025-12-22 21:52:11.090354
End name method: login

-----

-----
Test: tests/test_login.py::test_login[chromium] (call)
Start time: 2025-12-22 21:52:11.091474
Start name method: Регистрация пользователя

End time: 2025-12-22 21:52:16.286483
End name method: avtorizacia

-----

-----
Test: tests/test_login.py::test_login[firefox] (call)
Start time: 2025-12-22 21:52:21.237046
Start name method: Регистрация пользователя

End time: 2025-12-22 21:52:31.857420
End name method: login

-----

-----
Test: tests/test_login.py::test_login[firefox] (call)
Start time: 2025-12-22 21:52:31.858211
Start name method: Регистрация пользователя

End time: 2025-12-22 21:52:37.262965
End name method: avtorizacia

-----

-----
Test: tests/test_login2.py::test_hover (call)
Start time: 2025-12-22 21:52:40.143256
Start name method: Проверка, что кнопка неактивна

End time: 2025-12-22 21:52:48.774882
End name method: Кнопка не активна, заголовок изменен

-----
