
-----
Test: tests/test_autofication/test_avtorization.py::test_autorizacia[webkit-login_password2] (call)
Start time: 2026-01-22 12:10:00.450013
Start name method: Регистрация пользователя


-----
Test: tests/test_autofication/test_avtorization.py::test_autorizacia[firefox-login_password3] (call)
Start time: 2026-01-22 12:10:03.947408
Start name method: Регистрация пользователя

End time: 2026-01-22 12:10:09.723510
End name method: avtorizacia

-----

-----
Test: tests/test_autofication/test_avtorization.py::test_autorizacia[webkit-login_password3] (call)
Start time: 2026-01-22 12:10:11.664950
Start name method: Регистрация пользователя

End time: 2026-01-22 12:10:12.475845
End name method: avtorizacia

-----

-----
Test: tests/test_autofication/test_avtorization.py::test_autorizacia[webkit-login_password0] (call)
Start time: 2026-01-22 12:10:15.658266
Start name method: Регистрация пользователя


-----
Test: tests/test_autofication/test_avtorization.py::test_autorizacia[firefox-login_password0] (call)
Start time: 2026-01-22 12:10:16.600233
Start name method: Регистрация пользователя

End time: 2026-01-22 12:10:20.006380
End name method: avtorizacia

-----

-----
Test: tests/test_autofication/test_avtorization.py::test_autorizacia[chromium-login_password0] (call)
Start time: 2026-01-22 12:10:21.657966
Start name method: Регистрация пользователя

End time: 2026-01-22 12:10:23.927419
End name method: avtorizacia

-----
End time: 2026-01-22 12:10:24.176313
End name method: avtorizacia

-----

-----
Test: tests/test_autofication/test_avtorization.py::test_autorizacia[webkit-login_password1] (call)
Start time: 2026-01-22 12:10:25.514625
Start name method: Регистрация пользователя

End time: 2026-01-22 12:10:28.586746
End name method: avtorizacia

-----

-----
Test: tests/test_autofication/test_avtorization.py::test_autorizacia[firefox-login_password1] (call)
Start time: 2026-01-22 12:10:29.247929
Start name method: Регистрация пользователя


-----
Test: tests/test_autofication/test_avtorization.py::test_autorizacia[chromium-login_password1] (call)
Start time: 2026-01-22 12:10:30.946022
Start name method: Регистрация пользователя

End time: 2026-01-22 12:10:32.667022
End name method: avtorizacia

-----

-----
Test: tests/test_course.py::test_cousesed[chromium] (call)
Start time: 2026-01-22 12:10:34.626616
Start name method: course

End time: 2026-01-22 12:10:37.414069
End name method: avtorizacia

-----
End time: 2026-01-22 12:10:37.914037
End name method: avtorizacia

-----

-----
Test: tests/test_autofication/test_avtorization.py::test_autorizacia[chromium-login_password2] (call)
Start time: 2026-01-22 12:10:40.287068
Start name method: Регистрация пользователя

End time: 2026-01-22 12:10:43.113754
End name method: Coursed

-----

-----
Test: tests/test_autofication/test_avtorization.py::test_autorizacia[firefox-login_password2] (call)
Start time: 2026-01-22 12:10:43.981025
Start name method: Регистрация пользователя

End time: 2026-01-22 12:10:48.263783
End name method: avtorizacia

-----

-----
Test: tests/test_create_course.py::test_created_course[firefox] (call)
Start time: 2026-01-22 12:10:48.757645
Start name method: Created course


-----
Test: tests/test_autofication/test_avtorization.py::test_autorizacia[chromium-login_password3] (call)
Start time: 2026-01-22 12:10:50.950238
Start name method: Регистрация пользователя

End time: 2026-01-22 12:10:52.412847
End name method: Created coursed

-----
End time: 2026-01-22 12:10:53.329367
End name method: avtorizacia

-----

-----
Test: tests/test_create_course.py::test_created_course[webkit] (call)
Start time: 2026-01-22 12:10:55.423902
Start name method: Created course

End time: 2026-01-22 12:10:57.522772
End name method: avtorizacia

-----

-----
Test: tests/test_dasbord_grafic.py::test_dashboard[firefox] (call)
Start time: 2026-01-22 12:10:59.394383
Start name method: Страница с дашбордом


-----
Test: tests/test_course.py::test_cousesed[firefox] (call)
Start time: 2026-01-22 12:11:03.353430
Start name method: course

End time: 2026-01-22 12:11:05.173038
End name method: Coursed

-----

-----
Test: tests/test_course.py::test_cousesed[webkit] (call)
Start time: 2026-01-22 12:11:07.822173
Start name method: course

End time: 2026-01-22 12:11:10.327968
End name method: Coursed

-----

-----
Test: tests/test_dasbord_grafic.py::test_dashboard[webkit] (call)
Start time: 2026-01-22 12:11:10.817315
Start name method: Страница с дашбордом


-----
Test: tests/test_desabled.py::test_desabled (call)
Start time: 2026-01-22 12:11:11.868182
Start name method: Проверка, что кнопка неактивна


-----
Test: tests/test_dasbord_grafic.py::test_dashboard[chromium] (call)
Start time: 2026-01-22 12:11:18.674052
Start name method: Страница с дашбордом

End time: 2026-01-22 12:11:18.734246
End name method: Кнопка не активна, заголовок изменен

-----

-----
Test: tests/test_hover.py::test_hover (call)
Start time: 2026-01-22 12:11:20.341265
Start name method: Наведение мышки на кнопку Регистрация

End time: 2026-01-22 12:11:30.899945
End name method: hover

-----

-----
Test: tests/test_list_bar_dasboards.py::test_list_menu[webkit] (call)
Start time: 2026-01-22 12:11:31.022578
Start name method: Dasboards


-----
Test: tests/test_create_course.py::test_created_course[chromium] (call)
Start time: 2026-01-22 12:11:31.930789
Start name method: Created course


-----
Test: tests/test_list_bar_dasboards.py::test_list_menu[firefox] (call)
Start time: 2026-01-22 12:11:36.527656
Start name method: Dasboards

End time: 2026-01-22 12:11:40.334814
End name method: Dasboards

-----

-----
Test: tests/test_list_bar_dasboards.py::test_list_menu[webkit] (call)
Start time: 2026-01-22 12:11:40.335848
Start name method: Courses

End time: 2026-01-22 12:11:45.469895
End name method: Dasboards

-----

-----
Test: tests/test_list_bar_dasboards.py::test_list_menu[firefox] (call)
Start time: 2026-01-22 12:11:45.470697
Start name method: Courses

End time: 2026-01-22 12:11:45.906693
End name method: Courses

-----

-----
Test: tests/test_list_bar_dasboards.py::test_list_menu[webkit] (call)
Start time: 2026-01-22 12:11:45.907593
Start name method: Logout

End time: 2026-01-22 12:11:51.216255
End name method: Courses

-----

-----
Test: tests/test_list_bar_dasboards.py::test_list_menu[firefox] (call)
Start time: 2026-01-22 12:11:51.217011
Start name method: Logout

End time: 2026-01-22 12:11:53.829882
End name method: Logout

-----

-----
Test: tests/test_list_bar_dasboards.py::test_list_menu[chromium] (call)
Start time: 2026-01-22 12:11:56.288782
Start name method: Dasboards

End time: 2026-01-22 12:11:56.775454
End name method: Logout

-----

-----
Test: tests/test_login.py::test_login[chromium] (call)
Start time: 2026-01-22 12:11:59.587611
Start name method: Регистрация пользователя

End time: 2026-01-22 12:12:03.749520
End name method: Dasboards

-----

-----
Test: tests/test_list_bar_dasboards.py::test_list_menu[chromium] (call)
Start time: 2026-01-22 12:12:03.750210
Start name method: Courses

End time: 2026-01-22 12:12:09.085548
End name method: Courses

-----

-----
Test: tests/test_list_bar_dasboards.py::test_list_menu[chromium] (call)
Start time: 2026-01-22 12:12:09.086349
Start name method: Logout

End time: 2026-01-22 12:12:14.439843
End name method: login

-----

-----
Test: tests/test_login.py::test_login[chromium] (call)
Start time: 2026-01-22 12:12:14.440957
Start name method: Регистрация пользователя

End time: 2026-01-22 12:12:14.629847
End name method: Logout

-----

-----
Test: tests/test_login.py::test_login[firefox] (call)
Start time: 2026-01-22 12:12:15.211984
Start name method: Регистрация пользователя


-----
Test: tests/test_login2.py::test_hover (call)
Start time: 2026-01-22 12:12:17.188987
Start name method: Проверка, что кнопка неактивна

End time: 2026-01-22 12:12:19.808594
End name method: avtorizacia

-----

-----
Test: tests/test_reg_hw.py::test_reg_hw (call)
Start time: 2026-01-22 12:12:22.139390
Start name method: register

End time: 2026-01-22 12:12:24.565156
End name method: login

-----

-----
Test: tests/test_login.py::test_login[firefox] (call)
Start time: 2026-01-22 12:12:24.566056
Start name method: Регистрация пользователя

End time: 2026-01-22 12:12:25.313537
End name method: Кнопка не активна, заголовок изменен

-----
End time: 2026-01-22 12:12:29.907079
End name method: Пользователь зарегистрирован

-----
End time: 2026-01-22 12:12:30.170807
End name method: avtorizacia

-----

-----
Test: tests/test_registration.py::test_register1[firefox] (call)
Start time: 2026-01-22 12:12:30.591167
Start name method: register


-----
Test: tests/test_reg_hw_res.py::test_register (call)
Start time: 2026-01-22 12:12:32.661823
Start name method: register


-----
Test: tests/test_login.py::test_login[webkit] (call)
Start time: 2026-01-22 12:12:33.722303
Start name method: Регистрация пользователя

End time: 2026-01-22 12:12:34.029228
End name method: Пользователь зарегистрирован

-----

-----
Test: tests/test_registration.py::test_register1[webkit] (call)
Start time: 2026-01-22 12:12:37.144754
Start name method: register

End time: 2026-01-22 12:12:39.139451
End name method: Пользователь зарегистрирован

-----

-----
Test: tests/test_res_register.py::test_register (call)
Start time: 2026-01-22 12:12:40.997956
Start name method: register

End time: 2026-01-22 12:12:43.211231
End name method: login

-----

-----
Test: tests/test_login.py::test_login[webkit] (call)
Start time: 2026-01-22 12:12:43.212214
Start name method: Регистрация пользователя

End time: 2026-01-22 12:12:44.277002
End name method: Пользователь залогинен

-----

-----
Test: tests/test_registration.py::test_register1[chromium] (call)
Start time: 2026-01-22 12:12:46.331603
Start name method: register

End time: 2026-01-22 12:12:47.962652
End name method: Пользователь зарегистрирован

-----
End time: 2026-01-22 12:12:49.460076
End name method: avtorizacia

-----
End time: 2026-01-22 12:12:49.809421
End name method: Пользователь зарегистрирован

-----
