
-----
Test: tests/test_dasbord_grafic.py::test_dashboard[chromium] (call)
Start time: 2025-11-23 15:39:35.235829
Start name method: Страница с дашбордом

End time: 2025-11-23 15:39:43.610819
End name method: Dashboard

-----

-----
Test: tests/test_dasbord_grafic.py::test_dashboard[chromium] (call)
Start time: 2025-11-23 15:39:43.610819
Start name method: Страница с дашбордом

End time: 2025-11-23 15:39:48.695200
End name method: Dashboard

-----

-----
Test: tests/test_dasbord_grafic.py::test_dashboard[firefox] (call)
Start time: 2025-11-23 15:39:54.288871
Start name method: Страница с дашбордом

End time: 2025-11-23 15:40:01.464679
End name method: Dashboard

-----

-----
Test: tests/test_dasbord_grafic.py::test_dashboard[firefox] (call)
Start time: 2025-11-23 15:40:01.464679
Start name method: Страница с дашбордом

End time: 2025-11-23 15:40:06.570337
End name method: Dashboard

-----
