
-----
Test: tests/test_autofication/test_avtorization.py::test_autorizacia[login_password0] (call)
Start time: 2025-12-16 21:39:16.705862
Start name method: Регистрация пользователя

End time: 2025-12-16 21:39:23.981453
End name method: avtorizacia

-----

-----
Test: tests/test_autofication/test_avtorization.py::test_autorizacia[login_password1] (call)
Start time: 2025-12-16 21:39:25.936713
Start name method: Регистрация пользователя

End time: 2025-12-16 21:39:32.708128
End name method: avtorizacia

-----

-----
Test: tests/test_autofication/test_avtorization.py::test_autorizacia[login_password2] (call)
Start time: 2025-12-16 21:39:34.764476
Start name method: Регистрация пользователя

End time: 2025-12-16 21:39:42.415591
End name method: avtorizacia

-----

-----
Test: tests/test_autofication/test_avtorization.py::test_autorizacia[login_password3] (call)
Start time: 2025-12-16 21:39:44.336764
Start name method: Регистрация пользователя

End time: 2025-12-16 21:39:53.586448
End name method: avtorizacia

-----
