
-----
Test: tests/test_autofication/test_avtorization.py::test_autorizacia[webkit-login_password2] (call)
Start time: 2026-02-10 15:28:10.230450
Start name method: Регистрация пользователя


-----
Test: tests/test_autofication/test_avtorization.py::test_autorizacia[firefox-login_password0] (call)
Start time: 2026-02-10 15:28:11.656820
Start name method: Регистрация пользователя


-----
Test: tests/test_autofication/test_avtorization.py::test_autorizacia[firefox-login_password3] (call)
Start time: 2026-02-10 15:28:12.473823
Start name method: Регистрация пользователя

End time: 2026-02-10 15:28:17.781083
End name method: avtorizacia

-----

-----
Test: tests/test_autofication/test_avtorization.py::test_autorizacia[webkit-login_password3] (call)
Start time: 2026-02-10 15:28:18.863876
Start name method: Регистрация пользователя

End time: 2026-02-10 15:28:19.039275
End name method: avtorizacia

-----
End time: 2026-02-10 15:28:20.891491
End name method: avtorizacia

-----

-----
Test: tests/test_autofication/test_avtorization.py::test_autorizacia[firefox-login_password1] (call)
Start time: 2026-02-10 15:28:22.769540
Start name method: Регистрация пользователя


-----
Test: tests/test_autofication/test_avtorization.py::test_autorizacia[webkit-login_password0] (call)
Start time: 2026-02-10 15:28:23.521302
Start name method: Регистрация пользователя

End time: 2026-02-10 15:28:27.714183
End name method: avtorizacia

-----

-----
Test: tests/test_autofication/test_avtorization.py::test_autorizacia[chromium-login_password0] (call)
Start time: 2026-02-10 15:28:28.652922
Start name method: Регистрация пользователя

End time: 2026-02-10 15:28:30.330965
End name method: avtorizacia

-----
End time: 2026-02-10 15:28:30.644348
End name method: avtorizacia

-----

-----
Test: tests/test_autofication/test_avtorization.py::test_autorizacia[webkit-login_password1] (call)
Start time: 2026-02-10 15:28:31.801061
Start name method: Регистрация пользователя


-----
Test: tests/test_autofication/test_avtorization.py::test_autorizacia[firefox-login_password2] (call)
Start time: 2026-02-10 15:28:33.732872
Start name method: Регистрация пользователя

End time: 2026-02-10 15:28:34.746156
End name method: avtorizacia

-----

-----
Test: tests/test_autofication/test_avtorization.py::test_autorizacia[chromium-login_password1] (call)
Start time: 2026-02-10 15:28:36.139612
Start name method: Регистрация пользователя

End time: 2026-02-10 15:28:38.481221
End name method: avtorizacia

-----

-----
Test: tests/test_course.py::test_cousesed[chromium] (call)
Start time: 2026-02-10 15:28:39.557835
Start name method: course

End time: 2026-02-10 15:28:40.977635
End name method: avtorizacia

-----
End time: 2026-02-10 15:28:41.036738
End name method: Coursed

-----
End time: 2026-02-10 15:28:42.357665
End name method: avtorizacia

-----

-----
Test: tests/test_autofication/test_avtorization.py::test_autorizacia[chromium-login_password2] (call)
Start time: 2026-02-10 15:28:43.708593
Start name method: Регистрация пользователя


-----
Test: tests/test_create_course.py::test_created_course[firefox] (call)
Start time: 2026-02-10 15:28:44.987024
Start name method: Created course


-----
Test: tests/test_dasbord_grafic.py::test_dashboard[firefox] (call)
Start time: 2026-02-10 15:28:46.226097
Start name method: Страница с дашбордом

End time: 2026-02-10 15:28:48.290399
End name method: Created coursed

-----
End time: 2026-02-10 15:28:50.238202
End name method: avtorizacia

-----

-----
Test: tests/test_create_course.py::test_created_course[webkit] (call)
Start time: 2026-02-10 15:28:50.756875
Start name method: Created course


-----
Test: tests/test_autofication/test_avtorization.py::test_autorizacia[chromium-login_password3] (call)
Start time: 2026-02-10 15:28:51.449255
Start name method: Регистрация пользователя

End time: 2026-02-10 15:28:53.161646
End name method: Dashboard

-----
End time: 2026-02-10 15:28:54.353016
End name method: Created coursed

-----

-----
Test: tests/test_create_course.py::test_created_course[chromium] (call)
Start time: 2026-02-10 15:28:55.594612
Start name method: Created course


-----
Test: tests/test_dasbord_grafic.py::test_dashboard[webkit] (call)
Start time: 2026-02-10 15:28:55.657380
Start name method: Страница с дашбордом

End time: 2026-02-10 15:28:57.762850
End name method: avtorizacia

-----
End time: 2026-02-10 15:28:57.784846
End name method: Created coursed

-----

-----
Test: tests/test_desabled.py::test_desabled (call)
Start time: 2026-02-10 15:28:59.081170
Start name method: Проверка, что кнопка неактивна


-----
Test: tests/test_course.py::test_cousesed[firefox] (call)
Start time: 2026-02-10 15:29:01.397368
Start name method: course

End time: 2026-02-10 15:29:01.936331
End name method: Dashboard

-----
End time: 2026-02-10 15:29:03.004325
End name method: Coursed

-----

-----
Test: tests/test_dasbord_grafic.py::test_dashboard[chromium] (call)
Start time: 2026-02-10 15:29:03.397332
Start name method: Страница с дашбордом


-----
Test: tests/test_course.py::test_cousesed[webkit] (call)
Start time: 2026-02-10 15:29:05.432223
Start name method: course

End time: 2026-02-10 15:29:05.840635
End name method: Кнопка не активна, заголовок изменен

-----
End time: 2026-02-10 15:29:06.927441
End name method: Coursed

-----

-----
Test: tests/test_hover.py::test_hover (call)
Start time: 2026-02-10 15:29:06.957584
Start name method: Наведение мышки на кнопку Регистрация


-----
Test: tests/test_login.py::test_login[firefox] (call)
Start time: 2026-02-10 15:29:09.358983
Start name method: Регистрация пользователя

End time: 2026-02-10 15:29:09.451872
End name method: Dashboard

-----

-----
Test: tests/test_list_bar_dasboards.py::test_list_menu[webkit] (call)
Start time: 2026-02-10 15:29:11.357880
Start name method: Dasboards

End time: 2026-02-10 15:29:13.019130
End name method: hover

-----

-----
Test: tests/test_list_bar_dasboards.py::test_list_menu[firefox] (call)
Start time: 2026-02-10 15:29:16.168213
Start name method: Dasboards

End time: 2026-02-10 15:29:17.126824
End name method: login

-----

-----
Test: tests/test_login.py::test_login[firefox] (call)
Start time: 2026-02-10 15:29:17.127581
Start name method: Регистрация пользователя

End time: 2026-02-10 15:29:19.744438
End name method: Dasboards

-----

-----
Test: tests/test_list_bar_dasboards.py::test_list_menu[webkit] (call)
Start time: 2026-02-10 15:29:19.745312
Start name method: Courses

End time: 2026-02-10 15:29:22.536798
End name method: avtorizacia

-----
End time: 2026-02-10 15:29:23.559631
End name method: Dasboards

-----

-----
Test: tests/test_list_bar_dasboards.py::test_list_menu[firefox] (call)
Start time: 2026-02-10 15:29:23.561596
Start name method: Courses

End time: 2026-02-10 15:29:25.296647
End name method: Courses

-----

-----
Test: tests/test_list_bar_dasboards.py::test_list_menu[webkit] (call)
Start time: 2026-02-10 15:29:25.297367
Start name method: Logout


-----
Test: tests/test_login.py::test_login[webkit] (call)
Start time: 2026-02-10 15:29:25.793766
Start name method: Регистрация пользователя

End time: 2026-02-10 15:29:29.060238
End name method: Courses

-----

-----
Test: tests/test_list_bar_dasboards.py::test_list_menu[firefox] (call)
Start time: 2026-02-10 15:29:29.061617
Start name method: Logout

End time: 2026-02-10 15:29:32.991768
End name method: Logout

-----

-----
Test: tests/test_list_bar_dasboards.py::test_list_menu[chromium] (call)
Start time: 2026-02-10 15:29:34.307548
Start name method: Dasboards

End time: 2026-02-10 15:29:34.870115
End name method: Logout

-----

-----
Test: tests/test_login.py::test_login[chromium] (call)
Start time: 2026-02-10 15:29:37.405635
Start name method: Регистрация пользователя

End time: 2026-02-10 15:29:37.770623
End name method: login

-----

-----
Test: tests/test_login.py::test_login[webkit] (call)
Start time: 2026-02-10 15:29:37.771453
Start name method: Регистрация пользователя

End time: 2026-02-10 15:29:42.037174
End name method: Dasboards

-----

-----
Test: tests/test_list_bar_dasboards.py::test_list_menu[chromium] (call)
Start time: 2026-02-10 15:29:42.037757
Start name method: Courses

End time: 2026-02-10 15:29:43.958669
End name method: avtorizacia

-----
End time: 2026-02-10 15:29:44.186834
End name method: login

-----

-----
Test: tests/test_login.py::test_login[chromium] (call)
Start time: 2026-02-10 15:29:44.187429
Start name method: Регистрация пользователя


-----
Test: tests/test_login2.py::test_hover (call)
Start time: 2026-02-10 15:29:46.079491
Start name method: Проверка, что кнопка неактивна

End time: 2026-02-10 15:29:47.349116
End name method: Courses

-----

-----
Test: tests/test_list_bar_dasboards.py::test_list_menu[chromium] (call)
Start time: 2026-02-10 15:29:47.349946
Start name method: Logout

End time: 2026-02-10 15:29:49.451981
End name method: avtorizacia

-----

-----
Test: tests/test_reg_hw.py::test_reg_hw (call)
Start time: 2026-02-10 15:29:51.085286
Start name method: register

End time: 2026-02-10 15:29:52.719968
End name method: Logout

-----
End time: 2026-02-10 15:29:53.606419
End name method: Кнопка не активна, заголовок изменен

-----

-----
Test: tests/test_registration.py::test_register1[chromium] (call)
Start time: 2026-02-10 15:29:55.137501
Start name method: register


-----
Test: tests/test_registration.py::test_register1[firefox] (call)
Start time: 2026-02-10 15:29:56.605719
Start name method: register

End time: 2026-02-10 15:29:57.238874
End name method: Пользователь зарегистрирован

-----

-----
Test: tests/test_res_register.py::test_register (call)
Start time: 2026-02-10 15:29:58.800735
Start name method: register

End time: 2026-02-10 15:29:58.950924
End name method: Пользователь зарегистрирован

-----
End time: 2026-02-10 15:29:59.307318
End name method: Пользователь зарегистрирован

-----

-----
Test: tests/test_reg_hw_res.py::test_register (call)
Start time: 2026-02-10 15:30:00.237370
Start name method: register


-----
Test: tests/test_registration.py::test_register1[webkit] (call)
Start time: 2026-02-10 15:30:01.524034
Start name method: register

End time: 2026-02-10 15:30:07.351097
End name method: Пользователь зарегистрирован

-----
End time: 2026-02-10 15:30:08.700160
End name method: Пользователь зарегистрирован

-----
End time: 2026-02-10 15:30:08.732144
End name method: Пользователь залогинен

-----
