
-----
Test: tests/test_autofication/test_avtorization.py::test_autorizacia[webkit-login_password2] (call)
Start time: 2026-01-22 22:27:52.279370
Start name method: Регистрация пользователя


-----
Test: tests/test_autofication/test_avtorization.py::test_autorizacia[firefox-login_password3] (call)
Start time: 2026-01-22 22:27:55.973813
Start name method: Регистрация пользователя

End time: 2026-01-22 22:28:03.557967
End name method: avtorizacia

-----
End time: 2026-01-22 22:28:04.498573
End name method: avtorizacia

-----

-----
Test: tests/test_autofication/test_avtorization.py::test_autorizacia[webkit-login_password3] (call)
Start time: 2026-01-22 22:28:05.786566
Start name method: Регистрация пользователя


-----
Test: tests/test_autofication/test_avtorization.py::test_autorizacia[webkit-login_password0] (call)
Start time: 2026-01-22 22:28:09.642583
Start name method: Регистрация пользователя

End time: 2026-01-22 22:28:14.138882
End name method: avtorizacia

-----

-----
Test: tests/test_autofication/test_avtorization.py::test_autorizacia[chromium-login_password0] (call)
Start time: 2026-01-22 22:28:16.125823
Start name method: Регистрация пользователя

End time: 2026-01-22 22:28:16.612215
End name method: avtorizacia

-----

-----
Test: tests/test_autofication/test_avtorization.py::test_autorizacia[webkit-login_password1] (call)
Start time: 2026-01-22 22:28:18.465978
Start name method: Регистрация пользователя

End time: 2026-01-22 22:28:22.758396
End name method: avtorizacia

-----

-----
Test: tests/test_autofication/test_avtorization.py::test_autorizacia[chromium-login_password1] (call)
Start time: 2026-01-22 22:28:25.385418
Start name method: Регистрация пользователя

End time: 2026-01-22 22:28:25.390526
End name method: avtorizacia

-----

-----
Test: tests/test_course.py::test_cousesed[chromium] (call)
Start time: 2026-01-22 22:28:27.458172
Start name method: course

End time: 2026-01-22 22:28:28.931633
End name method: Coursed

-----
End time: 2026-01-22 22:28:32.918239
End name method: avtorizacia

-----

-----
Test: tests/test_create_course.py::test_created_course[firefox] (call)
Start time: 2026-01-22 22:28:34.721739
Start name method: Created course


-----
Test: tests/test_autofication/test_avtorization.py::test_autorizacia[chromium-login_password2] (call)
Start time: 2026-01-22 22:28:35.284013
Start name method: Регистрация пользователя

End time: 2026-01-22 22:28:39.577239
End name method: Created coursed

-----

-----
Test: tests/test_create_course.py::test_created_course[webkit] (call)
Start time: 2026-01-22 22:28:42.903568
Start name method: Created course

End time: 2026-01-22 22:28:46.109753
End name method: avtorizacia

-----

-----
Test: tests/test_autofication/test_avtorization.py::test_autorizacia[chromium-login_password3] (call)
Start time: 2026-01-22 22:28:48.265864
Start name method: Регистрация пользователя

End time: 2026-01-22 22:28:48.702819
End name method: Created coursed

-----

-----
Test: tests/test_create_course.py::test_created_course[chromium] (call)
Start time: 2026-01-22 22:28:50.815739
Start name method: Created course

End time: 2026-01-22 22:28:53.687827
End name method: Created coursed

-----

-----
Test: tests/test_desabled.py::test_desabled (call)
Start time: 2026-01-22 22:28:55.509883
Start name method: Проверка, что кнопка неактивна

End time: 2026-01-22 22:28:55.994396
End name method: avtorizacia

-----

-----
Test: tests/test_course.py::test_cousesed[firefox] (call)
Start time: 2026-01-22 22:29:01.150122
Start name method: course

End time: 2026-01-22 22:29:02.792528
End name method: Кнопка не активна, заголовок изменен

-----
End time: 2026-01-22 22:29:04.160954
End name method: Coursed

-----

-----
Test: tests/test_hover.py::test_hover (call)
Start time: 2026-01-22 22:29:05.212604
Start name method: Наведение мышки на кнопку Регистрация


-----
Test: tests/test_course.py::test_cousesed[webkit] (call)
Start time: 2026-01-22 22:29:07.391217
Start name method: course

End time: 2026-01-22 22:29:08.836868
End name method: Coursed

-----
End time: 2026-01-22 22:29:11.809993
End name method: hover

-----

-----
Test: tests/test_login.py::test_login[firefox] (call)
Start time: 2026-01-22 22:29:13.414720
Start name method: Регистрация пользователя


-----
Test: tests/test_list_bar_dasboards.py::test_list_menu[firefox] (call)
Start time: 2026-01-22 22:29:17.508120
Start name method: Dasboards

End time: 2026-01-22 22:29:25.055676
End name method: Dasboards

-----

-----
Test: tests/test_list_bar_dasboards.py::test_list_menu[firefox] (call)
Start time: 2026-01-22 22:29:25.056594
Start name method: Courses

End time: 2026-01-22 22:29:28.532441
End name method: login

-----

-----
Test: tests/test_login.py::test_login[firefox] (call)
Start time: 2026-01-22 22:29:28.533366
Start name method: Регистрация пользователя

End time: 2026-01-22 22:29:30.519289
End name method: Courses

-----

-----
Test: tests/test_list_bar_dasboards.py::test_list_menu[firefox] (call)
Start time: 2026-01-22 22:29:30.520440
Start name method: Logout

End time: 2026-01-22 22:29:36.137615
End name method: Logout

-----

-----
Test: tests/test_login.py::test_login[chromium] (call)
Start time: 2026-01-22 22:29:38.836882
Start name method: Регистрация пользователя

End time: 2026-01-22 22:29:44.047990
End name method: avtorizacia

-----

-----
Test: tests/test_login.py::test_login[webkit] (call)
Start time: 2026-01-22 22:29:46.657177
Start name method: Регистрация пользователя

End time: 2026-01-22 22:29:47.844165
End name method: login

-----

-----
Test: tests/test_login.py::test_login[chromium] (call)
Start time: 2026-01-22 22:29:47.845134
Start name method: Регистрация пользователя

End time: 2026-01-22 22:29:53.212672
End name method: avtorizacia

-----

-----
Test: tests/test_login2.py::test_hover (call)
Start time: 2026-01-22 22:29:55.331326
Start name method: Проверка, что кнопка неактивна

End time: 2026-01-22 22:29:58.260372
End name method: login

-----

-----
Test: tests/test_login.py::test_login[webkit] (call)
Start time: 2026-01-22 22:29:58.261405
Start name method: Регистрация пользователя

End time: 2026-01-22 22:30:03.821925
End name method: Кнопка не активна, заголовок изменен

-----
End time: 2026-01-22 22:30:04.800795
End name method: avtorizacia

-----

-----
Test: tests/test_registration.py::test_register1[chromium] (call)
Start time: 2026-01-22 22:30:06.603635
Start name method: register


-----
Test: tests/test_registration.py::test_register1[firefox] (call)
Start time: 2026-01-22 22:30:08.017584
Start name method: register

End time: 2026-01-22 22:30:09.585374
End name method: Пользователь зарегистрирован

-----
End time: 2026-01-22 22:30:11.402285
End name method: Пользователь зарегистрирован

-----

-----
Test: tests/test_res_register.py::test_register (call)
Start time: 2026-01-22 22:30:11.960087
Start name method: register


-----
Test: tests/test_registration.py::test_register1[webkit] (call)
Start time: 2026-01-22 22:30:14.945957
Start name method: register

End time: 2026-01-22 22:30:17.191516
End name method: Пользователь зарегистрирован

-----
End time: 2026-01-22 22:30:19.808685
End name method: Пользователь зарегистрирован

-----
