
-----
Test: tests/test_list_bar_dasboards.py::test_list_menu[chromium] (call)
Start time: 2025-11-29 21:54:31.453259
Start name method: Dasboards

End time: 2025-11-29 21:54:40.252264
End name method: Dasboards

-----

-----
Test: tests/test_list_bar_dasboards.py::test_list_menu[chromium] (call)
Start time: 2025-11-29 21:54:40.252264
Start name method: Courses

End time: 2025-11-29 21:54:45.749811
End name method: Courses

-----

-----
Test: tests/test_list_bar_dasboards.py::test_list_menu[chromium] (call)
Start time: 2025-11-29 21:54:45.750604
Start name method: Logout

End time: 2025-11-29 21:54:51.236880
End name method: Logout

-----

-----
Test: tests/test_list_bar_dasboards.py::test_list_menu[firefox] (call)
Start time: 2025-11-29 21:54:56.705920
Start name method: Dasboards

End time: 2025-11-29 21:55:04.487012
End name method: Dasboards

-----

-----
Test: tests/test_list_bar_dasboards.py::test_list_menu[firefox] (call)
Start time: 2025-11-29 21:55:04.487983
Start name method: Courses

End time: 2025-11-29 21:55:10.063117
End name method: Courses

-----

-----
Test: tests/test_list_bar_dasboards.py::test_list_menu[firefox] (call)
Start time: 2025-11-29 21:55:10.063763
Start name method: Logout

End time: 2025-11-29 21:55:15.721607
End name method: Logout

-----
