
-----
Test: tests/test_hover.py::test_hover (call)
Start time: 2026-01-08 22:27:45.457251
Start name method: Наведение мышки на кнопку Регистрация


-----
Test: tests/test_dasbord_grafic.py::test_dashboard[chromium] (call)
Start time: 2026-01-08 22:27:46.044515
Start name method: Страница с дашбордом


-----
Test: tests/test_create_course.py::test_created_course[webkit] (call)
Start time: 2026-01-08 22:27:46.813987
Start name method: Created course

End time: 2026-01-08 22:27:56.471315
End name method: hover

-----

-----
Test: tests/test_dasbord_grafic.py::test_dashboard[firefox] (call)
Start time: 2026-01-08 22:27:59.633401
Start name method: Страница с дашбордом

End time: 2026-01-08 22:28:02.029059
End name method: Created coursed

-----

-----
Test: tests/test_desabled.py::test_desabled (call)
Start time: 2026-01-08 22:28:03.878336
Start name method: Проверка, что кнопка неактивна


-----
Test: tests/test_create_course.py::test_created_course[chromium] (call)
Start time: 2026-01-08 22:28:08.969323
Start name method: Created course

End time: 2026-01-08 22:28:11.061312
End name method: Кнопка не активна, заголовок изменен

-----
End time: 2026-01-08 22:28:14.334233
End name method: Created coursed

-----

-----
Test: tests/test_list_bar_dasboards.py::test_list_menu[chromium] (call)
Start time: 2026-01-08 22:28:23.155661
Start name method: Dasboards


-----
Test: tests/test_dasbord_grafic.py::test_dashboard[webkit] (call)
Start time: 2026-01-08 22:28:23.736074
Start name method: Страница с дашбордом


-----
Test: tests/test_list_bar_dasboards.py::test_list_menu[firefox] (call)
Start time: 2026-01-08 22:28:31.045896
Start name method: Dasboards

End time: 2026-01-08 22:28:31.237223
End name method: Dasboards

-----

-----
Test: tests/test_list_bar_dasboards.py::test_list_menu[chromium] (call)
Start time: 2026-01-08 22:28:31.238189
Start name method: Courses


-----
Test: tests/test_my_nalog_avtorizacia.py::test_reg_my_nalog[firefox-login_password0] (call)
Start time: 2026-01-08 22:28:32.504370
Start name method: Регистрация пользователя my nalog

End time: 2026-01-08 22:28:36.968140
End name method: Courses

-----

-----
Test: tests/test_list_bar_dasboards.py::test_list_menu[chromium] (call)
Start time: 2026-01-08 22:28:36.971029
Start name method: Logout

End time: 2026-01-08 22:28:42.843413
End name method: Logout

-----
End time: 2026-01-08 22:28:43.660020
End name method: Dasboards

-----

-----
Test: tests/test_list_bar_dasboards.py::test_list_menu[firefox] (call)
Start time: 2026-01-08 22:28:43.661174
Start name method: Courses


-----
Test: tests/test_my_nalog_avtorizacia.py::test_reg_my_nalog[webkit-login_password0] (call)
Start time: 2026-01-08 22:28:44.149705
Start name method: Регистрация пользователя my nalog

End time: 2026-01-08 22:28:49.718848
End name method: Courses

-----

-----
Test: tests/test_list_bar_dasboards.py::test_list_menu[firefox] (call)
Start time: 2026-01-08 22:28:49.719789
Start name method: Logout


-----
Test: tests/test_my_nalog_avtorizacia.py::test_reg_my_nalog[webkit-login_password1] (call)
Start time: 2026-01-08 22:28:49.964640
Start name method: Регистрация пользователя my nalog

End time: 2026-01-08 22:28:56.180712
End name method: Logout

-----

-----
Test: tests/test_login.py::test_login[firefox] (call)
Start time: 2026-01-08 22:29:04.867169
Start name method: Регистрация пользователя


-----
Test: tests/test_my_nalog_avtorizacia.py::test_reg_my_nalog[firefox-login_password3] (call)
Start time: 2026-01-08 22:29:06.118241
Start name method: Регистрация пользователя my nalog


-----
Test: tests/test_my_nalog_avtorizacia.py::test_reg_my_nalog[chromium-login_password3] (call)
Start time: 2026-01-08 22:29:10.661668
Start name method: Регистрация пользователя my nalog

End time: 2026-01-08 22:29:15.994732
End name method: login

-----

-----
Test: tests/test_login.py::test_login[firefox] (call)
Start time: 2026-01-08 22:29:15.995528
Start name method: Регистрация пользователя


-----
Test: tests/test_res_register.py::test_register (call)
Start time: 2026-01-08 22:29:17.251573
Start name method: register

End time: 2026-01-08 22:29:25.837698
End name method: Пользователь зарегистрирован

-----

-----
Test: tests/test_reg_hw.py::test_reg_hw (call)
Start time: 2026-01-08 22:29:34.831278
Start name method: register

End time: 2026-01-08 22:29:41.609662
End name method: Пользователь зарегистрирован

-----
